####################
# Ergebnis:         #
####################
Anzahl Importierter Kontakte:	73
Anzahl aktuallisierten Kontakte:	1
Anzahl Fehler:	0
####################
# Ergebnis:         #
####################
Anzahl Importierter Kontakte:	74
Anzahl aktuallisierten Kontakte:	0
Anzahl Fehler:	0
####################
# Ergebnis:         #
####################
Anzahl Importierter Kontakte:	3707
Anzahl aktuallisierten Kontakte:	23
Anzahl Fehler:	0
####################
# Ergebnis:         #
####################
Anzahl Importierter Kontakte:	5866
Anzahl aktuallisierten Kontakte:	3709
Anzahl Fehler:	81
Fehler 0 :	Zu diesem Kontakt existieren 2 potentielle Duplikate mit den Master IDs: 80845, 80844 Record: 88
Fehler 1 :	Zu diesem Kontakt existieren 2 potentielle Duplikate mit den Master IDs: 80845, 80844 Record: 89
Fehler 2 :	Zu diesem Kontakt existieren 2 potentielle Duplikate mit den Master IDs: 80876, 80878 Record: 120
Fehler 3 :	Zu diesem Kontakt existieren 2 potentielle Duplikate mit den Master IDs: 80876, 80878 Record: 122
Fehler 4 :	Zu diesem Kontakt existieren 2 potentielle Duplikate mit den Master IDs: 81117, 81118 Record: 361
Fehler 5 :	Zu diesem Kontakt existieren 2 potentielle Duplikate mit den Master IDs: 81117, 81118 Record: 362
Fehler 6 :	Zu diesem Kontakt existieren 2 potentielle Duplikate mit den Master IDs: 81215, 81214 Record: 459
Fehler 7 :	Zu diesem Kontakt existieren 2 potentielle Duplikate mit den Master IDs: 81215, 81214 Record: 460
Fehler 8 :	Zu diesem Kontakt existieren 2 potentielle Duplikate mit den Master IDs: 81217, 81218 Record: 462
Fehler 9 :	Zu diesem Kontakt existieren 2 potentielle Duplikate mit den Master IDs: 81217, 81218 Record: 463
Fehler 10 :	Zu diesem Kontakt existieren 3 potentielle Duplikate mit den Master IDs: 81237, 81238, 81240 Record: 482
Fehler 11 :	Zu diesem Kontakt existieren 3 potentielle Duplikate mit den Master IDs: 81237, 81238, 81240 Record: 483
Fehler 12 :	Zu diesem Kontakt existieren 3 potentielle Duplikate mit den Master IDs: 81237, 81238, 81240 Record: 485
Fehler 13 :	Zu diesem Kontakt existieren 2 potentielle Duplikate mit den Master IDs: 81361, 81362 Record: 606
Fehler 14 :	Zu diesem Kontakt existieren 2 potentielle Duplikate mit den Master IDs: 81361, 81362 Record: 607
Fehler 15 :	Zu diesem Kontakt existieren 2 potentielle Duplikate mit den Master IDs: 81781, 81782 Record: 1027
Fehler 16 :	Zu diesem Kontakt existieren 2 potentielle Duplikate mit den Master IDs: 81781, 81782 Record: 1028
Fehler 17 :	Zu diesem Kontakt existieren 2 potentielle Duplikate mit den Master IDs: 81801, 81800 Record: 1046
Fehler 18 :	Zu diesem Kontakt existieren 2 potentielle Duplikate mit den Master IDs: 81801, 81800 Record: 1047
Fehler 19 :	Zu diesem Kontakt existieren 2 potentielle Duplikate mit den Master IDs: 81869, 81868 Record: 1115
Fehler 20 :	Zu diesem Kontakt existieren 2 potentielle Duplikate mit den Master IDs: 81869, 81868 Record: 1116
Fehler 21 :	Zu diesem Kontakt existieren 2 potentielle Duplikate mit den Master IDs: 81905, 81906 Record: 1152
Fehler 22 :	Zu diesem Kontakt existieren 2 potentielle Duplikate mit den Master IDs: 81905, 81906 Record: 1153
Fehler 23 :	Zu diesem Kontakt existieren 3 potentielle Duplikate mit den Master IDs: 81909, 81911, 81910 Record: 1156
Fehler 24 :	Zu diesem Kontakt existieren 3 potentielle Duplikate mit den Master IDs: 81909, 81911, 81910 Record: 1157
Fehler 25 :	Zu diesem Kontakt existieren 3 potentielle Duplikate mit den Master IDs: 81909, 81911, 81910 Record: 1158
Fehler 26 :	Zu diesem Kontakt existieren 2 potentielle Duplikate mit den Master IDs: 81971, 81981 Record: 1218
Fehler 27 :	Zu diesem Kontakt existieren 2 potentielle Duplikate mit den Master IDs: 81971, 81981 Record: 1228
Fehler 28 :	Zu diesem Kontakt existieren 2 potentielle Duplikate mit den Master IDs: 82039, 82040 Record: 1286
Fehler 29 :	Zu diesem Kontakt existieren 2 potentielle Duplikate mit den Master IDs: 82039, 82040 Record: 1287
Fehler 30 :	Zu diesem Kontakt existieren 2 potentielle Duplikate mit den Master IDs: 82198, 82200 Record: 1448
Fehler 31 :	Zu diesem Kontakt existieren 2 potentielle Duplikate mit den Master IDs: 82198, 82200 Record: 1450
Fehler 32 :	Zu diesem Kontakt existieren 2 potentielle Duplikate mit den Master IDs: 82331, 82330 Record: 1581
Fehler 33 :	Zu diesem Kontakt existieren 2 potentielle Duplikate mit den Master IDs: 82331, 82330 Record: 1582
Fehler 34 :	Zu diesem Kontakt existieren 2 potentielle Duplikate mit den Master IDs: 82425, 82426 Record: 1676
Fehler 35 :	Zu diesem Kontakt existieren 2 potentielle Duplikate mit den Master IDs: 82425, 82426 Record: 1677
Fehler 36 :	Zu diesem Kontakt existieren 3 potentielle Duplikate mit den Master IDs: 82484, 82477, 82478 Record: 1728
Fehler 37 :	Zu diesem Kontakt existieren 3 potentielle Duplikate mit den Master IDs: 82484, 82477, 82478 Record: 1729
Fehler 38 :	Zu diesem Kontakt existieren 3 potentielle Duplikate mit den Master IDs: 82484, 82477, 82478 Record: 1735
Fehler 39 :	Zu diesem Kontakt existieren 2 potentielle Duplikate mit den Master IDs: 82724, 82718 Record: 1969
Fehler 40 :	Zu diesem Kontakt existieren 2 potentielle Duplikate mit den Master IDs: 82724, 82718 Record: 1975
Fehler 41 :	Zu diesem Kontakt existieren 2 potentielle Duplikate mit den Master IDs: 82733, 82735 Record: 1984
Fehler 42 :	Zu diesem Kontakt existieren 2 potentielle Duplikate mit den Master IDs: 82733, 82735 Record: 1986
Fehler 43 :	Zu diesem Kontakt existieren 2 potentielle Duplikate mit den Master IDs: 82820, 82826 Record: 2074
Fehler 44 :	Zu diesem Kontakt existieren 2 potentielle Duplikate mit den Master IDs: 82820, 82826 Record: 2084
Fehler 45 :	Zu diesem Kontakt existieren 2 potentielle Duplikate mit den Master IDs: 82865, 82864 Record: 2123
Fehler 46 :	Zu diesem Kontakt existieren 2 potentielle Duplikate mit den Master IDs: 82865, 82864 Record: 2124
Fehler 47 :	Zu diesem Kontakt existieren 2 potentielle Duplikate mit den Master IDs: 83010, 83012 Record: 2270
Fehler 48 :	Zu diesem Kontakt existieren 2 potentielle Duplikate mit den Master IDs: 83010, 83012 Record: 2272
Fehler 49 :	Zu diesem Kontakt existieren 3 potentielle Duplikate mit den Master IDs: 83024, 83020, 83022 Record: 2280
Fehler 50 :	Zu diesem Kontakt existieren 3 potentielle Duplikate mit den Master IDs: 83024, 83020, 83022 Record: 2282
Fehler 51 :	Zu diesem Kontakt existieren 3 potentielle Duplikate mit den Master IDs: 83024, 83020, 83022 Record: 2284
Fehler 52 :	Zu diesem Kontakt existieren 5 potentielle Duplikate mit den Master IDs: 83049, 83051, 83050, 83053, 83052 Record: 2309
Fehler 53 :	Zu diesem Kontakt existieren 5 potentielle Duplikate mit den Master IDs: 83049, 83051, 83050, 83053, 83052 Record: 2310
Fehler 54 :	Zu diesem Kontakt existieren 5 potentielle Duplikate mit den Master IDs: 83049, 83051, 83050, 83053, 83052 Record: 2311
Fehler 55 :	Zu diesem Kontakt existieren 5 potentielle Duplikate mit den Master IDs: 83049, 83051, 83050, 83053, 83052 Record: 2312
Fehler 56 :	Zu diesem Kontakt existieren 5 potentielle Duplikate mit den Master IDs: 83049, 83051, 83050, 83053, 83052 Record: 2313
Fehler 57 :	Zu diesem Kontakt existieren 2 potentielle Duplikate mit den Master IDs: 83057, 83056 Record: 2316
Fehler 58 :	Zu diesem Kontakt existieren 2 potentielle Duplikate mit den Master IDs: 83057, 83056 Record: 2317
Fehler 59 :	Zu diesem Kontakt existieren 2 potentielle Duplikate mit den Master IDs: 83089, 83087 Record: 2347
Fehler 60 :	Zu diesem Kontakt existieren 2 potentielle Duplikate mit den Master IDs: 83089, 83087 Record: 2349
Fehler 61 :	Zu diesem Kontakt existieren 2 potentielle Duplikate mit den Master IDs: 83441, 83444 Record: 2702
Fehler 62 :	Zu diesem Kontakt existieren 2 potentielle Duplikate mit den Master IDs: 83441, 83444 Record: 2705
Fehler 63 :	Zu diesem Kontakt existieren 2 potentielle Duplikate mit den Master IDs: 83685, 83684 Record: 2945
Fehler 64 :	Zu diesem Kontakt existieren 2 potentielle Duplikate mit den Master IDs: 83685, 83684 Record: 2946
Fehler 65 :	Zu diesem Kontakt existieren 2 potentielle Duplikate mit den Master IDs: 83721, 83720 Record: 2982
Fehler 66 :	Zu diesem Kontakt existieren 2 potentielle Duplikate mit den Master IDs: 83721, 83720 Record: 2983
Fehler 67 :	Zu diesem Kontakt existieren 2 potentielle Duplikate mit den Master IDs: 83959, 83961 Record: 3222
Fehler 68 :	Zu diesem Kontakt existieren 2 potentielle Duplikate mit den Master IDs: 83959, 83961 Record: 3224
Fehler 69 :	Zu diesem Kontakt existieren 2 potentielle Duplikate mit den Master IDs: 84111, 84110 Record: 3374
Fehler 70 :	Zu diesem Kontakt existieren 2 potentielle Duplikate mit den Master IDs: 84111, 84110 Record: 3375
Fehler 71 :	Zu diesem Kontakt existieren 2 potentielle Duplikate mit den Master IDs: 84212, 84203 Record: 3468
Fehler 72 :	Zu diesem Kontakt existieren 2 potentielle Duplikate mit den Master IDs: 84212, 84203 Record: 3477
Fehler 73 :	Zu diesem Kontakt existieren 2 potentielle Duplikate mit den Master IDs: 84347, 84346 Record: 3613
Fehler 74 :	Zu diesem Kontakt existieren 2 potentielle Duplikate mit den Master IDs: 84347, 84346 Record: 3614
Fehler 75 :	Zu diesem Kontakt existieren 4 potentielle Duplikate mit den Master IDs: 84369, 84371, 84370, 84367 Record: 3634
Fehler 76 :	Zu diesem Kontakt existieren 4 potentielle Duplikate mit den Master IDs: 84369, 84371, 84370, 84367 Record: 3636
Fehler 77 :	Zu diesem Kontakt existieren 4 potentielle Duplikate mit den Master IDs: 84369, 84371, 84370, 84367 Record: 3637
Fehler 78 :	Zu diesem Kontakt existieren 4 potentielle Duplikate mit den Master IDs: 84369, 84371, 84370, 84367 Record: 3638
Fehler 79 :	Zu diesem Kontakt existieren 2 potentielle Duplikate mit den Master IDs: 81971, 81981 Record: 4494
Fehler 80 :	Zu diesem Kontakt existieren 2 potentielle Duplikate mit den Master IDs: 89625, 89627 Record: 8817
