Import gestartet:
	05.05.2017 12:51:36
####################
# Quelle:          #
####################
	Datei:DuB_Lieferanten_9.csv

####################
# Ziel             #
####################
	Kundennummer: 2027416
	Gesellschaft: DW Beteiligungs GmbH neu
	Benutzername: dirk.kohnen@scopevisio.com

####################
# Einstellungen    #
####################
Art der importierten Daten:

	Kontakte
Duplikatserkannung durch:
	Name
Verhalten bei Duplikaten:
	Auffüllen
####################
# Ergebnis:         #
####################
Import gestartet:
	05.05.2017 13:12:07
####################
# Quelle:          #
####################
	Datei:DuB_Lieferanten_10.csv

####################
# Ziel             #
####################
	Kundennummer: 2027416
	Gesellschaft: DW Beteiligungs GmbH neu
	Benutzername: dirk.kohnen@scopevisio.com

####################
# Einstellungen    #
####################
Art der importierten Daten:

	Kontakte
Duplikatserkannung durch:
	Name
Verhalten bei Duplikaten:
	Auffüllen
####################
# Ergebnis:         #
####################
Anzahl Importierter Kontakte:	175
Anzahl aktuallisierten Kontakte:	487
Anzahl Fehler:	18
Fehler 0 :	Zu diesem Kontakt existieren 2 potentielle Duplikate mit den Master IDs: 78309, 78310 Record: 101
Fehler 1 :	Zu diesem Kontakt existieren 2 potentielle Duplikate mit den Master IDs: 78309, 78310 Record: 102
Fehler 2 :	Zu diesem Kontakt existieren 2 potentielle Duplikate mit den Master IDs: 78347, 78348 Record: 150
Fehler 3 :	Zu diesem Kontakt existieren 2 potentielle Duplikate mit den Master IDs: 78347, 78348 Record: 151
Fehler 4 :	Zu diesem Kontakt existieren 2 potentielle Duplikate mit den Master IDs: 75160, 78364 Record: 172
Fehler 5 :	Zu diesem Kontakt existieren 2 potentielle Duplikate mit den Master IDs: 78371, 78372 Record: 182
Fehler 6 :	Zu diesem Kontakt existieren 2 potentielle Duplikate mit den Master IDs: 78371, 78372 Record: 183
Fehler 7 :	Zu diesem Kontakt existieren 2 potentielle Duplikate mit den Master IDs: 78147, 78402 Record: 218
Fehler 8 :	Zu diesem Kontakt existieren 2 potentielle Duplikate mit den Master IDs: 78512, 78435 Record: 260
Fehler 9 :	Zu diesem Kontakt existieren 2 potentielle Duplikate mit den Master IDs: 73697, 78449 Record: 279
Fehler 10 :	Zu diesem Kontakt existieren 2 potentielle Duplikate mit den Master IDs: 78512, 78435 Record: 360
Fehler 11 :	Zu diesem Kontakt existieren 2 potentielle Duplikate mit den Master IDs: 78113, 78535 Record: 395
Fehler 12 :	Zu diesem Kontakt existieren 3 potentielle Duplikate mit den Master IDs: 78625, 78624, 78627 Record: 519
Fehler 13 :	Zu diesem Kontakt existieren 3 potentielle Duplikate mit den Master IDs: 78625, 78624, 78627 Record: 520
Fehler 14 :	Zu diesem Kontakt existieren 3 potentielle Duplikate mit den Master IDs: 78625, 78624, 78627 Record: 522
Fehler 15 :	Zu diesem Kontakt existieren 3 potentielle Duplikate mit den Master IDs: 78625, 78624, 78627 Record: 524
Fehler 16 :	Zu diesem Kontakt existieren 3 potentielle Duplikate mit den Master IDs: 72224, 73716, 76046 Record: 617
Fehler 17 :	Zu diesem Kontakt existieren 2 potentielle Duplikate mit den Master IDs: 74677, 78713 Record: 652
Import gestartet:
	05.05.2017 13:36:58
####################
# Quelle:          #
####################
	Datei:DuB_Kunden_Ansprechpartner.csv

####################
# Ziel             #
####################
	Kundennummer: 2027416
	Gesellschaft: DW Beteiligungs GmbH neu
	Benutzername: dirk.kohnen@scopevisio.com

####################
# Einstellungen    #
####################
Art der importierten Daten:

	Kontakte
Duplikatserkannung durch:
	Name
Verhalten bei Duplikaten:
	Auffüllen
####################
# Ergebnis:         #
####################
Anzahl Importierter Kontakte:	42
Anzahl aktuallisierten Kontakte:	0
Anzahl Fehler:	1
Fehler 0 :	Leere Werte sind nicht erlaubt. (Feld Name/Gesellschaft) Record: 9 Field: lastname
Import gestartet:
	05.05.2017 13:37:35
####################
# Quelle:          #
####################
	Datei:DuB_Lieferanten_Ansprechpartner_1.csv

####################
# Ziel             #
####################
	Kundennummer: 2027416
	Gesellschaft: DW Beteiligungs GmbH neu
	Benutzername: dirk.kohnen@scopevisio.com

####################
# Einstellungen    #
####################
Art der importierten Daten:

	Kontakte
Duplikatserkannung durch:
	Name
Verhalten bei Duplikaten:
	Auffüllen
####################
# Ergebnis:         #
####################
Anzahl Importierter Kontakte:	993
Anzahl aktuallisierten Kontakte:	7
Anzahl Fehler:	0
Import gestartet:
	05.05.2017 13:42:12
####################
# Quelle:          #
####################
	Datei:DuB_Lieferanten_Ansprechpartner_2.csv

####################
# Ziel             #
####################
	Kundennummer: 2027416
	Gesellschaft: DW Beteiligungs GmbH neu
	Benutzername: dirk.kohnen@scopevisio.com

####################
# Einstellungen    #
####################
Art der importierten Daten:

	Kontakte
Duplikatserkannung durch:
	Name
Verhalten bei Duplikaten:
	Auffüllen
####################
# Ergebnis:         #
####################
Anzahl Importierter Kontakte:	975
Anzahl aktuallisierten Kontakte:	23
Anzahl Fehler:	0
Import gestartet:
	05.05.2017 13:47:23
####################
# Quelle:          #
####################
	Datei:DuB_Lieferanten_Ansprechpartner_3.csv

####################
# Ziel             #
####################
	Kundennummer: 2027416
	Gesellschaft: DW Beteiligungs GmbH neu
	Benutzername: dirk.kohnen@scopevisio.com

####################
# Einstellungen    #
####################
Art der importierten Daten:

	Kontakte
Duplikatserkannung durch:
	Name
Verhalten bei Duplikaten:
	Auffüllen
####################
# Ergebnis:         #
####################
Anzahl Importierter Kontakte:	976
Anzahl aktuallisierten Kontakte:	21
Anzahl Fehler:	1
Fehler 0 :	Zu diesem Kontakt existieren 2 potentielle Duplikate mit den Master IDs: 143383, 143381 Record: 586
Import gestartet:
	05.05.2017 13:52:01
####################
# Quelle:          #
####################
	Datei:DuB_Lieferanten_Ansprechpartner_4.csv

####################
# Ziel             #
####################
	Kundennummer: 2027416
	Gesellschaft: DW Beteiligungs GmbH neu
	Benutzername: dirk.kohnen@scopevisio.com

####################
# Einstellungen    #
####################
Art der importierten Daten:

	Kontakte
Duplikatserkannung durch:
	Name
Verhalten bei Duplikaten:
	Auffüllen
####################
# Ergebnis:         #
####################
Anzahl Importierter Kontakte:	976
Anzahl aktuallisierten Kontakte:	24
Anzahl Fehler:	0
Import gestartet:
	05.05.2017 13:58:35
####################
# Quelle:          #
####################
	Datei:DuB_Lieferanten_Ansprechpartner_5.csv

####################
# Ziel             #
####################
	Kundennummer: 2027416
	Gesellschaft: DW Beteiligungs GmbH neu
	Benutzername: dirk.kohnen@scopevisio.com

####################
# Einstellungen    #
####################
Art der importierten Daten:

	Kontakte
Duplikatserkannung durch:
	Name
Verhalten bei Duplikaten:
	Auffüllen
####################
# Ergebnis:         #
####################
Anzahl Importierter Kontakte:	965
Anzahl aktuallisierten Kontakte:	34
Anzahl Fehler:	1
Fehler 0 :	Zu diesem Kontakt existieren 2 potentielle Duplikate mit den Master IDs: 144513, 144516 Record: 527
Import gestartet:
	05.05.2017 14:04:20
####################
# Quelle:          #
####################
	Datei:DuB_Lieferanten_Ansprechpartner_6.csv

####################
# Ziel             #
####################
	Kundennummer: 2027416
	Gesellschaft: DW Beteiligungs GmbH neu
	Benutzername: dirk.kohnen@scopevisio.com

####################
# Einstellungen    #
####################
Art der importierten Daten:

	Kontakte
Duplikatserkannung durch:
	Name
Verhalten bei Duplikaten:
	Auffüllen
####################
# Ergebnis:         #
####################
Anzahl Importierter Kontakte:	956
Anzahl aktuallisierten Kontakte:	41
Anzahl Fehler:	1
Fehler 0 :	Zu diesem Kontakt existieren 2 potentielle Duplikate mit den Master IDs: 144214, 144200 Record: 343
Import gestartet:
	05.05.2017 14:09:27
####################
# Quelle:          #
####################
	Datei:DuB_Lieferanten_Ansprechpartner_7.csv

####################
# Ziel             #
####################
	Kundennummer: 2027416
	Gesellschaft: DW Beteiligungs GmbH neu
	Benutzername: dirk.kohnen@scopevisio.com

####################
# Einstellungen    #
####################
Art der importierten Daten:

	Kontakte
Duplikatserkannung durch:
	Name
Verhalten bei Duplikaten:
	Auffüllen
####################
# Ergebnis:         #
####################
Anzahl Importierter Kontakte:	1030
Anzahl aktuallisierten Kontakte:	37
Anzahl Fehler:	0
Import gestartet:
	05.05.2017 14:15:31
####################
# Quelle:          #
####################
	Datei:DuB_Lieferanten_Ansprechpartner_8.csv

####################
# Ziel             #
####################
	Kundennummer: 2027416
	Gesellschaft: DW Beteiligungs GmbH neu
	Benutzername: dirk.kohnen@scopevisio.com

####################
# Einstellungen    #
####################
Art der importierten Daten:

	Kontakte
Duplikatserkannung durch:
	Name
Verhalten bei Duplikaten:
	Auffüllen
####################
# Ergebnis:         #
####################
Anzahl Importierter Kontakte:	979
Anzahl aktuallisierten Kontakte:	33
Anzahl Fehler:	0
