Import gestartet:
	15.05.2017 20:58:44
####################
# Quelle:          #
####################
	Datei:DWH_Lieferanten_1.csv

####################
# Ziel             #
####################
	Kundennummer: 2027416
	Gesellschaft: Deutsche Werkstätten Hellerau GmbH Testimport
	Benutzername: dirk.kohnen@scopevisio.com

####################
# Einstellungen    #
####################
Art der importierten Daten:

	Kontakte
Duplikatserkannung durch:
	Name
Verhalten bei Duplikaten:
	Auffüllen
