Import gestartet:
	15.05.2017 16:04:54
####################
# Quelle:          #
####################
	Datei:DWH_Kunden_1.csv

####################
# Ziel             #
####################
	Kundennummer: 2027416
	Gesellschaft: Deutsche Werkstätten Hellerau GmbH Testimport
	Benutzername: dirk.kohnen@scopevisio.com

####################
# Einstellungen    #
####################
Art der importierten Daten:

	Kontakte
Duplikatserkannung durch:
	Name
Verhalten bei Duplikaten:
	Auffüllen
####################
# Ergebnis:         #
####################
Anzahl Importierter Kontakte:	278
Anzahl aktuallisierten Kontakte:	583
Anzahl Fehler:	137
Fehler 0 :	Zu diesem Kontakt existieren 2 potentielle Duplikate mit den Master IDs: 158104, 150909 Record: 7
Fehler 1 :	Zu diesem Kontakt existieren 2 potentielle Duplikate mit den Master IDs: 158118, 158117 Record: 41
Fehler 2 :	Zu diesem Kontakt existieren 2 potentielle Duplikate mit den Master IDs: 158118, 158117 Record: 42
Fehler 3 :	Zu diesem Kontakt existieren 2 potentielle Duplikate mit den Master IDs: 158118, 158117 Record: 43
Fehler 4 :	Zu diesem Kontakt existieren 2 potentielle Duplikate mit den Master IDs: 150995, 158119 Record: 44
Fehler 5 :	Zu diesem Kontakt existieren 2 potentielle Duplikate mit den Master IDs: 158122, 151016 Record: 47
Fehler 6 :	Zu diesem Kontakt existieren 2 potentielle Duplikate mit den Master IDs: 158130, 158129 Record: 56
Fehler 7 :	Zu diesem Kontakt existieren 2 potentielle Duplikate mit den Master IDs: 158130, 158129 Record: 57
Fehler 8 :	Zu diesem Kontakt existieren 3 potentielle Duplikate mit den Master IDs: 151090, 158144, 158145 Record: 76
Fehler 9 :	Zu diesem Kontakt existieren 3 potentielle Duplikate mit den Master IDs: 151090, 158144, 158145 Record: 77
Fehler 10 :	Zu diesem Kontakt existieren 2 potentielle Duplikate mit den Master IDs: 158149, 151102 Record: 81
Fehler 11 :	Zu diesem Kontakt existieren 2 potentielle Duplikate mit den Master IDs: 151115, 158158 Record: 92
Fehler 12 :	Zu diesem Kontakt existieren 2 potentielle Duplikate mit den Master IDs: 158163, 151135 Record: 99
Fehler 13 :	Zu diesem Kontakt existieren 2 potentielle Duplikate mit den Master IDs: 151155, 158181 Record: 129
Fehler 14 :	Zu diesem Kontakt existieren 2 potentielle Duplikate mit den Master IDs: 151158, 158184 Record: 132
Fehler 15 :	Zu diesem Kontakt existieren 2 potentielle Duplikate mit den Master IDs: 151170, 158198 Record: 147
Fehler 16 :	Zu diesem Kontakt existieren 2 potentielle Duplikate mit den Master IDs: 151170, 158198 Record: 148
Fehler 17 :	Zu diesem Kontakt existieren 2 potentielle Duplikate mit den Master IDs: 151171, 158199 Record: 149
Fehler 18 :	Zu diesem Kontakt existieren 2 potentielle Duplikate mit den Master IDs: 151198, 158205 Record: 155
Fehler 19 :	Zu diesem Kontakt existieren 2 potentielle Duplikate mit den Master IDs: 158211, 151221 Record: 166
Fehler 20 :	Zu diesem Kontakt existieren 2 potentielle Duplikate mit den Master IDs: 158231, 151279 Record: 194
Fehler 21 :	Zu diesem Kontakt existieren 2 potentielle Duplikate mit den Master IDs: 151299, 158236 Record: 199
Fehler 22 :	Zu diesem Kontakt existieren 2 potentielle Duplikate mit den Master IDs: 151310, 158238 Record: 201
Fehler 23 :	Zu diesem Kontakt existieren 2 potentielle Duplikate mit den Master IDs: 151331, 158241 Record: 204
Fehler 24 :	Zu diesem Kontakt existieren 4 potentielle Duplikate mit den Master IDs: 158250, 152410, 158584, 152409 Record: 217
Fehler 25 :	Zu diesem Kontakt existieren 2 potentielle Duplikate mit den Master IDs: 158263, 158264 Record: 239
Fehler 26 :	Zu diesem Kontakt existieren 2 potentielle Duplikate mit den Master IDs: 158263, 158264 Record: 240
Fehler 27 :	Zu diesem Kontakt existieren 2 potentielle Duplikate mit den Master IDs: 151427, 158267 Record: 248
Fehler 28 :	Zu diesem Kontakt existieren 2 potentielle Duplikate mit den Master IDs: 151429, 158269 Record: 250
Fehler 29 :	Zu diesem Kontakt existieren 2 potentielle Duplikate mit den Master IDs: 158279, 151448 Record: 260
Fehler 30 :	Zu diesem Kontakt existieren 2 potentielle Duplikate mit den Master IDs: 151491, 158289 Record: 277
Fehler 31 :	Zu diesem Kontakt existieren 2 potentielle Duplikate mit den Master IDs: 158294, 151518 Record: 283
Fehler 32 :	Zu diesem Kontakt existieren 2 potentielle Duplikate mit den Master IDs: 158300, 158301 Record: 290
Fehler 33 :	Zu diesem Kontakt existieren 2 potentielle Duplikate mit den Master IDs: 158300, 158301 Record: 291
Fehler 34 :	Zu diesem Kontakt existieren 2 potentielle Duplikate mit den Master IDs: 158300, 158301 Record: 292
Fehler 35 :	Zu diesem Kontakt existieren 2 potentielle Duplikate mit den Master IDs: 158304, 151526 Record: 296
Fehler 36 :	Zu diesem Kontakt existieren 2 potentielle Duplikate mit den Master IDs: 151575, 158316 Record: 313
Fehler 37 :	Zu diesem Kontakt existieren 2 potentielle Duplikate mit den Master IDs: 151575, 158316 Record: 314
Fehler 38 :	Zu diesem Kontakt existieren 2 potentielle Duplikate mit den Master IDs: 158320, 151591 Record: 321
Fehler 39 :	Zu diesem Kontakt existieren 2 potentielle Duplikate mit den Master IDs: 158321, 151596 Record: 322
Fehler 40 :	Zu diesem Kontakt existieren 2 potentielle Duplikate mit den Master IDs: 158322, 151598 Record: 323
Fehler 41 :	Zu diesem Kontakt existieren 2 potentielle Duplikate mit den Master IDs: 158331, 151645 Record: 345
Fehler 42 :	Zu diesem Kontakt existieren 2 potentielle Duplikate mit den Master IDs: 151665, 158335 Record: 352
Fehler 43 :	Zu diesem Kontakt existieren 2 potentielle Duplikate mit den Master IDs: 158342, 151676 Record: 361
Fehler 44 :	Zu diesem Kontakt existieren 2 potentielle Duplikate mit den Master IDs: 151715, 158357 Record: 387
Fehler 45 :	Zu diesem Kontakt existieren 2 potentielle Duplikate mit den Master IDs: 151838, 158381 Record: 424
Fehler 46 :	Zu diesem Kontakt existieren 2 potentielle Duplikate mit den Master IDs: 151785, 158382 Record: 425
Fehler 47 :	Zu diesem Kontakt existieren 2 potentielle Duplikate mit den Master IDs: 151808, 158385 Record: 429
Fehler 48 :	Zu diesem Kontakt existieren 2 potentielle Duplikate mit den Master IDs: 158386, 151809 Record: 430
Fehler 49 :	Zu diesem Kontakt existieren 3 potentielle Duplikate mit den Master IDs: 158395, 158392, 158393 Record: 438
Fehler 50 :	Zu diesem Kontakt existieren 3 potentielle Duplikate mit den Master IDs: 158395, 158392, 158393 Record: 439
Fehler 51 :	Zu diesem Kontakt existieren 3 potentielle Duplikate mit den Master IDs: 158395, 158392, 158393 Record: 441
Fehler 52 :	Zu diesem Kontakt existieren 5 potentielle Duplikate mit den Master IDs: 158480, 158481, 159431, 158511, 158397 Record: 444
Fehler 53 :	Zu diesem Kontakt existieren 5 potentielle Duplikate mit den Master IDs: 158480, 158481, 159431, 158511, 158397 Record: 446
Fehler 54 :	Zu diesem Kontakt existieren 2 potentielle Duplikate mit den Master IDs: 151862, 158408 Record: 460
Fehler 55 :	Zu diesem Kontakt existieren 2 potentielle Duplikate mit den Master IDs: 158433, 151959 Record: 497
Fehler 56 :	Zu diesem Kontakt existieren 2 potentielle Duplikate mit den Master IDs: 158439, 151979 Record: 505
Fehler 57 :	Zu diesem Kontakt existieren 2 potentielle Duplikate mit den Master IDs: 151991, 158440 Record: 510
Fehler 58 :	Zu diesem Kontakt existieren 2 potentielle Duplikate mit den Master IDs: 158442, 151997 Record: 512
Fehler 59 :	Zu diesem Kontakt existieren 2 potentielle Duplikate mit den Master IDs: 152002, 158447 Record: 517
Fehler 60 :	Zu diesem Kontakt existieren 4 potentielle Duplikate mit den Master IDs: 152017, 158454, 158452, 158453 Record: 525
Fehler 61 :	Zu diesem Kontakt existieren 4 potentielle Duplikate mit den Master IDs: 152017, 158454, 158452, 158453 Record: 526
Fehler 62 :	Zu diesem Kontakt existieren 4 potentielle Duplikate mit den Master IDs: 152017, 158454, 158452, 158453 Record: 527
Fehler 63 :	Zu diesem Kontakt existieren 2 potentielle Duplikate mit den Master IDs: 152079, 158460 Record: 541
Fehler 64 :	Zu diesem Kontakt existieren 2 potentielle Duplikate mit den Master IDs: 152084, 158461 Record: 542
Fehler 65 :	Zu diesem Kontakt existieren 2 potentielle Duplikate mit den Master IDs: 152096, 158463 Record: 544
Fehler 66 :	Zu diesem Kontakt existieren 2 potentielle Duplikate mit den Master IDs: 152098, 158464 Record: 545
Fehler 67 :	Zu diesem Kontakt existieren 2 potentielle Duplikate mit den Master IDs: 158467, 152110 Record: 549
Fehler 68 :	Zu diesem Kontakt existieren 2 potentielle Duplikate mit den Master IDs: 158469, 159549 Record: 552
Fehler 69 :	Zu diesem Kontakt existieren 2 potentielle Duplikate mit den Master IDs: 152117, 158472 Record: 557
Fehler 70 :	Zu diesem Kontakt existieren 2 potentielle Duplikate mit den Master IDs: 152129, 158477 Record: 563
Fehler 71 :	Zu diesem Kontakt existieren 5 potentielle Duplikate mit den Master IDs: 158483, 158484, 158478, 158479, 151325 Record: 567
Fehler 72 :	Zu diesem Kontakt existieren 5 potentielle Duplikate mit den Master IDs: 158483, 158484, 158478, 158479, 151325 Record: 568
Fehler 73 :	Zu diesem Kontakt existieren 5 potentielle Duplikate mit den Master IDs: 158480, 158481, 159431, 158511, 158397 Record: 569
Fehler 74 :	Zu diesem Kontakt existieren 5 potentielle Duplikate mit den Master IDs: 158480, 158481, 159431, 158511, 158397 Record: 572
Fehler 75 :	Zu diesem Kontakt existieren 5 potentielle Duplikate mit den Master IDs: 158483, 158484, 158478, 158479, 151325 Record: 575
Fehler 76 :	Zu diesem Kontakt existieren 5 potentielle Duplikate mit den Master IDs: 158483, 158484, 158478, 158479, 151325 Record: 577
Fehler 77 :	Zu diesem Kontakt existieren 2 potentielle Duplikate mit den Master IDs: 158487, 158490 Record: 580
Fehler 78 :	Zu diesem Kontakt existieren 2 potentielle Duplikate mit den Master IDs: 158487, 158490 Record: 583
Fehler 79 :	Zu diesem Kontakt existieren 2 potentielle Duplikate mit den Master IDs: 158497, 152168 Record: 592
Fehler 80 :	Zu diesem Kontakt existieren 2 potentielle Duplikate mit den Master IDs: 152179, 158500 Record: 595
Fehler 81 :	Zu diesem Kontakt existieren 2 potentielle Duplikate mit den Master IDs: 158503, 152190 Record: 598
Fehler 82 :	Zu diesem Kontakt existieren 2 potentielle Duplikate mit den Master IDs: 159924, 158509 Record: 607
Fehler 83 :	Zu diesem Kontakt existieren 5 potentielle Duplikate mit den Master IDs: 158480, 158481, 159431, 158511, 158397 Record: 610
Fehler 84 :	Zu diesem Kontakt existieren 2 potentielle Duplikate mit den Master IDs: 158512, 155113 Record: 613
Fehler 85 :	Zu diesem Kontakt existieren 2 potentielle Duplikate mit den Master IDs: 152272, 158526 Record: 637
Fehler 86 :	Zu diesem Kontakt existieren 2 potentielle Duplikate mit den Master IDs: 152288, 158529 Record: 643
Fehler 87 :	Zu diesem Kontakt existieren 3 potentielle Duplikate mit den Master IDs: 152304, 158534, 158533 Record: 649
Fehler 88 :	Zu diesem Kontakt existieren 3 potentielle Duplikate mit den Master IDs: 152304, 158534, 158533 Record: 650
Fehler 89 :	Zu diesem Kontakt existieren 2 potentielle Duplikate mit den Master IDs: 158552, 158553 Record: 669
Fehler 90 :	Zu diesem Kontakt existieren 2 potentielle Duplikate mit den Master IDs: 158552, 158553 Record: 670
Fehler 91 :	Zu diesem Kontakt existieren 2 potentielle Duplikate mit den Master IDs: 158552, 158553 Record: 671
Fehler 92 :	Zu diesem Kontakt existieren 2 potentielle Duplikate mit den Master IDs: 152353, 158558 Record: 679
Fehler 93 :	Zu diesem Kontakt existieren 2 potentielle Duplikate mit den Master IDs: 158574, 152397 Record: 709
Fehler 94 :	Zu diesem Kontakt existieren 2 potentielle Duplikate mit den Master IDs: 158576, 152408 Record: 712
Fehler 95 :	Zu diesem Kontakt existieren 3 potentielle Duplikate mit den Master IDs: 152416, 158581, 158591 Record: 717
Fehler 96 :	Zu diesem Kontakt existieren 2 potentielle Duplikate mit den Master IDs: 158582, 152406 Record: 718
Fehler 97 :	Zu diesem Kontakt existieren 4 potentielle Duplikate mit den Master IDs: 158250, 152410, 158584, 152409 Record: 720
Fehler 98 :	Zu diesem Kontakt existieren 3 potentielle Duplikate mit den Master IDs: 152403, 158587, 152414 Record: 723
Fehler 99 :	Zu diesem Kontakt existieren 2 potentielle Duplikate mit den Master IDs: 152404, 158588 Record: 724
Fehler 100 :	Zu diesem Kontakt existieren 3 potentielle Duplikate mit den Master IDs: 152416, 158581, 158591 Record: 727
Fehler 101 :	Zu diesem Kontakt existieren 2 potentielle Duplikate mit den Master IDs: 158594, 152420 Record: 730
Fehler 102 :	Zu diesem Kontakt existieren 2 potentielle Duplikate mit den Master IDs: 152435, 158605 Record: 742
Fehler 103 :	Zu diesem Kontakt existieren 2 potentielle Duplikate mit den Master IDs: 155910, 158613 Record: 755
Fehler 104 :	Zu diesem Kontakt existieren 2 potentielle Duplikate mit den Master IDs: 152480, 158624 Record: 767
Fehler 105 :	Zu diesem Kontakt existieren 2 potentielle Duplikate mit den Master IDs: 155946, 158633 Record: 782
Fehler 106 :	Zu diesem Kontakt existieren 4 potentielle Duplikate mit den Master IDs: 152562, 152566, 152564, 158635 Record: 784
Fehler 107 :	Zu diesem Kontakt existieren 2 potentielle Duplikate mit den Master IDs: 158638, 158636 Record: 787
Fehler 108 :	Zu diesem Kontakt existieren 2 potentielle Duplikate mit den Master IDs: 158638, 158636 Record: 789
Fehler 109 :	Zu diesem Kontakt existieren 2 potentielle Duplikate mit den Master IDs: 152574, 158639 Record: 790
Fehler 110 :	Zu diesem Kontakt existieren 2 potentielle Duplikate mit den Master IDs: 152603, 158653 Record: 811
Fehler 111 :	Zu diesem Kontakt existieren 2 potentielle Duplikate mit den Master IDs: 158656, 159641 Record: 815
Fehler 112 :	Zu diesem Kontakt existieren 4 potentielle Duplikate mit den Master IDs: 158662, 152615, 158661, 152617 Record: 821
Fehler 113 :	Zu diesem Kontakt existieren 4 potentielle Duplikate mit den Master IDs: 158662, 152615, 158661, 152617 Record: 822
Fehler 114 :	Zu diesem Kontakt existieren 4 potentielle Duplikate mit den Master IDs: 158662, 152615, 158661, 152617 Record: 823
Fehler 115 :	Zu diesem Kontakt existieren 2 potentielle Duplikate mit den Master IDs: 158663, 151101 Record: 824
Fehler 116 :	Zu diesem Kontakt existieren 4 potentielle Duplikate mit den Master IDs: 158662, 152615, 158661, 152617 Record: 825
Fehler 117 :	Zu diesem Kontakt existieren 4 potentielle Duplikate mit den Master IDs: 158662, 152615, 158661, 152617 Record: 826
Fehler 118 :	Zu diesem Kontakt existieren 2 potentielle Duplikate mit den Master IDs: 155315, 158681 Record: 850
Fehler 119 :	Zu diesem Kontakt existieren 2 potentielle Duplikate mit den Master IDs: 158683, 152956 Record: 853
Fehler 120 :	Zu diesem Kontakt existieren 2 potentielle Duplikate mit den Master IDs: 152710, 158687 Record: 861
Fehler 121 :	Zu diesem Kontakt existieren 16 potentielle Duplikate mit den Master IDs: 160098, 154883, 154880, 154881, 158694, 154886, 154887, 154884, 159332, 154885, 159333, 152745, 154739, 157524, 154878, 154879 Record: 869
Fehler 122 :	Zu diesem Kontakt existieren 2 potentielle Duplikate mit den Master IDs: 159452, 158701 Record: 878
Fehler 123 :	Zu diesem Kontakt existieren 2 potentielle Duplikate mit den Master IDs: 158704, 152792 Record: 881
Fehler 124 :	Zu diesem Kontakt existieren 3 potentielle Duplikate mit den Master IDs: 158707, 152801, 159445 Record: 885
Fehler 125 :	Zu diesem Kontakt existieren 2 potentielle Duplikate mit den Master IDs: 158712, 152813 Record: 890
Fehler 126 :	Zu diesem Kontakt existieren 2 potentielle Duplikate mit den Master IDs: 158721, 152855 Record: 903
Fehler 127 :	Zu diesem Kontakt existieren 2 potentielle Duplikate mit den Master IDs: 158729, 152873 Record: 912
Fehler 128 :	Zu diesem Kontakt existieren 2 potentielle Duplikate mit den Master IDs: 152933, 158750 Record: 943
Fehler 129 :	Zu diesem Kontakt existieren 2 potentielle Duplikate mit den Master IDs: 158752, 154535 Record: 945
Fehler 130 :	Zu diesem Kontakt existieren 2 potentielle Duplikate mit den Master IDs: 158754, 152940 Record: 947
Fehler 131 :	Zu diesem Kontakt existieren 2 potentielle Duplikate mit den Master IDs: 152996, 158762 Record: 958
Fehler 132 :	Zu diesem Kontakt existieren 2 potentielle Duplikate mit den Master IDs: 153012, 158766 Record: 964
Fehler 133 :	Zu diesem Kontakt existieren 2 potentielle Duplikate mit den Master IDs: 153019, 158767 Record: 967
Fehler 134 :	Zu diesem Kontakt existieren 2 potentielle Duplikate mit den Master IDs: 153043, 158774 Record: 978
Fehler 135 :	Zu diesem Kontakt existieren 2 potentielle Duplikate mit den Master IDs: 153048, 158777 Record: 981
Fehler 136 :	Zu diesem Kontakt existieren 5 potentielle Duplikate mit den Master IDs: 159938, 159939, 159940, 158779, 154665 Record: 985
Import gestartet:
	15.05.2017 16:23:58
####################
# Quelle:          #
####################
	Datei:DWH_Kunden_21.csv

####################
# Ziel             #
####################
	Kundennummer: 2027416
	Gesellschaft: Deutsche Werkstätten Hellerau GmbH Testimport
	Benutzername: dirk.kohnen@scopevisio.com

####################
# Einstellungen    #
####################
Art der importierten Daten:

	Kontakte
Duplikatserkannung durch:
	Name
Verhalten bei Duplikaten:
	Auffüllen
####################
# Ergebnis:         #
####################
Anzahl Importierter Kontakte:	117
Anzahl aktuallisierten Kontakte:	284
Anzahl Fehler:	97
Fehler 0 :	Zu diesem Kontakt existieren 2 potentielle Duplikate mit den Master IDs: 158789, 153357 Record: 1
Fehler 1 :	Zu diesem Kontakt existieren 2 potentielle Duplikate mit den Master IDs: 153092, 158792 Record: 5
Fehler 2 :	Zu diesem Kontakt existieren 2 potentielle Duplikate mit den Master IDs: 153096, 158793 Record: 6
Fehler 3 :	Zu diesem Kontakt existieren 2 potentielle Duplikate mit den Master IDs: 153110, 158797 Record: 13
Fehler 4 :	Zu diesem Kontakt existieren 2 potentielle Duplikate mit den Master IDs: 158817, 153213 Record: 44
Fehler 5 :	Zu diesem Kontakt existieren 2 potentielle Duplikate mit den Master IDs: 158818, 158821 Record: 45
Fehler 6 :	Zu diesem Kontakt existieren 2 potentielle Duplikate mit den Master IDs: 158818, 158821 Record: 48
Fehler 7 :	Zu diesem Kontakt existieren 3 potentielle Duplikate mit den Master IDs: 158822, 153226, 153228 Record: 49
Fehler 8 :	Zu diesem Kontakt existieren 2 potentielle Duplikate mit den Master IDs: 158839, 158827 Record: 54
Fehler 9 :	Zu diesem Kontakt existieren 2 potentielle Duplikate mit den Master IDs: 158832, 153244 Record: 63
Fehler 10 :	Zu diesem Kontakt existieren 2 potentielle Duplikate mit den Master IDs: 158839, 158827 Record: 74
Fehler 11 :	Zu diesem Kontakt existieren 2 potentielle Duplikate mit den Master IDs: 153264, 158841 Record: 76
Fehler 12 :	Zu diesem Kontakt existieren 2 potentielle Duplikate mit den Master IDs: 153274, 158844 Record: 80
Fehler 13 :	Zu diesem Kontakt existieren 2 potentielle Duplikate mit den Master IDs: 153275, 158845 Record: 81
Fehler 14 :	Zu diesem Kontakt existieren 2 potentielle Duplikate mit den Master IDs: 158848, 159759 Record: 84
Fehler 15 :	Zu diesem Kontakt existieren 2 potentielle Duplikate mit den Master IDs: 153317, 158860 Record: 100
Fehler 16 :	Zu diesem Kontakt existieren 2 potentielle Duplikate mit den Master IDs: 158864, 153437 Record: 106
Fehler 17 :	Zu diesem Kontakt existieren 2 potentielle Duplikate mit den Master IDs: 153328, 158868 Record: 110
Fehler 18 :	Zu diesem Kontakt existieren 2 potentielle Duplikate mit den Master IDs: 153382, 158873 Record: 118
Fehler 19 :	Zu diesem Kontakt existieren 2 potentielle Duplikate mit den Master IDs: 154014, 154013 Record: 124
Fehler 20 :	Zu diesem Kontakt existieren 2 potentielle Duplikate mit den Master IDs: 158880, 153405 Record: 129
Fehler 21 :	Zu diesem Kontakt existieren 2 potentielle Duplikate mit den Master IDs: 153464, 158895 Record: 150
Fehler 22 :	Zu diesem Kontakt existieren 2 potentielle Duplikate mit den Master IDs: 153496, 158905 Record: 164
Fehler 23 :	Zu diesem Kontakt existieren 2 potentielle Duplikate mit den Master IDs: 153498, 158907 Record: 166
Fehler 24 :	Zu diesem Kontakt existieren 2 potentielle Duplikate mit den Master IDs: 158911, 153501 Record: 171
Fehler 25 :	Zu diesem Kontakt existieren 2 potentielle Duplikate mit den Master IDs: 153526, 158923 Record: 187
Fehler 26 :	Zu diesem Kontakt existieren 2 potentielle Duplikate mit den Master IDs: 153532, 158925 Record: 189
Fehler 27 :	Zu diesem Kontakt existieren 2 potentielle Duplikate mit den Master IDs: 153559, 158938 Record: 205
Fehler 28 :	Zu diesem Kontakt existieren 2 potentielle Duplikate mit den Master IDs: 158944, 158940 Record: 208
Fehler 29 :	Zu diesem Kontakt existieren 2 potentielle Duplikate mit den Master IDs: 153571, 158942 Record: 210
Fehler 30 :	Zu diesem Kontakt existieren 2 potentielle Duplikate mit den Master IDs: 158944, 158940 Record: 212
Fehler 31 :	Zu diesem Kontakt existieren 2 potentielle Duplikate mit den Master IDs: 158945, 153572 Record: 213
Fehler 32 :	Zu diesem Kontakt existieren 2 potentielle Duplikate mit den Master IDs: 158945, 153572 Record: 214
Fehler 33 :	Zu diesem Kontakt existieren 2 potentielle Duplikate mit den Master IDs: 153584, 158948 Record: 217
Fehler 34 :	Zu diesem Kontakt existieren 2 potentielle Duplikate mit den Master IDs: 158950, 158949 Record: 219
Fehler 35 :	Zu diesem Kontakt existieren 2 potentielle Duplikate mit den Master IDs: 158950, 158949 Record: 220
Fehler 36 :	Zu diesem Kontakt existieren 11 potentielle Duplikate mit den Master IDs: 159042, 159043, 159046, 159047, 159044, 159045, 159050, 159051, 159048, 159049, 158953 Record: 225
Fehler 37 :	Zu diesem Kontakt existieren 2 potentielle Duplikate mit den Master IDs: 158972, 160028 Record: 250
Fehler 38 :	Zu diesem Kontakt existieren 5 potentielle Duplikate mit den Master IDs: 158979, 158976, 153706, 153705, 158975 Record: 254
Fehler 39 :	Zu diesem Kontakt existieren 5 potentielle Duplikate mit den Master IDs: 158979, 158976, 153706, 153705, 158975 Record: 255
Fehler 40 :	Zu diesem Kontakt existieren 5 potentielle Duplikate mit den Master IDs: 158979, 158976, 153706, 153705, 158975 Record: 257
Fehler 41 :	Zu diesem Kontakt existieren 2 potentielle Duplikate mit den Master IDs: 158978, 159612 Record: 259
Fehler 42 :	Zu diesem Kontakt existieren 5 potentielle Duplikate mit den Master IDs: 158979, 158976, 153706, 153705, 158975 Record: 260
Fehler 43 :	Zu diesem Kontakt existieren 5 potentielle Duplikate mit den Master IDs: 158979, 158976, 153706, 153705, 158975 Record: 261
Fehler 44 :	Zu diesem Kontakt existieren 5 potentielle Duplikate mit den Master IDs: 158979, 158976, 153706, 153705, 158975 Record: 262
Fehler 45 :	Zu diesem Kontakt existieren 2 potentielle Duplikate mit den Master IDs: 158982, 153721 Record: 265
Fehler 46 :	Zu diesem Kontakt existieren 2 potentielle Duplikate mit den Master IDs: 158987, 153742 Record: 273
Fehler 47 :	Zu diesem Kontakt existieren 2 potentielle Duplikate mit den Master IDs: 158995, 153802 Record: 281
Fehler 48 :	Zu diesem Kontakt existieren 2 potentielle Duplikate mit den Master IDs: 153888, 159012 Record: 300
Fehler 49 :	Zu diesem Kontakt existieren 2 potentielle Duplikate mit den Master IDs: 159022, 159021 Record: 313
Fehler 50 :	Zu diesem Kontakt existieren 2 potentielle Duplikate mit den Master IDs: 159022, 159021 Record: 314
Fehler 51 :	Zu diesem Kontakt existieren 2 potentielle Duplikate mit den Master IDs: 159027, 153973 Record: 321
Fehler 52 :	Zu diesem Kontakt existieren 2 potentielle Duplikate mit den Master IDs: 153992, 159036 Record: 331
Fehler 53 :	Zu diesem Kontakt existieren 2 potentielle Duplikate mit den Master IDs: 159041, 154011 Record: 338
Fehler 54 :	Zu diesem Kontakt existieren 11 potentielle Duplikate mit den Master IDs: 159042, 159043, 159046, 159047, 159044, 159045, 159050, 159051, 159048, 158953, 159049 Record: 339
Fehler 55 :	Zu diesem Kontakt existieren 11 potentielle Duplikate mit den Master IDs: 159042, 159043, 159046, 159047, 159044, 159045, 159050, 159051, 159048, 158953, 159049 Record: 340
Fehler 56 :	Zu diesem Kontakt existieren 11 potentielle Duplikate mit den Master IDs: 159042, 159043, 159046, 159047, 159044, 159045, 159050, 159051, 159048, 158953, 159049 Record: 341
Fehler 57 :	Zu diesem Kontakt existieren 11 potentielle Duplikate mit den Master IDs: 159042, 159043, 159046, 159047, 159044, 159045, 159050, 159051, 159048, 158953, 159049 Record: 342
Fehler 58 :	Zu diesem Kontakt existieren 11 potentielle Duplikate mit den Master IDs: 159042, 159043, 159046, 159047, 159044, 159045, 159050, 159051, 159048, 158953, 159049 Record: 343
Fehler 59 :	Zu diesem Kontakt existieren 11 potentielle Duplikate mit den Master IDs: 159042, 159043, 159046, 159047, 159044, 159045, 159050, 159051, 159048, 158953, 159049 Record: 344
Fehler 60 :	Zu diesem Kontakt existieren 11 potentielle Duplikate mit den Master IDs: 159042, 159043, 159046, 159047, 159044, 159045, 159050, 159051, 159048, 158953, 159049 Record: 345
Fehler 61 :	Zu diesem Kontakt existieren 11 potentielle Duplikate mit den Master IDs: 159042, 159043, 159046, 159047, 159044, 159045, 159050, 159051, 159048, 158953, 159049 Record: 346
Fehler 62 :	Zu diesem Kontakt existieren 11 potentielle Duplikate mit den Master IDs: 159042, 159043, 159046, 159047, 159044, 159045, 159050, 159051, 159048, 158953, 159049 Record: 347
Fehler 63 :	Zu diesem Kontakt existieren 11 potentielle Duplikate mit den Master IDs: 159042, 159043, 159046, 159047, 159044, 159045, 159050, 159051, 159048, 158953, 159049 Record: 348
Fehler 64 :	Zu diesem Kontakt existieren 11 potentielle Duplikate mit den Master IDs: 159042, 159043, 159046, 159047, 159044, 159045, 159050, 159051, 159048, 158953, 159049 Record: 349
Fehler 65 :	Zu diesem Kontakt existieren 11 potentielle Duplikate mit den Master IDs: 159042, 159043, 159046, 159047, 159044, 159045, 159050, 159051, 159048, 158953, 159049 Record: 350
Fehler 66 :	Zu diesem Kontakt existieren 11 potentielle Duplikate mit den Master IDs: 159042, 159043, 159046, 159047, 159044, 159045, 159050, 159051, 159048, 159049, 158953 Record: 351
Fehler 67 :	Zu diesem Kontakt existieren 2 potentielle Duplikate mit den Master IDs: 154032, 159057 Record: 359
Fehler 68 :	Zu diesem Kontakt existieren 2 potentielle Duplikate mit den Master IDs: 159060, 159061 Record: 362
Fehler 69 :	Zu diesem Kontakt existieren 2 potentielle Duplikate mit den Master IDs: 159060, 159061 Record: 363
Fehler 70 :	Zu diesem Kontakt existieren 2 potentielle Duplikate mit den Master IDs: 159649, 159066 Record: 370
Fehler 71 :	Zu diesem Kontakt existieren 2 potentielle Duplikate mit den Master IDs: 159072, 154069 Record: 379
Fehler 72 :	Zu diesem Kontakt existieren 2 potentielle Duplikate mit den Master IDs: 159073, 159078 Record: 381
Fehler 73 :	Zu diesem Kontakt existieren 2 potentielle Duplikate mit den Master IDs: 159075, 159076 Record: 384
Fehler 74 :	Zu diesem Kontakt existieren 2 potentielle Duplikate mit den Master IDs: 159075, 159076 Record: 385
Fehler 75 :	Zu diesem Kontakt existieren 2 potentielle Duplikate mit den Master IDs: 154081, 159077 Record: 386
Fehler 76 :	Zu diesem Kontakt existieren 2 potentielle Duplikate mit den Master IDs: 159073, 159078 Record: 387
Fehler 77 :	Zu diesem Kontakt existieren 2 potentielle Duplikate mit den Master IDs: 154176, 159084 Record: 395
Fehler 78 :	Zu diesem Kontakt existieren 2 potentielle Duplikate mit den Master IDs: 159086, 159087 Record: 397
Fehler 79 :	Zu diesem Kontakt existieren 2 potentielle Duplikate mit den Master IDs: 159086, 159087 Record: 398
Fehler 80 :	Zu diesem Kontakt existieren 2 potentielle Duplikate mit den Master IDs: 159094, 154120 Record: 407
Fehler 81 :	Zu diesem Kontakt existieren 2 potentielle Duplikate mit den Master IDs: 154059, 159097 Record: 412
Fehler 82 :	Zu diesem Kontakt existieren 2 potentielle Duplikate mit den Master IDs: 154337, 159102 Record: 418
Fehler 83 :	Zu diesem Kontakt existieren 2 potentielle Duplikate mit den Master IDs: 159105, 154150 Record: 421
Fehler 84 :	Zu diesem Kontakt existieren 2 potentielle Duplikate mit den Master IDs: 159126, 159125 Record: 452
Fehler 85 :	Zu diesem Kontakt existieren 2 potentielle Duplikate mit den Master IDs: 159126, 159125 Record: 453
Fehler 86 :	Zu diesem Kontakt existieren 2 potentielle Duplikate mit den Master IDs: 154227, 159130 Record: 461
Fehler 87 :	Zu diesem Kontakt existieren 2 potentielle Duplikate mit den Master IDs: 154229, 159131 Record: 462
Fehler 88 :	Zu diesem Kontakt existieren 2 potentielle Duplikate mit den Master IDs: 154235, 159135 Record: 466
Fehler 89 :	Zu diesem Kontakt existieren 2 potentielle Duplikate mit den Master IDs: 159137, 154239 Record: 468
Fehler 90 :	Zu diesem Kontakt existieren 2 potentielle Duplikate mit den Master IDs: 159143, 154248 Record: 475
Fehler 91 :	Zu diesem Kontakt existieren 2 potentielle Duplikate mit den Master IDs: 159146, 154249 Record: 478
Fehler 92 :	Zu diesem Kontakt existieren 2 potentielle Duplikate mit den Master IDs: 155492, 159148 Record: 480
Fehler 93 :	Zu diesem Kontakt existieren 2 potentielle Duplikate mit den Master IDs: 154259, 159150 Record: 482
Fehler 94 :	Zu diesem Kontakt existieren 2 potentielle Duplikate mit den Master IDs: 159154, 154297 Record: 490
Fehler 95 :	Zu diesem Kontakt existieren 2 potentielle Duplikate mit den Master IDs: 159156, 154302 Record: 492
Fehler 96 :	Zu diesem Kontakt existieren 2 potentielle Duplikate mit den Master IDs: 159158, 154312 Record: 494
Import gestartet:
	15.05.2017 16:33:52
####################
# Quelle:          #
####################
	Datei:DWH_Kunden_22.csv

####################
# Ziel             #
####################
	Kundennummer: 2027416
	Gesellschaft: Deutsche Werkstätten Hellerau GmbH Testimport
	Benutzername: dirk.kohnen@scopevisio.com

####################
# Einstellungen    #
####################
Art der importierten Daten:

	Kontakte
Duplikatserkannung durch:
	Name
Verhalten bei Duplikaten:
	Auffüllen
####################
# Ergebnis:         #
####################
Anzahl Importierter Kontakte:	132
Anzahl aktuallisierten Kontakte:	292
Anzahl Fehler:	76
Fehler 0 :	Zu diesem Kontakt existieren 2 potentielle Duplikate mit den Master IDs: 154326, 159160 Record: 3
Fehler 1 :	Zu diesem Kontakt existieren 2 potentielle Duplikate mit den Master IDs: 159174, 154282 Record: 26
Fehler 2 :	Zu diesem Kontakt existieren 2 potentielle Duplikate mit den Master IDs: 159177, 154365 Record: 33
Fehler 3 :	Zu diesem Kontakt existieren 2 potentielle Duplikate mit den Master IDs: 154373, 159180 Record: 38
Fehler 4 :	Zu diesem Kontakt existieren 2 potentielle Duplikate mit den Master IDs: 159182, 159183 Record: 42
Fehler 5 :	Zu diesem Kontakt existieren 2 potentielle Duplikate mit den Master IDs: 159182, 159183 Record: 43
Fehler 6 :	Zu diesem Kontakt existieren 2 potentielle Duplikate mit den Master IDs: 159187, 154403 Record: 47
Fehler 7 :	Zu diesem Kontakt existieren 2 potentielle Duplikate mit den Master IDs: 159194, 154426 Record: 58
Fehler 8 :	Zu diesem Kontakt existieren 2 potentielle Duplikate mit den Master IDs: 154461, 159213 Record: 79
Fehler 9 :	Zu diesem Kontakt existieren 2 potentielle Duplikate mit den Master IDs: 159218, 154471 Record: 84
Fehler 10 :	Zu diesem Kontakt existieren 2 potentielle Duplikate mit den Master IDs: 159219, 154472 Record: 85
Fehler 11 :	Zu diesem Kontakt existieren 2 potentielle Duplikate mit den Master IDs: 159232, 154516 Record: 103
Fehler 12 :	Zu diesem Kontakt existieren 2 potentielle Duplikate mit den Master IDs: 159234, 154528 Record: 106
Fehler 13 :	Zu diesem Kontakt existieren 2 potentielle Duplikate mit den Master IDs: 154545, 159242 Record: 116
Fehler 14 :	Zu diesem Kontakt existieren 2 potentielle Duplikate mit den Master IDs: 154548, 159245 Record: 120
Fehler 15 :	Zu diesem Kontakt existieren 2 potentielle Duplikate mit den Master IDs: 154560, 159249 Record: 126
Fehler 16 :	Zu diesem Kontakt existieren 2 potentielle Duplikate mit den Master IDs: 159251, 154563 Record: 129
Fehler 17 :	Zu diesem Kontakt existieren 2 potentielle Duplikate mit den Master IDs: 154583, 159263 Record: 145
Fehler 18 :	Zu diesem Kontakt existieren 2 potentielle Duplikate mit den Master IDs: 154600, 159273 Record: 156
Fehler 19 :	Zu diesem Kontakt existieren 2 potentielle Duplikate mit den Master IDs: 154603, 159275 Record: 158
Fehler 20 :	Zu diesem Kontakt existieren 2 potentielle Duplikate mit den Master IDs: 159282, 154630 Record: 169
Fehler 21 :	Zu diesem Kontakt existieren 2 potentielle Duplikate mit den Master IDs: 159283, 159285 Record: 170
Fehler 22 :	Zu diesem Kontakt existieren 2 potentielle Duplikate mit den Master IDs: 159283, 159285 Record: 172
Fehler 23 :	Zu diesem Kontakt existieren 2 potentielle Duplikate mit den Master IDs: 159288, 154649 Record: 176
Fehler 24 :	Zu diesem Kontakt existieren 2 potentielle Duplikate mit den Master IDs: 154672, 159306 Record: 199
Fehler 25 :	Zu diesem Kontakt existieren 2 potentielle Duplikate mit den Master IDs: 159307, 154669 Record: 200
Fehler 26 :	Zu diesem Kontakt existieren 3 potentielle Duplikate mit den Master IDs: 159308, 154668, 159309 Record: 201
Fehler 27 :	Zu diesem Kontakt existieren 3 potentielle Duplikate mit den Master IDs: 159308, 154668, 159309 Record: 202
Fehler 28 :	Zu diesem Kontakt existieren 4 potentielle Duplikate mit den Master IDs: 154674, 154675, 159312, 154676 Record: 205
Fehler 29 :	Zu diesem Kontakt existieren 2 potentielle Duplikate mit den Master IDs: 155236, 159316 Record: 210
Fehler 30 :	Zu diesem Kontakt existieren 2 potentielle Duplikate mit den Master IDs: 154694, 159319 Record: 215
Fehler 31 :	Zu diesem Kontakt existieren 16 potentielle Duplikate mit den Master IDs: 160098, 154883, 154880, 154881, 158694, 154886, 154887, 154884, 159332, 154885, 159333, 152745, 154739, 157524, 154878, 154879 Record: 229
Fehler 32 :	Zu diesem Kontakt existieren 16 potentielle Duplikate mit den Master IDs: 160098, 154883, 154880, 154881, 158694, 154886, 154887, 154884, 159332, 154885, 159333, 152745, 154739, 157524, 154878, 154879 Record: 235
Fehler 33 :	Zu diesem Kontakt existieren 16 potentielle Duplikate mit den Master IDs: 160098, 154883, 154880, 154881, 158694, 154886, 154887, 154884, 159332, 154885, 159333, 152745, 154739, 157524, 154878, 154879 Record: 236
Fehler 34 :	Zu diesem Kontakt existieren 2 potentielle Duplikate mit den Master IDs: 154745, 159342 Record: 246
Fehler 35 :	Zu diesem Kontakt existieren 2 potentielle Duplikate mit den Master IDs: 159344, 154747 Record: 248
Fehler 36 :	Zu diesem Kontakt existieren 2 potentielle Duplikate mit den Master IDs: 159350, 159351 Record: 256
Fehler 37 :	Zu diesem Kontakt existieren 2 potentielle Duplikate mit den Master IDs: 159350, 159351 Record: 257
Fehler 38 :	Zu diesem Kontakt existieren 2 potentielle Duplikate mit den Master IDs: 159361, 154790 Record: 269
Fehler 39 :	Zu diesem Kontakt existieren 2 potentielle Duplikate mit den Master IDs: 159363, 154829 Record: 276
Fehler 40 :	Zu diesem Kontakt existieren 2 potentielle Duplikate mit den Master IDs: 154850, 159366 Record: 281
Fehler 41 :	Zu diesem Kontakt existieren 2 potentielle Duplikate mit den Master IDs: 159370, 154857 Record: 285
Fehler 42 :	Zu diesem Kontakt existieren 2 potentielle Duplikate mit den Master IDs: 159371, 154860 Record: 286
Fehler 43 :	Zu diesem Kontakt existieren 2 potentielle Duplikate mit den Master IDs: 159379, 154905 Record: 298
Fehler 44 :	Zu diesem Kontakt existieren 2 potentielle Duplikate mit den Master IDs: 154913, 159383 Record: 303
Fehler 45 :	Zu diesem Kontakt existieren 2 potentielle Duplikate mit den Master IDs: 159391, 154941 Record: 316
Fehler 46 :	Zu diesem Kontakt existieren 2 potentielle Duplikate mit den Master IDs: 159398, 154969 Record: 327
Fehler 47 :	Zu diesem Kontakt existieren 2 potentielle Duplikate mit den Master IDs: 159399, 154974 Record: 328
Fehler 48 :	Zu diesem Kontakt existieren 2 potentielle Duplikate mit den Master IDs: 154977, 159400 Record: 329
Fehler 49 :	Zu diesem Kontakt existieren 2 potentielle Duplikate mit den Master IDs: 159402, 154988 Record: 332
Fehler 50 :	Zu diesem Kontakt existieren 2 potentielle Duplikate mit den Master IDs: 159403, 154990 Record: 333
Fehler 51 :	Zu diesem Kontakt existieren 2 potentielle Duplikate mit den Master IDs: 159406, 159405 Record: 335
Fehler 52 :	Zu diesem Kontakt existieren 2 potentielle Duplikate mit den Master IDs: 159406, 159405 Record: 336
Fehler 53 :	Zu diesem Kontakt existieren 2 potentielle Duplikate mit den Master IDs: 159408, 159407 Record: 338
Fehler 54 :	Zu diesem Kontakt existieren 2 potentielle Duplikate mit den Master IDs: 159408, 159407 Record: 339
Fehler 55 :	Zu diesem Kontakt existieren 2 potentielle Duplikate mit den Master IDs: 159410, 155012 Record: 341
Fehler 56 :	Zu diesem Kontakt existieren 2 potentielle Duplikate mit den Master IDs: 159414, 155017 Record: 347
Fehler 57 :	Zu diesem Kontakt existieren 2 potentielle Duplikate mit den Master IDs: 159415, 155022 Record: 349
Fehler 58 :	Zu diesem Kontakt existieren 2 potentielle Duplikate mit den Master IDs: 155024, 159416 Record: 350
Fehler 59 :	Zu diesem Kontakt existieren 2 potentielle Duplikate mit den Master IDs: 159424, 159423 Record: 361
Fehler 60 :	Zu diesem Kontakt existieren 2 potentielle Duplikate mit den Master IDs: 159424, 159423 Record: 362
Fehler 61 :	Zu diesem Kontakt existieren 5 potentielle Duplikate mit den Master IDs: 158480, 158481, 159431, 158511, 158397 Record: 369
Fehler 62 :	Zu diesem Kontakt existieren 2 potentielle Duplikate mit den Master IDs: 155073, 159441 Record: 387
Fehler 63 :	Zu diesem Kontakt existieren 3 potentielle Duplikate mit den Master IDs: 158707, 152801, 159445 Record: 391
Fehler 64 :	Zu diesem Kontakt existieren 2 potentielle Duplikate mit den Master IDs: 159446, 155083 Record: 392
Fehler 65 :	Zu diesem Kontakt existieren 2 potentielle Duplikate mit den Master IDs: 159447, 151257 Record: 394
Fehler 66 :	Zu diesem Kontakt existieren 2 potentielle Duplikate mit den Master IDs: 159452, 158701 Record: 406
Fehler 67 :	Zu diesem Kontakt existieren 2 potentielle Duplikate mit den Master IDs: 155128, 159454 Record: 411
Fehler 68 :	Zu diesem Kontakt existieren 2 potentielle Duplikate mit den Master IDs: 159458, 155139 Record: 418
Fehler 69 :	Zu diesem Kontakt existieren 2 potentielle Duplikate mit den Master IDs: 155186, 159469 Record: 436
Fehler 70 :	Zu diesem Kontakt existieren 2 potentielle Duplikate mit den Master IDs: 159482, 155208 Record: 451
Fehler 71 :	Zu diesem Kontakt existieren 2 potentielle Duplikate mit den Master IDs: 155218, 159484 Record: 458
Fehler 72 :	Zu diesem Kontakt existieren 2 potentielle Duplikate mit den Master IDs: 155225, 159486 Record: 460
Fehler 73 :	Zu diesem Kontakt existieren 2 potentielle Duplikate mit den Master IDs: 159488, 155231 Record: 462
Fehler 74 :	Zu diesem Kontakt existieren 3 potentielle Duplikate mit den Master IDs: 155248, 159499, 155247 Record: 474
Fehler 75 :	Zu diesem Kontakt existieren 2 potentielle Duplikate mit den Master IDs: 159511, 155290 Record: 491
Import gestartet:
	15.05.2017 16:43:17
####################
# Quelle:          #
####################
	Datei:DWH_Kunden_31.csv

####################
# Ziel             #
####################
	Kundennummer: 2027416
	Gesellschaft: Deutsche Werkstätten Hellerau GmbH Testimport
	Benutzername: dirk.kohnen@scopevisio.com

####################
# Einstellungen    #
####################
Art der importierten Daten:

	Kontakte
Duplikatserkannung durch:
	Name
Verhalten bei Duplikaten:
	Auffüllen
####################
# Ergebnis:         #
####################
Anzahl Importierter Kontakte:	112
Anzahl aktuallisierten Kontakte:	307
Anzahl Fehler:	79
Fehler 0 :	Zu diesem Kontakt existieren 2 potentielle Duplikate mit den Master IDs: 159520, 158013 Record: 6
Fehler 1 :	Zu diesem Kontakt existieren 2 potentielle Duplikate mit den Master IDs: 159530, 155497 Record: 19
Fehler 2 :	Zu diesem Kontakt existieren 2 potentielle Duplikate mit den Master IDs: 159531, 155384 Record: 20
Fehler 3 :	Zu diesem Kontakt existieren 2 potentielle Duplikate mit den Master IDs: 159532, 155389 Record: 21
Fehler 4 :	Zu diesem Kontakt existieren 2 potentielle Duplikate mit den Master IDs: 159539, 155405 Record: 28
Fehler 5 :	Zu diesem Kontakt existieren 2 potentielle Duplikate mit den Master IDs: 159540, 155406 Record: 29
Fehler 6 :	Zu diesem Kontakt existieren 2 potentielle Duplikate mit den Master IDs: 159543, 155420 Record: 35
Fehler 7 :	Zu diesem Kontakt existieren 2 potentielle Duplikate mit den Master IDs: 155426, 159544 Record: 36
Fehler 8 :	Zu diesem Kontakt existieren 2 potentielle Duplikate mit den Master IDs: 159547, 155449 Record: 44
Fehler 9 :	Zu diesem Kontakt existieren 2 potentielle Duplikate mit den Master IDs: 158469, 159549 Record: 49
Fehler 10 :	Zu diesem Kontakt existieren 2 potentielle Duplikate mit den Master IDs: 159550, 155455 Record: 50
Fehler 11 :	Zu diesem Kontakt existieren 2 potentielle Duplikate mit den Master IDs: 159553, 155464 Record: 55
Fehler 12 :	Zu diesem Kontakt existieren 2 potentielle Duplikate mit den Master IDs: 159554, 155467 Record: 56
Fehler 13 :	Zu diesem Kontakt existieren 2 potentielle Duplikate mit den Master IDs: 159555, 155482 Record: 57
Fehler 14 :	Zu diesem Kontakt existieren 2 potentielle Duplikate mit den Master IDs: 159558, 155471 Record: 61
Fehler 15 :	Zu diesem Kontakt existieren 2 potentielle Duplikate mit den Master IDs: 155476, 159560 Record: 63
Fehler 16 :	Zu diesem Kontakt existieren 2 potentielle Duplikate mit den Master IDs: 155465, 159561 Record: 64
Fehler 17 :	Zu diesem Kontakt existieren 2 potentielle Duplikate mit den Master IDs: 159569, 160255 Record: 74
Fehler 18 :	Zu diesem Kontakt existieren 2 potentielle Duplikate mit den Master IDs: 159587, 155559 Record: 102
Fehler 19 :	Zu diesem Kontakt existieren 2 potentielle Duplikate mit den Master IDs: 159591, 155567 Record: 106
Fehler 20 :	Zu diesem Kontakt existieren 2 potentielle Duplikate mit den Master IDs: 155568, 159592 Record: 107
Fehler 21 :	Zu diesem Kontakt existieren 2 potentielle Duplikate mit den Master IDs: 155584, 159599 Record: 115
Fehler 22 :	Zu diesem Kontakt existieren 3 potentielle Duplikate mit den Master IDs: 155619, 159606, 159605 Record: 124
Fehler 23 :	Zu diesem Kontakt existieren 3 potentielle Duplikate mit den Master IDs: 155619, 159606, 159605 Record: 125
Fehler 24 :	Zu diesem Kontakt existieren 2 potentielle Duplikate mit den Master IDs: 155626, 159608 Record: 128
Fehler 25 :	Zu diesem Kontakt existieren 2 potentielle Duplikate mit den Master IDs: 158978, 159612 Record: 132
Fehler 26 :	Zu diesem Kontakt existieren 2 potentielle Duplikate mit den Master IDs: 159620, 155644 Record: 142
Fehler 27 :	Zu diesem Kontakt existieren 2 potentielle Duplikate mit den Master IDs: 159623, 159624 Record: 145
Fehler 28 :	Zu diesem Kontakt existieren 2 potentielle Duplikate mit den Master IDs: 159623, 159624 Record: 146
Fehler 29 :	Zu diesem Kontakt existieren 2 potentielle Duplikate mit den Master IDs: 155958, 159627 Record: 150
Fehler 30 :	Zu diesem Kontakt existieren 2 potentielle Duplikate mit den Master IDs: 155686, 159636 Record: 160
Fehler 31 :	Zu diesem Kontakt existieren 2 potentielle Duplikate mit den Master IDs: 158656, 159641 Record: 167
Fehler 32 :	Zu diesem Kontakt existieren 2 potentielle Duplikate mit den Master IDs: 159648, 155690 Record: 175
Fehler 33 :	Zu diesem Kontakt existieren 2 potentielle Duplikate mit den Master IDs: 159649, 159066 Record: 177
Fehler 34 :	Zu diesem Kontakt existieren 2 potentielle Duplikate mit den Master IDs: 159650, 156983 Record: 178
Fehler 35 :	Zu diesem Kontakt existieren 2 potentielle Duplikate mit den Master IDs: 155760, 159654 Record: 183
Fehler 36 :	Zu diesem Kontakt existieren 2 potentielle Duplikate mit den Master IDs: 159662, 155791 Record: 194
Fehler 37 :	Zu diesem Kontakt existieren 2 potentielle Duplikate mit den Master IDs: 159667, 155797 Record: 200
Fehler 38 :	Zu diesem Kontakt existieren 2 potentielle Duplikate mit den Master IDs: 155808, 159672 Record: 205
Fehler 39 :	Zu diesem Kontakt existieren 2 potentielle Duplikate mit den Master IDs: 159679, 155823 Record: 214
Fehler 40 :	Zu diesem Kontakt existieren 3 potentielle Duplikate mit den Master IDs: 159686, 159687, 159685 Record: 224
Fehler 41 :	Zu diesem Kontakt existieren 3 potentielle Duplikate mit den Master IDs: 159686, 159687, 159685 Record: 225
Fehler 42 :	Zu diesem Kontakt existieren 3 potentielle Duplikate mit den Master IDs: 159686, 159687, 159685 Record: 226
Fehler 43 :	Zu diesem Kontakt existieren 2 potentielle Duplikate mit den Master IDs: 159690, 155838 Record: 229
Fehler 44 :	Zu diesem Kontakt existieren 2 potentielle Duplikate mit den Master IDs: 155844, 159695 Record: 234
Fehler 45 :	Zu diesem Kontakt existieren 2 potentielle Duplikate mit den Master IDs: 159697, 155847 Record: 237
Fehler 46 :	Zu diesem Kontakt existieren 2 potentielle Duplikate mit den Master IDs: 159699, 155853 Record: 239
Fehler 47 :	Zu diesem Kontakt existieren 2 potentielle Duplikate mit den Master IDs: 159701, 155864 Record: 241
Fehler 48 :	Zu diesem Kontakt existieren 2 potentielle Duplikate mit den Master IDs: 159703, 155869 Record: 244
Fehler 49 :	Zu diesem Kontakt existieren 2 potentielle Duplikate mit den Master IDs: 155873, 159704 Record: 246
Fehler 50 :	Zu diesem Kontakt existieren 2 potentielle Duplikate mit den Master IDs: 159710, 159711 Record: 254
Fehler 51 :	Zu diesem Kontakt existieren 2 potentielle Duplikate mit den Master IDs: 159710, 159711 Record: 255
Fehler 52 :	Zu diesem Kontakt existieren 2 potentielle Duplikate mit den Master IDs: 159730, 155955 Record: 284
Fehler 53 :	Zu diesem Kontakt existieren 6 potentielle Duplikate mit den Master IDs: 152336, 159734, 159735, 159739, 159736, 152334 Record: 288
Fehler 54 :	Zu diesem Kontakt existieren 6 potentielle Duplikate mit den Master IDs: 152336, 159734, 159735, 159739, 159736, 152334 Record: 289
Fehler 55 :	Zu diesem Kontakt existieren 6 potentielle Duplikate mit den Master IDs: 152336, 159734, 159735, 159739, 159736, 152334 Record: 290
Fehler 56 :	Zu diesem Kontakt existieren 6 potentielle Duplikate mit den Master IDs: 152336, 159734, 159735, 159739, 159736, 152334 Record: 292
Fehler 57 :	Zu diesem Kontakt existieren 6 potentielle Duplikate mit den Master IDs: 152336, 159734, 159735, 159739, 159736, 152334 Record: 296
Fehler 58 :	Zu diesem Kontakt existieren 2 potentielle Duplikate mit den Master IDs: 159742, 159743 Record: 304
Fehler 59 :	Zu diesem Kontakt existieren 2 potentielle Duplikate mit den Master IDs: 159742, 159743 Record: 305
Fehler 60 :	Zu diesem Kontakt existieren 2 potentielle Duplikate mit den Master IDs: 156025, 159758 Record: 324
Fehler 61 :	Zu diesem Kontakt existieren 2 potentielle Duplikate mit den Master IDs: 158848, 159759 Record: 331
Fehler 62 :	Zu diesem Kontakt existieren 2 potentielle Duplikate mit den Master IDs: 154145, 159765 Record: 338
Fehler 63 :	Zu diesem Kontakt existieren 6 potentielle Duplikate mit den Master IDs: 156064, 159771, 156062, 159772, 156061, 159773 Record: 346
Fehler 64 :	Zu diesem Kontakt existieren 6 potentielle Duplikate mit den Master IDs: 156064, 159771, 156062, 159772, 156061, 159773 Record: 347
Fehler 65 :	Zu diesem Kontakt existieren 6 potentielle Duplikate mit den Master IDs: 156064, 159771, 156062, 159772, 156061, 159773 Record: 348
Fehler 66 :	Zu diesem Kontakt existieren 6 potentielle Duplikate mit den Master IDs: 156064, 159771, 156062, 159772, 156061, 159773 Record: 349
Fehler 67 :	Zu diesem Kontakt existieren 3 potentielle Duplikate mit den Master IDs: 156086, 156085, 159784 Record: 365
Fehler 68 :	Zu diesem Kontakt existieren 2 potentielle Duplikate mit den Master IDs: 156087, 159785 Record: 368
Fehler 69 :	Zu diesem Kontakt existieren 16 potentielle Duplikate mit den Master IDs: 160098, 154883, 154880, 154881, 158694, 154886, 154887, 154884, 159332, 154885, 159333, 152745, 154739, 157524, 154878, 154879 Record: 377
Fehler 70 :	Zu diesem Kontakt existieren 2 potentielle Duplikate mit den Master IDs: 159806, 156157 Record: 393
Fehler 71 :	Zu diesem Kontakt existieren 2 potentielle Duplikate mit den Master IDs: 156177, 159816 Record: 405
Fehler 72 :	Zu diesem Kontakt existieren 2 potentielle Duplikate mit den Master IDs: 156229, 159834 Record: 427
Fehler 73 :	Zu diesem Kontakt existieren 2 potentielle Duplikate mit den Master IDs: 156240, 159838 Record: 432
Fehler 74 :	Zu diesem Kontakt existieren 2 potentielle Duplikate mit den Master IDs: 159857, 156303 Record: 456
Fehler 75 :	Zu diesem Kontakt existieren 2 potentielle Duplikate mit den Master IDs: 156327, 159864 Record: 464
Fehler 76 :	Zu diesem Kontakt existieren 2 potentielle Duplikate mit den Master IDs: 156328, 159865 Record: 466
Fehler 77 :	Zu diesem Kontakt existieren 2 potentielle Duplikate mit den Master IDs: 159878, 156360 Record: 480
Fehler 78 :	Zu diesem Kontakt existieren 2 potentielle Duplikate mit den Master IDs: 156373, 159881 Record: 484
Import gestartet:
	15.05.2017 16:53:46
####################
# Quelle:          #
####################
	Datei:DWH_Kunden_32.csv

####################
# Ziel             #
####################
	Kundennummer: 2027416
	Gesellschaft: Deutsche Werkstätten Hellerau GmbH Testimport
	Benutzername: dirk.kohnen@scopevisio.com

####################
# Einstellungen    #
####################
Art der importierten Daten:

	Kontakte
Duplikatserkannung durch:
	Name
Verhalten bei Duplikaten:
	Auffüllen
####################
# Ergebnis:         #
####################
Anzahl Importierter Kontakte:	168
Anzahl aktuallisierten Kontakte:	473
Anzahl Fehler:	127
Fehler 0 :	Zu diesem Kontakt existieren 2 potentielle Duplikate mit den Master IDs: 159898, 156425 Record: 10
Fehler 1 :	Zu diesem Kontakt existieren 2 potentielle Duplikate mit den Master IDs: 159907, 156463 Record: 25
Fehler 2 :	Zu diesem Kontakt existieren 2 potentielle Duplikate mit den Master IDs: 159911, 159912 Record: 30
Fehler 3 :	Zu diesem Kontakt existieren 2 potentielle Duplikate mit den Master IDs: 159911, 159912 Record: 31
Fehler 4 :	Zu diesem Kontakt existieren 2 potentielle Duplikate mit den Master IDs: 156473, 159913 Record: 32
Fehler 5 :	Zu diesem Kontakt existieren 2 potentielle Duplikate mit den Master IDs: 159915, 156478 Record: 34
Fehler 6 :	Zu diesem Kontakt existieren 2 potentielle Duplikate mit den Master IDs: 159924, 158509 Record: 51
Fehler 7 :	Zu diesem Kontakt existieren 2 potentielle Duplikate mit den Master IDs: 159931, 156541 Record: 61
Fehler 8 :	Zu diesem Kontakt existieren 5 potentielle Duplikate mit den Master IDs: 159938, 159939, 159940, 158779, 154665 Record: 74
Fehler 9 :	Zu diesem Kontakt existieren 5 potentielle Duplikate mit den Master IDs: 159938, 159939, 159940, 158779, 154665 Record: 76
Fehler 10 :	Zu diesem Kontakt existieren 5 potentielle Duplikate mit den Master IDs: 159938, 159939, 159940, 158779, 154665 Record: 77
Fehler 11 :	Zu diesem Kontakt existieren 2 potentielle Duplikate mit den Master IDs: 159943, 156601 Record: 80
Fehler 12 :	Zu diesem Kontakt existieren 2 potentielle Duplikate mit den Master IDs: 156593, 159944 Record: 81
Fehler 13 :	Zu diesem Kontakt existieren 3 potentielle Duplikate mit den Master IDs: 159955, 159956, 156618 Record: 93
Fehler 14 :	Zu diesem Kontakt existieren 3 potentielle Duplikate mit den Master IDs: 159955, 159956, 156618 Record: 94
Fehler 15 :	Zu diesem Kontakt existieren 4 potentielle Duplikate mit den Master IDs: 159968, 159962, 159966, 159967 Record: 102
Fehler 16 :	Zu diesem Kontakt existieren 4 potentielle Duplikate mit den Master IDs: 159968, 159962, 159966, 159967 Record: 106
Fehler 17 :	Zu diesem Kontakt existieren 4 potentielle Duplikate mit den Master IDs: 159968, 159962, 159966, 159967 Record: 107
Fehler 18 :	Zu diesem Kontakt existieren 4 potentielle Duplikate mit den Master IDs: 159968, 159962, 159966, 159967 Record: 108
Fehler 19 :	Zu diesem Kontakt existieren 2 potentielle Duplikate mit den Master IDs: 159973, 156666 Record: 113
Fehler 20 :	Zu diesem Kontakt existieren 2 potentielle Duplikate mit den Master IDs: 156688, 159975 Record: 119
Fehler 21 :	Zu diesem Kontakt existieren 2 potentielle Duplikate mit den Master IDs: 156706, 159989 Record: 135
Fehler 22 :	Zu diesem Kontakt existieren 2 potentielle Duplikate mit den Master IDs: 159992, 160092 Record: 138
Fehler 23 :	Zu diesem Kontakt existieren 2 potentielle Duplikate mit den Master IDs: 160003, 156769 Record: 152
Fehler 24 :	Zu diesem Kontakt existieren 2 potentielle Duplikate mit den Master IDs: 160012, 156796 Record: 163
Fehler 25 :	Zu diesem Kontakt existieren 2 potentielle Duplikate mit den Master IDs: 160021, 156809 Record: 172
Fehler 26 :	Zu diesem Kontakt existieren 2 potentielle Duplikate mit den Master IDs: 158972, 160028 Record: 182
Fehler 27 :	Zu diesem Kontakt existieren 2 potentielle Duplikate mit den Master IDs: 160035, 160037 Record: 191
Fehler 28 :	Zu diesem Kontakt existieren 2 potentielle Duplikate mit den Master IDs: 160035, 160037 Record: 193
Fehler 29 :	Zu diesem Kontakt existieren 2 potentielle Duplikate mit den Master IDs: 156867, 160042 Record: 201
Fehler 30 :	Zu diesem Kontakt existieren 5 potentielle Duplikate mit den Master IDs: 159938, 159939, 159940, 158779, 154665 Record: 219
Fehler 31 :	Zu diesem Kontakt existieren 2 potentielle Duplikate mit den Master IDs: 156908, 160060 Record: 222
Fehler 32 :	Zu diesem Kontakt existieren 2 potentielle Duplikate mit den Master IDs: 156912, 160061 Record: 224
Fehler 33 :	Zu diesem Kontakt existieren 2 potentielle Duplikate mit den Master IDs: 156482, 160062 Record: 225
Fehler 34 :	Zu diesem Kontakt existieren 2 potentielle Duplikate mit den Master IDs: 160069, 156959 Record: 238
Fehler 35 :	Zu diesem Kontakt existieren 2 potentielle Duplikate mit den Master IDs: 156970, 160072 Record: 241
Fehler 36 :	Zu diesem Kontakt existieren 2 potentielle Duplikate mit den Master IDs: 160075, 160076 Record: 246
Fehler 37 :	Zu diesem Kontakt existieren 2 potentielle Duplikate mit den Master IDs: 160075, 160076 Record: 247
Fehler 38 :	Zu diesem Kontakt existieren 2 potentielle Duplikate mit den Master IDs: 156982, 160084 Record: 255
Fehler 39 :	Zu diesem Kontakt existieren 2 potentielle Duplikate mit den Master IDs: 160087, 156991 Record: 258
Fehler 40 :	Zu diesem Kontakt existieren 2 potentielle Duplikate mit den Master IDs: 157714, 160090 Record: 263
Fehler 41 :	Zu diesem Kontakt existieren 2 potentielle Duplikate mit den Master IDs: 159992, 160092 Record: 266
Fehler 42 :	Zu diesem Kontakt existieren 16 potentielle Duplikate mit den Master IDs: 160098, 154883, 154880, 154881, 158694, 154886, 154887, 154884, 159332, 154885, 159333, 152745, 154739, 157524, 154878, 154879 Record: 272
Fehler 43 :	Zu diesem Kontakt existieren 2 potentielle Duplikate mit den Master IDs: 157044, 160111 Record: 292
Fehler 44 :	Zu diesem Kontakt existieren 2 potentielle Duplikate mit den Master IDs: 157056, 160117 Record: 299
Fehler 45 :	Zu diesem Kontakt existieren 2 potentielle Duplikate mit den Master IDs: 157071, 160125 Record: 309
Fehler 46 :	Zu diesem Kontakt existieren 2 potentielle Duplikate mit den Master IDs: 157088, 160129 Record: 313
Fehler 47 :	Zu diesem Kontakt existieren 2 potentielle Duplikate mit den Master IDs: 157104, 160133 Record: 318
Fehler 48 :	Zu diesem Kontakt existieren 2 potentielle Duplikate mit den Master IDs: 160139, 157112 Record: 324
Fehler 49 :	Zu diesem Kontakt existieren 2 potentielle Duplikate mit den Master IDs: 157122, 160140 Record: 326
Fehler 50 :	Zu diesem Kontakt existieren 2 potentielle Duplikate mit den Master IDs: 160194, 160145 Record: 331
Fehler 51 :	Zu diesem Kontakt existieren 2 potentielle Duplikate mit den Master IDs: 160149, 157132 Record: 340
Fehler 52 :	Zu diesem Kontakt existieren 2 potentielle Duplikate mit den Master IDs: 157137, 160150 Record: 341
Fehler 53 :	Zu diesem Kontakt existieren 2 potentielle Duplikate mit den Master IDs: 157187, 160165 Record: 363
Fehler 54 :	Zu diesem Kontakt existieren 2 potentielle Duplikate mit den Master IDs: 157203, 160166 Record: 367
Fehler 55 :	Zu diesem Kontakt existieren 2 potentielle Duplikate mit den Master IDs: 160170, 157212 Record: 371
Fehler 56 :	Zu diesem Kontakt existieren 2 potentielle Duplikate mit den Master IDs: 152273, 160175 Record: 377
Fehler 57 :	Zu diesem Kontakt existieren 2 potentielle Duplikate mit den Master IDs: 160176, 157224 Record: 378
Fehler 58 :	Zu diesem Kontakt existieren 2 potentielle Duplikate mit den Master IDs: 160177, 157225 Record: 379
Fehler 59 :	Zu diesem Kontakt existieren 2 potentielle Duplikate mit den Master IDs: 160180, 157247 Record: 382
Fehler 60 :	Zu diesem Kontakt existieren 4 potentielle Duplikate mit den Master IDs: 160182, 160183, 160186, 160185 Record: 384
Fehler 61 :	Zu diesem Kontakt existieren 4 potentielle Duplikate mit den Master IDs: 160182, 160183, 160186, 160185 Record: 385
Fehler 62 :	Zu diesem Kontakt existieren 4 potentielle Duplikate mit den Master IDs: 160182, 160183, 160186, 160185 Record: 387
Fehler 63 :	Zu diesem Kontakt existieren 4 potentielle Duplikate mit den Master IDs: 160182, 160183, 160186, 160185 Record: 388
Fehler 64 :	Zu diesem Kontakt existieren 4 potentielle Duplikate mit den Master IDs: 160182, 160183, 160186, 160185 Record: 389
Fehler 65 :	Zu diesem Kontakt existieren 2 potentielle Duplikate mit den Master IDs: 157266, 160189 Record: 392
Fehler 66 :	Zu diesem Kontakt existieren 2 potentielle Duplikate mit den Master IDs: 160194, 160145 Record: 400
Fehler 67 :	Zu diesem Kontakt existieren 2 potentielle Duplikate mit den Master IDs: 157315, 160199 Record: 407
Fehler 68 :	Zu diesem Kontakt existieren 2 potentielle Duplikate mit den Master IDs: 157316, 160200 Record: 408
Fehler 69 :	Zu diesem Kontakt existieren 2 potentielle Duplikate mit den Master IDs: 160206, 157324 Record: 416
Fehler 70 :	Zu diesem Kontakt existieren 2 potentielle Duplikate mit den Master IDs: 160217, 157343 Record: 430
Fehler 71 :	Zu diesem Kontakt existieren 2 potentielle Duplikate mit den Master IDs: 157352, 160222 Record: 435
Fehler 72 :	Zu diesem Kontakt existieren 2 potentielle Duplikate mit den Master IDs: 160226, 151516 Record: 439
Fehler 73 :	Zu diesem Kontakt existieren 2 potentielle Duplikate mit den Master IDs: 157380, 160236 Record: 452
Fehler 74 :	Zu diesem Kontakt existieren 2 potentielle Duplikate mit den Master IDs: 157431, 160247 Record: 467
Fehler 75 :	Zu diesem Kontakt existieren 2 potentielle Duplikate mit den Master IDs: 157435, 160248 Record: 469
Fehler 76 :	Zu diesem Kontakt existieren 2 potentielle Duplikate mit den Master IDs: 157449, 160252 Record: 474
Fehler 77 :	Zu diesem Kontakt existieren 2 potentielle Duplikate mit den Master IDs: 159569, 160255 Record: 477
Fehler 78 :	Zu diesem Kontakt existieren 2 potentielle Duplikate mit den Master IDs: 157456, 160257 Record: 479
Fehler 79 :	Zu diesem Kontakt existieren 2 potentielle Duplikate mit den Master IDs: 160258, 160259 Record: 482
Fehler 80 :	Zu diesem Kontakt existieren 2 potentielle Duplikate mit den Master IDs: 160258, 160259 Record: 483
Fehler 81 :	Zu diesem Kontakt existieren 2 potentielle Duplikate mit den Master IDs: 157504, 160265 Record: 493
Fehler 82 :	Zu diesem Kontakt existieren 2 potentielle Duplikate mit den Master IDs: 160275, 157528 Record: 504
Fehler 83 :	Zu diesem Kontakt existieren 2 potentielle Duplikate mit den Master IDs: 157562, 160287 Record: 519
Fehler 84 :	Zu diesem Kontakt existieren 2 potentielle Duplikate mit den Master IDs: 160295, 157588 Record: 529
Fehler 85 :	Zu diesem Kontakt existieren 2 potentielle Duplikate mit den Master IDs: 157590, 160296 Record: 530
Fehler 86 :	Zu diesem Kontakt existieren 2 potentielle Duplikate mit den Master IDs: 156971, 160303 Record: 537
Fehler 87 :	Zu diesem Kontakt existieren 2 potentielle Duplikate mit den Master IDs: 160305, 157611 Record: 539
Fehler 88 :	Zu diesem Kontakt existieren 2 potentielle Duplikate mit den Master IDs: 156322, 160310 Record: 544
Fehler 89 :	Zu diesem Kontakt existieren 2 potentielle Duplikate mit den Master IDs: 160313, 157630 Record: 547
Fehler 90 :	Zu diesem Kontakt existieren 2 potentielle Duplikate mit den Master IDs: 160314, 157631 Record: 548
Fehler 91 :	Zu diesem Kontakt existieren 2 potentielle Duplikate mit den Master IDs: 157643, 160317 Record: 551
Fehler 92 :	Zu diesem Kontakt existieren 2 potentielle Duplikate mit den Master IDs: 160327, 157677 Record: 567
Fehler 93 :	Zu diesem Kontakt existieren 2 potentielle Duplikate mit den Master IDs: 157700, 160331 Record: 573
Fehler 94 :	Zu diesem Kontakt existieren 4 potentielle Duplikate mit den Master IDs: 160386, 160384, 160337, 160385 Record: 584
Fehler 95 :	Zu diesem Kontakt existieren 3 potentielle Duplikate mit den Master IDs: 160346, 160347, 157741 Record: 594
Fehler 96 :	Zu diesem Kontakt existieren 3 potentielle Duplikate mit den Master IDs: 160346, 160347, 157741 Record: 595
Fehler 97 :	Zu diesem Kontakt existieren 2 potentielle Duplikate mit den Master IDs: 160352, 157755 Record: 600
Fehler 98 :	Zu diesem Kontakt existieren 2 potentielle Duplikate mit den Master IDs: 157782, 160363 Record: 615
Fehler 99 :	Zu diesem Kontakt existieren 2 potentielle Duplikate mit den Master IDs: 157810, 160370 Record: 625
Fehler 100 :	Zu diesem Kontakt existieren 2 potentielle Duplikate mit den Master IDs: 157827, 160374 Record: 630
Fehler 101 :	Zu diesem Kontakt existieren 2 potentielle Duplikate mit den Master IDs: 157829, 160376 Record: 632
Fehler 102 :	Zu diesem Kontakt existieren 4 potentielle Duplikate mit den Master IDs: 160386, 160384, 160337, 160385 Record: 649
Fehler 103 :	Zu diesem Kontakt existieren 4 potentielle Duplikate mit den Master IDs: 160386, 160384, 160337, 160385 Record: 650
Fehler 104 :	Zu diesem Kontakt existieren 4 potentielle Duplikate mit den Master IDs: 160386, 160384, 160337, 160385 Record: 651
Fehler 105 :	Zu diesem Kontakt existieren 2 potentielle Duplikate mit den Master IDs: 160390, 157869 Record: 657
Fehler 106 :	Zu diesem Kontakt existieren 2 potentielle Duplikate mit den Master IDs: 160393, 157870 Record: 660
Fehler 107 :	Zu diesem Kontakt existieren 2 potentielle Duplikate mit den Master IDs: 157885, 160397 Record: 664
Fehler 108 :	Zu diesem Kontakt existieren 2 potentielle Duplikate mit den Master IDs: 160400, 157973 Record: 667
Fehler 109 :	Zu diesem Kontakt existieren 2 potentielle Duplikate mit den Master IDs: 160402, 157892 Record: 669
Fehler 110 :	Zu diesem Kontakt existieren 2 potentielle Duplikate mit den Master IDs: 160410, 160411 Record: 678
Fehler 111 :	Zu diesem Kontakt existieren 2 potentielle Duplikate mit den Master IDs: 160410, 160411 Record: 679
Fehler 112 :	Zu diesem Kontakt existieren 2 potentielle Duplikate mit den Master IDs: 160410, 160411 Record: 680
Fehler 113 :	Zu diesem Kontakt existieren 2 potentielle Duplikate mit den Master IDs: 160432, 157961 Record: 706
Fehler 114 :	Zu diesem Kontakt existieren 2 potentielle Duplikate mit den Master IDs: 160442, 157980 Record: 717
Fehler 115 :	Zu diesem Kontakt existieren 2 potentielle Duplikate mit den Master IDs: 157992, 160446 Record: 721
Fehler 116 :	Zu diesem Kontakt existieren 2 potentielle Duplikate mit den Master IDs: 160448, 157995 Record: 723
Fehler 117 :	Zu diesem Kontakt existieren 2 potentielle Duplikate mit den Master IDs: 160449, 157996 Record: 724
Fehler 118 :	Zu diesem Kontakt existieren 2 potentielle Duplikate mit den Master IDs: 158007, 160453 Record: 730
Fehler 119 :	Zu diesem Kontakt existieren 2 potentielle Duplikate mit den Master IDs: 158021, 160459 Record: 739
Fehler 120 :	Zu diesem Kontakt existieren 2 potentielle Duplikate mit den Master IDs: 160465, 155447 Record: 749
Fehler 121 :	Zu diesem Kontakt existieren 2 potentielle Duplikate mit den Master IDs: 160466, 158052 Record: 750
Fehler 122 :	Zu diesem Kontakt existieren 2 potentielle Duplikate mit den Master IDs: 160469, 158053 Record: 754
Fehler 123 :	Zu diesem Kontakt existieren 2 potentielle Duplikate mit den Master IDs: 158054, 160471 Record: 756
Fehler 124 :	Zu diesem Kontakt existieren 2 potentielle Duplikate mit den Master IDs: 158075, 160475 Record: 764
Fehler 125 :	Zu diesem Kontakt existieren 2 potentielle Duplikate mit den Master IDs: 160478, 160479 Record: 767
Fehler 126 :	Zu diesem Kontakt existieren 2 potentielle Duplikate mit den Master IDs: 160478, 160479 Record: 768
Import gestartet:
	15.05.2017 19:02:12
####################
# Quelle:          #
####################
	Datei:DWH_Lieferanten_1.csv

####################
# Ziel             #
####################
	Kundennummer: 2027416
	Gesellschaft: Deutsche Werkstätten Hellerau GmbH Testimport
	Benutzername: dirk.kohnen@scopevisio.com

####################
# Einstellungen    #
####################
Art der importierten Daten:

	Kontakte
Duplikatserkannung durch:
	Name
Verhalten bei Duplikaten:
	Auffüllen
