####################
# Ergebnis:         #
####################
Anzahl Importierter Kontakte:	14
Anzahl aktuallisierten Kontakte:	0
Anzahl Fehler:	0
####################
# Ergebnis:         #
####################
Anzahl Importierter Kontakte:	8
Anzahl aktuallisierten Kontakte:	0
Anzahl Fehler:	0
####################
# Ergebnis:         #
####################
Anzahl Importierter Kontakte:	8
Anzahl aktuallisierten Kontakte:	0
Anzahl Fehler:	0
####################
# Ergebnis:         #
####################
Anzahl Importierter Kontakte:	42
Anzahl aktuallisierten Kontakte:	0
Anzahl Fehler:	1
Fehler 0 :	Leere Werte sind nicht erlaubt. (Feld Name/Gesellschaft) Record: 9 Field: lastname
####################
# Ergebnis:         #
####################
Anzahl Importierter Kontakte:	8
Anzahl aktuallisierten Kontakte:	0
Anzahl Fehler:	0
