Import gestartet:
	11.04.2017 12:27:31
####################
# Quelle:          #
####################
	Datei:U0000001.001_20170113100503.Plus.csv

####################
# Ziel             #
####################
	Kundennummer: 2026692
	Gesellschaft: Datenmigration Test
	Benutzername: dirk.kohnen@scopevisio.com

####################
# Einstellungen    #
####################
Art der importierten Daten: Allgemeine Informationen
####################
# Ergebnis:         #
####################
Import gestartet:
	11.04.2017 12:36:56
####################
# Quelle:          #
####################
	Datei:V0000001.001_20170113101247.csv

####################
# Ziel             #
####################
	Kundennummer: 2026692
	Gesellschaft: Datenmigration Test
	Benutzername: dirk.kohnen@scopevisio.com

####################
# Einstellungen    #
####################
Art der importierten Daten: Allgemeine Informationen
####################
# Ergebnis:         #
####################
Import gestartet:
	11.04.2017 12:37:37
####################
# Quelle:          #
####################
	Datei:V0000001.001_20170113101247.Plus.csv

####################
# Ziel             #
####################
	Kundennummer: 2026692
	Gesellschaft: Datenmigration Test
	Benutzername: dirk.kohnen@scopevisio.com

####################
# Einstellungen    #
####################
Art der importierten Daten: Allgemeine Informationen
####################
# Ergebnis:         #
####################
