Import gestartet:
	02.03.2017 09:24:14
####################
# Quelle:          #
####################
	Datei:Adressen DWH bearbeitet Gesellschaften.csv

####################
# Ziel             #
####################
	Kundennummer: 2027416
	Gesellschaft: Test Kontaktimport
	Benutzername: dirk.kohnen@scopevisio.com

####################
# Einstellungen    #
####################
Art der importierten Daten:

	Kontakte
Duplikatserkannung durch:
	Vorsystem-ID
Verhalten bei Duplikaten:
	Auffüllen
####################
# Ergebnis:         #
####################
