Import gestartet:
	01.03.2017 15:47:52
####################
# Quelle:          #
####################
	Datei:Adressen DWH bearbeitet Gesellschaften.csv

####################
# Ziel             #
####################
	Kundennummer: 2027416
	Gesellschaft: Test Kontaktimport
	Benutzername: dirk.kohnen@scopevisio.com

####################
# Einstellungen    #
####################
Art der importierten Daten:

	Kontakte
Duplikatserkannung durch:
	Vorsystem-ID
Verhalten bei Duplikaten:
	Auffüllen
####################
# Ergebnis:         #
####################
Anzahl Importierter Kontakte:	584
Anzahl aktuallisierten Kontakte:	188
Anzahl Fehler:	2
Fehler 0 :	Leere Werte sind nicht erlaubt. (Feld Name/Gesellschaft) Record: 210 Field: lastname
Fehler 1 :	Leere Werte sind nicht erlaubt. (Feld Name/Gesellschaft) Record: 643 Field: lastname
