Import gestartet:
	13.02.2017 11:04:38
####################
# Quelle:          #
####################
	Datei:C0000001.001_20170113100112.csv

####################
# Ziel             #
####################
	Kundennummer: 2026692
	Gesellschaft: Datenmigration Test
	Benutzername: dirk.kohnen@scopevisio.com

####################
# Einstellungen    #
####################
Art der importierten Daten:

	Kontakte
Duplikatserkannung durch:
	Vorsystem-ID
Verhalten bei Duplikaten:
	Auffüllen
####################
# Ergebnis:         #
####################
Anzahl Importierter Kontakte:	35
Anzahl aktuallisierten Kontakte:	0
Anzahl Fehler:	0
Import gestartet:
	13.02.2017 11:05:06
####################
# Quelle:          #
####################
	Datei:K0000001.001_20170113100852.csv

####################
# Ziel             #
####################
	Kundennummer: 2026692
	Gesellschaft: Datenmigration Test
	Benutzername: dirk.kohnen@scopevisio.com

####################
# Einstellungen    #
####################
Art der importierten Daten:

	Kontakte
Duplikatserkannung durch:
	Vorsystem-ID
Verhalten bei Duplikaten:
	Auffüllen
####################
# Ergebnis:         #
####################
Anzahl Importierter Kontakte:	3
Anzahl aktuallisierten Kontakte:	23
Anzahl Fehler:	0
Import gestartet:
	13.02.2017 11:05:53
####################
# Quelle:          #
####################
	Datei:K0000001.001_20170113100852 - Kopie.csv

####################
# Ziel             #
####################
	Kundennummer: 2026692
	Gesellschaft: Datenmigration Test
	Benutzername: dirk.kohnen@scopevisio.com

####################
# Einstellungen    #
####################
Art der importierten Daten:

	Kontakte
Duplikatserkannung durch:
	Vorsystem-ID
Verhalten bei Duplikaten:
	Auffüllen
Spaltenkonfiguration:
	ID Vorsystem,Lieferant
####################
# Ergebnis:         #
####################
Anzahl Importierter Kontakte:	0
Anzahl aktuallisierten Kontakte:	26
Anzahl Fehler:	0
Import gestartet:
	13.02.2017 11:06:56
####################
# Quelle:          #
####################
	Datei:X0000001.001_20170113101119.csv

####################
# Ziel             #
####################
	Kundennummer: 2026692
	Gesellschaft: Datenmigration Test
	Benutzername: dirk.kohnen@scopevisio.com

####################
# Einstellungen    #
####################
Art der importierten Daten:

	Kontakte
Duplikatserkannung durch:
	Vorsystem-ID
Verhalten bei Duplikaten:
	Auffüllen
Spaltenkonfiguration:
	ID Vorsystem,Lieferant
####################
# Ergebnis:         #
####################
Anzahl Importierter Kontakte:	0
Anzahl aktuallisierten Kontakte:	0
Anzahl Fehler:	512
Fehler 0 :	Der Wert "null" ist in dieser Spalte nicht erlaubt.
Erlaubte Werte: , true, false, ja, nein, 1, 0 Record: 1 Field: sphereVendor
Fehler 1 :	Der Wert "null" ist in dieser Spalte nicht erlaubt.
Erlaubte Werte: , true, false, ja, nein, 1, 0 Record: 2 Field: sphereVendor
Fehler 2 :	Der Wert "null" ist in dieser Spalte nicht erlaubt.
Erlaubte Werte: , true, false, ja, nein, 1, 0 Record: 3 Field: sphereVendor
Fehler 3 :	Der Wert "null" ist in dieser Spalte nicht erlaubt.
Erlaubte Werte: , true, false, ja, nein, 1, 0 Record: 4 Field: sphereVendor
Fehler 4 :	Der Wert "null" ist in dieser Spalte nicht erlaubt.
Erlaubte Werte: , true, false, ja, nein, 1, 0 Record: 5 Field: sphereVendor
Fehler 5 :	Der Wert "null" ist in dieser Spalte nicht erlaubt.
Erlaubte Werte: , true, false, ja, nein, 1, 0 Record: 6 Field: sphereVendor
Fehler 6 :	Der Wert "null" ist in dieser Spalte nicht erlaubt.
Erlaubte Werte: , true, false, ja, nein, 1, 0 Record: 7 Field: sphereVendor
Fehler 7 :	Der Wert "null" ist in dieser Spalte nicht erlaubt.
Erlaubte Werte: , true, false, ja, nein, 1, 0 Record: 8 Field: sphereVendor
Fehler 8 :	Der Wert "null" ist in dieser Spalte nicht erlaubt.
Erlaubte Werte: , true, false, ja, nein, 1, 0 Record: 9 Field: sphereVendor
Fehler 9 :	Der Wert "null" ist in dieser Spalte nicht erlaubt.
Erlaubte Werte: , true, false, ja, nein, 1, 0 Record: 10 Field: sphereVendor
Fehler 10 :	Der Wert "null" ist in dieser Spalte nicht erlaubt.
Erlaubte Werte: , true, false, ja, nein, 1, 0 Record: 11 Field: sphereVendor
Fehler 11 :	Der Wert "null" ist in dieser Spalte nicht erlaubt.
Erlaubte Werte: , true, false, ja, nein, 1, 0 Record: 12 Field: sphereVendor
Fehler 12 :	Der Wert "null" ist in dieser Spalte nicht erlaubt.
Erlaubte Werte: , true, false, ja, nein, 1, 0 Record: 13 Field: sphereVendor
Fehler 13 :	Der Wert "null" ist in dieser Spalte nicht erlaubt.
Erlaubte Werte: , true, false, ja, nein, 1, 0 Record: 14 Field: sphereVendor
Fehler 14 :	Der Wert "null" ist in dieser Spalte nicht erlaubt.
Erlaubte Werte: , true, false, ja, nein, 1, 0 Record: 15 Field: sphereVendor
Fehler 15 :	Der Wert "null" ist in dieser Spalte nicht erlaubt.
Erlaubte Werte: , true, false, ja, nein, 1, 0 Record: 16 Field: sphereVendor
Fehler 16 :	Der Wert "null" ist in dieser Spalte nicht erlaubt.
Erlaubte Werte: , true, false, ja, nein, 1, 0 Record: 17 Field: sphereVendor
Fehler 17 :	Der Wert "null" ist in dieser Spalte nicht erlaubt.
Erlaubte Werte: , true, false, ja, nein, 1, 0 Record: 18 Field: sphereVendor
Fehler 18 :	Der Wert "null" ist in dieser Spalte nicht erlaubt.
Erlaubte Werte: , true, false, ja, nein, 1, 0 Record: 19 Field: sphereVendor
Fehler 19 :	Der Wert "null" ist in dieser Spalte nicht erlaubt.
Erlaubte Werte: , true, false, ja, nein, 1, 0 Record: 20 Field: sphereVendor
Fehler 20 :	Der Wert "null" ist in dieser Spalte nicht erlaubt.
Erlaubte Werte: , true, false, ja, nein, 1, 0 Record: 21 Field: sphereVendor
Fehler 21 :	Der Wert "null" ist in dieser Spalte nicht erlaubt.
Erlaubte Werte: , true, false, ja, nein, 1, 0 Record: 22 Field: sphereVendor
Fehler 22 :	Der Wert "null" ist in dieser Spalte nicht erlaubt.
Erlaubte Werte: , true, false, ja, nein, 1, 0 Record: 23 Field: sphereVendor
Fehler 23 :	Der Wert "null" ist in dieser Spalte nicht erlaubt.
Erlaubte Werte: , true, false, ja, nein, 1, 0 Record: 24 Field: sphereVendor
Fehler 24 :	Der Wert "null" ist in dieser Spalte nicht erlaubt.
Erlaubte Werte: , true, false, ja, nein, 1, 0 Record: 25 Field: sphereVendor
Fehler 25 :	Der Wert "null" ist in dieser Spalte nicht erlaubt.
Erlaubte Werte: , true, false, ja, nein, 1, 0 Record: 26 Field: sphereVendor
Fehler 26 :	Der Wert "null" ist in dieser Spalte nicht erlaubt.
Erlaubte Werte: , true, false, ja, nein, 1, 0 Record: 27 Field: sphereVendor
Fehler 27 :	Der Wert "null" ist in dieser Spalte nicht erlaubt.
Erlaubte Werte: , true, false, ja, nein, 1, 0 Record: 28 Field: sphereVendor
Fehler 28 :	Der Wert "null" ist in dieser Spalte nicht erlaubt.
Erlaubte Werte: , true, false, ja, nein, 1, 0 Record: 29 Field: sphereVendor
Fehler 29 :	Der Wert "null" ist in dieser Spalte nicht erlaubt.
Erlaubte Werte: , true, false, ja, nein, 1, 0 Record: 30 Field: sphereVendor
Fehler 30 :	Der Wert "null" ist in dieser Spalte nicht erlaubt.
Erlaubte Werte: , true, false, ja, nein, 1, 0 Record: 31 Field: sphereVendor
Fehler 31 :	Der Wert "null" ist in dieser Spalte nicht erlaubt.
Erlaubte Werte: , true, false, ja, nein, 1, 0 Record: 32 Field: sphereVendor
Fehler 32 :	Der Wert "null" ist in dieser Spalte nicht erlaubt.
Erlaubte Werte: , true, false, ja, nein, 1, 0 Record: 33 Field: sphereVendor
Fehler 33 :	Der Wert "null" ist in dieser Spalte nicht erlaubt.
Erlaubte Werte: , true, false, ja, nein, 1, 0 Record: 34 Field: sphereVendor
Fehler 34 :	Der Wert "null" ist in dieser Spalte nicht erlaubt.
Erlaubte Werte: , true, false, ja, nein, 1, 0 Record: 35 Field: sphereVendor
Fehler 35 :	Der Wert "null" ist in dieser Spalte nicht erlaubt.
Erlaubte Werte: , true, false, ja, nein, 1, 0 Record: 36 Field: sphereVendor
Fehler 36 :	Der Wert "null" ist in dieser Spalte nicht erlaubt.
Erlaubte Werte: , true, false, ja, nein, 1, 0 Record: 37 Field: sphereVendor
Fehler 37 :	Der Wert "null" ist in dieser Spalte nicht erlaubt.
Erlaubte Werte: , true, false, ja, nein, 1, 0 Record: 38 Field: sphereVendor
Fehler 38 :	Der Wert "null" ist in dieser Spalte nicht erlaubt.
Erlaubte Werte: , true, false, ja, nein, 1, 0 Record: 39 Field: sphereVendor
Fehler 39 :	Der Wert "null" ist in dieser Spalte nicht erlaubt.
Erlaubte Werte: , true, false, ja, nein, 1, 0 Record: 40 Field: sphereVendor
Fehler 40 :	Der Wert "null" ist in dieser Spalte nicht erlaubt.
Erlaubte Werte: , true, false, ja, nein, 1, 0 Record: 41 Field: sphereVendor
Fehler 41 :	Der Wert "null" ist in dieser Spalte nicht erlaubt.
Erlaubte Werte: , true, false, ja, nein, 1, 0 Record: 42 Field: sphereVendor
Fehler 42 :	Der Wert "null" ist in dieser Spalte nicht erlaubt.
Erlaubte Werte: , true, false, ja, nein, 1, 0 Record: 43 Field: sphereVendor
Fehler 43 :	Der Wert "null" ist in dieser Spalte nicht erlaubt.
Erlaubte Werte: , true, false, ja, nein, 1, 0 Record: 44 Field: sphereVendor
Fehler 44 :	Der Wert "null" ist in dieser Spalte nicht erlaubt.
Erlaubte Werte: , true, false, ja, nein, 1, 0 Record: 45 Field: sphereVendor
Fehler 45 :	Der Wert "null" ist in dieser Spalte nicht erlaubt.
Erlaubte Werte: , true, false, ja, nein, 1, 0 Record: 46 Field: sphereVendor
Fehler 46 :	Der Wert "null" ist in dieser Spalte nicht erlaubt.
Erlaubte Werte: , true, false, ja, nein, 1, 0 Record: 47 Field: sphereVendor
Fehler 47 :	Der Wert "null" ist in dieser Spalte nicht erlaubt.
Erlaubte Werte: , true, false, ja, nein, 1, 0 Record: 48 Field: sphereVendor
Fehler 48 :	Der Wert "null" ist in dieser Spalte nicht erlaubt.
Erlaubte Werte: , true, false, ja, nein, 1, 0 Record: 49 Field: sphereVendor
Fehler 49 :	Der Wert "null" ist in dieser Spalte nicht erlaubt.
Erlaubte Werte: , true, false, ja, nein, 1, 0 Record: 50 Field: sphereVendor
Fehler 50 :	Der Wert "null" ist in dieser Spalte nicht erlaubt.
Erlaubte Werte: , true, false, ja, nein, 1, 0 Record: 51 Field: sphereVendor
Fehler 51 :	Der Wert "null" ist in dieser Spalte nicht erlaubt.
Erlaubte Werte: , true, false, ja, nein, 1, 0 Record: 52 Field: sphereVendor
Fehler 52 :	Der Wert "null" ist in dieser Spalte nicht erlaubt.
Erlaubte Werte: , true, false, ja, nein, 1, 0 Record: 53 Field: sphereVendor
Fehler 53 :	Der Wert "null" ist in dieser Spalte nicht erlaubt.
Erlaubte Werte: , true, false, ja, nein, 1, 0 Record: 54 Field: sphereVendor
Fehler 54 :	Der Wert "null" ist in dieser Spalte nicht erlaubt.
Erlaubte Werte: , true, false, ja, nein, 1, 0 Record: 55 Field: sphereVendor
Fehler 55 :	Der Wert "null" ist in dieser Spalte nicht erlaubt.
Erlaubte Werte: , true, false, ja, nein, 1, 0 Record: 56 Field: sphereVendor
Fehler 56 :	Der Wert "null" ist in dieser Spalte nicht erlaubt.
Erlaubte Werte: , true, false, ja, nein, 1, 0 Record: 57 Field: sphereVendor
Fehler 57 :	Der Wert "null" ist in dieser Spalte nicht erlaubt.
Erlaubte Werte: , true, false, ja, nein, 1, 0 Record: 58 Field: sphereVendor
Fehler 58 :	Der Wert "null" ist in dieser Spalte nicht erlaubt.
Erlaubte Werte: , true, false, ja, nein, 1, 0 Record: 59 Field: sphereVendor
Fehler 59 :	Der Wert "null" ist in dieser Spalte nicht erlaubt.
Erlaubte Werte: , true, false, ja, nein, 1, 0 Record: 60 Field: sphereVendor
Fehler 60 :	Der Wert "null" ist in dieser Spalte nicht erlaubt.
Erlaubte Werte: , true, false, ja, nein, 1, 0 Record: 61 Field: sphereVendor
Fehler 61 :	Der Wert "null" ist in dieser Spalte nicht erlaubt.
Erlaubte Werte: , true, false, ja, nein, 1, 0 Record: 62 Field: sphereVendor
Fehler 62 :	Der Wert "null" ist in dieser Spalte nicht erlaubt.
Erlaubte Werte: , true, false, ja, nein, 1, 0 Record: 63 Field: sphereVendor
Fehler 63 :	Der Wert "null" ist in dieser Spalte nicht erlaubt.
Erlaubte Werte: , true, false, ja, nein, 1, 0 Record: 64 Field: sphereVendor
Fehler 64 :	Der Wert "null" ist in dieser Spalte nicht erlaubt.
Erlaubte Werte: , true, false, ja, nein, 1, 0 Record: 65 Field: sphereVendor
Fehler 65 :	Der Wert "null" ist in dieser Spalte nicht erlaubt.
Erlaubte Werte: , true, false, ja, nein, 1, 0 Record: 66 Field: sphereVendor
Fehler 66 :	Der Wert "null" ist in dieser Spalte nicht erlaubt.
Erlaubte Werte: , true, false, ja, nein, 1, 0 Record: 67 Field: sphereVendor
Fehler 67 :	Der Wert "null" ist in dieser Spalte nicht erlaubt.
Erlaubte Werte: , true, false, ja, nein, 1, 0 Record: 68 Field: sphereVendor
Fehler 68 :	Der Wert "null" ist in dieser Spalte nicht erlaubt.
Erlaubte Werte: , true, false, ja, nein, 1, 0 Record: 69 Field: sphereVendor
Fehler 69 :	Der Wert "null" ist in dieser Spalte nicht erlaubt.
Erlaubte Werte: , true, false, ja, nein, 1, 0 Record: 70 Field: sphereVendor
Fehler 70 :	Der Wert "null" ist in dieser Spalte nicht erlaubt.
Erlaubte Werte: , true, false, ja, nein, 1, 0 Record: 71 Field: sphereVendor
Fehler 71 :	Der Wert "null" ist in dieser Spalte nicht erlaubt.
Erlaubte Werte: , true, false, ja, nein, 1, 0 Record: 72 Field: sphereVendor
Fehler 72 :	Der Wert "null" ist in dieser Spalte nicht erlaubt.
Erlaubte Werte: , true, false, ja, nein, 1, 0 Record: 73 Field: sphereVendor
Fehler 73 :	Der Wert "null" ist in dieser Spalte nicht erlaubt.
Erlaubte Werte: , true, false, ja, nein, 1, 0 Record: 74 Field: sphereVendor
Fehler 74 :	Der Wert "null" ist in dieser Spalte nicht erlaubt.
Erlaubte Werte: , true, false, ja, nein, 1, 0 Record: 75 Field: sphereVendor
Fehler 75 :	Der Wert "null" ist in dieser Spalte nicht erlaubt.
Erlaubte Werte: , true, false, ja, nein, 1, 0 Record: 76 Field: sphereVendor
Fehler 76 :	Der Wert "null" ist in dieser Spalte nicht erlaubt.
Erlaubte Werte: , true, false, ja, nein, 1, 0 Record: 77 Field: sphereVendor
Fehler 77 :	Der Wert "null" ist in dieser Spalte nicht erlaubt.
Erlaubte Werte: , true, false, ja, nein, 1, 0 Record: 78 Field: sphereVendor
Fehler 78 :	Der Wert "null" ist in dieser Spalte nicht erlaubt.
Erlaubte Werte: , true, false, ja, nein, 1, 0 Record: 79 Field: sphereVendor
Fehler 79 :	Der Wert "null" ist in dieser Spalte nicht erlaubt.
Erlaubte Werte: , true, false, ja, nein, 1, 0 Record: 80 Field: sphereVendor
Fehler 80 :	Der Wert "null" ist in dieser Spalte nicht erlaubt.
Erlaubte Werte: , true, false, ja, nein, 1, 0 Record: 81 Field: sphereVendor
Fehler 81 :	Der Wert "null" ist in dieser Spalte nicht erlaubt.
Erlaubte Werte: , true, false, ja, nein, 1, 0 Record: 82 Field: sphereVendor
Fehler 82 :	Der Wert "null" ist in dieser Spalte nicht erlaubt.
Erlaubte Werte: , true, false, ja, nein, 1, 0 Record: 83 Field: sphereVendor
Fehler 83 :	Der Wert "null" ist in dieser Spalte nicht erlaubt.
Erlaubte Werte: , true, false, ja, nein, 1, 0 Record: 84 Field: sphereVendor
Fehler 84 :	Der Wert "null" ist in dieser Spalte nicht erlaubt.
Erlaubte Werte: , true, false, ja, nein, 1, 0 Record: 85 Field: sphereVendor
Fehler 85 :	Der Wert "null" ist in dieser Spalte nicht erlaubt.
Erlaubte Werte: , true, false, ja, nein, 1, 0 Record: 86 Field: sphereVendor
Fehler 86 :	Der Wert "null" ist in dieser Spalte nicht erlaubt.
Erlaubte Werte: , true, false, ja, nein, 1, 0 Record: 87 Field: sphereVendor
Fehler 87 :	Der Wert "null" ist in dieser Spalte nicht erlaubt.
Erlaubte Werte: , true, false, ja, nein, 1, 0 Record: 88 Field: sphereVendor
Fehler 88 :	Der Wert "null" ist in dieser Spalte nicht erlaubt.
Erlaubte Werte: , true, false, ja, nein, 1, 0 Record: 89 Field: sphereVendor
Fehler 89 :	Der Wert "null" ist in dieser Spalte nicht erlaubt.
Erlaubte Werte: , true, false, ja, nein, 1, 0 Record: 90 Field: sphereVendor
Fehler 90 :	Der Wert "null" ist in dieser Spalte nicht erlaubt.
Erlaubte Werte: , true, false, ja, nein, 1, 0 Record: 91 Field: sphereVendor
Fehler 91 :	Der Wert "null" ist in dieser Spalte nicht erlaubt.
Erlaubte Werte: , true, false, ja, nein, 1, 0 Record: 92 Field: sphereVendor
Fehler 92 :	Der Wert "null" ist in dieser Spalte nicht erlaubt.
Erlaubte Werte: , true, false, ja, nein, 1, 0 Record: 93 Field: sphereVendor
Fehler 93 :	Der Wert "null" ist in dieser Spalte nicht erlaubt.
Erlaubte Werte: , true, false, ja, nein, 1, 0 Record: 94 Field: sphereVendor
Fehler 94 :	Der Wert "null" ist in dieser Spalte nicht erlaubt.
Erlaubte Werte: , true, false, ja, nein, 1, 0 Record: 95 Field: sphereVendor
Fehler 95 :	Der Wert "null" ist in dieser Spalte nicht erlaubt.
Erlaubte Werte: , true, false, ja, nein, 1, 0 Record: 96 Field: sphereVendor
Fehler 96 :	Der Wert "null" ist in dieser Spalte nicht erlaubt.
Erlaubte Werte: , true, false, ja, nein, 1, 0 Record: 97 Field: sphereVendor
Fehler 97 :	Der Wert "null" ist in dieser Spalte nicht erlaubt.
Erlaubte Werte: , true, false, ja, nein, 1, 0 Record: 98 Field: sphereVendor
Fehler 98 :	Der Wert "null" ist in dieser Spalte nicht erlaubt.
Erlaubte Werte: , true, false, ja, nein, 1, 0 Record: 99 Field: sphereVendor
Fehler 99 :	Der Wert "null" ist in dieser Spalte nicht erlaubt.
Erlaubte Werte: , true, false, ja, nein, 1, 0 Record: 100 Field: sphereVendor
Fehler 100 :	Der Wert "null" ist in dieser Spalte nicht erlaubt.
Erlaubte Werte: , true, false, ja, nein, 1, 0 Record: 101 Field: sphereVendor
Fehler 101 :	Der Wert "null" ist in dieser Spalte nicht erlaubt.
Erlaubte Werte: , true, false, ja, nein, 1, 0 Record: 102 Field: sphereVendor
Fehler 102 :	Der Wert "null" ist in dieser Spalte nicht erlaubt.
Erlaubte Werte: , true, false, ja, nein, 1, 0 Record: 103 Field: sphereVendor
Fehler 103 :	Der Wert "null" ist in dieser Spalte nicht erlaubt.
Erlaubte Werte: , true, false, ja, nein, 1, 0 Record: 104 Field: sphereVendor
Fehler 104 :	Der Wert "null" ist in dieser Spalte nicht erlaubt.
Erlaubte Werte: , true, false, ja, nein, 1, 0 Record: 105 Field: sphereVendor
Fehler 105 :	Der Wert "null" ist in dieser Spalte nicht erlaubt.
Erlaubte Werte: , true, false, ja, nein, 1, 0 Record: 106 Field: sphereVendor
Fehler 106 :	Der Wert "null" ist in dieser Spalte nicht erlaubt.
Erlaubte Werte: , true, false, ja, nein, 1, 0 Record: 107 Field: sphereVendor
Fehler 107 :	Der Wert "null" ist in dieser Spalte nicht erlaubt.
Erlaubte Werte: , true, false, ja, nein, 1, 0 Record: 108 Field: sphereVendor
Fehler 108 :	Der Wert "null" ist in dieser Spalte nicht erlaubt.
Erlaubte Werte: , true, false, ja, nein, 1, 0 Record: 109 Field: sphereVendor
Fehler 109 :	Der Wert "null" ist in dieser Spalte nicht erlaubt.
Erlaubte Werte: , true, false, ja, nein, 1, 0 Record: 110 Field: sphereVendor
Fehler 110 :	Der Wert "null" ist in dieser Spalte nicht erlaubt.
Erlaubte Werte: , true, false, ja, nein, 1, 0 Record: 111 Field: sphereVendor
Fehler 111 :	Der Wert "null" ist in dieser Spalte nicht erlaubt.
Erlaubte Werte: , true, false, ja, nein, 1, 0 Record: 112 Field: sphereVendor
Fehler 112 :	Der Wert "null" ist in dieser Spalte nicht erlaubt.
Erlaubte Werte: , true, false, ja, nein, 1, 0 Record: 113 Field: sphereVendor
Fehler 113 :	Der Wert "null" ist in dieser Spalte nicht erlaubt.
Erlaubte Werte: , true, false, ja, nein, 1, 0 Record: 114 Field: sphereVendor
Fehler 114 :	Der Wert "null" ist in dieser Spalte nicht erlaubt.
Erlaubte Werte: , true, false, ja, nein, 1, 0 Record: 115 Field: sphereVendor
Fehler 115 :	Der Wert "null" ist in dieser Spalte nicht erlaubt.
Erlaubte Werte: , true, false, ja, nein, 1, 0 Record: 116 Field: sphereVendor
Fehler 116 :	Der Wert "null" ist in dieser Spalte nicht erlaubt.
Erlaubte Werte: , true, false, ja, nein, 1, 0 Record: 117 Field: sphereVendor
Fehler 117 :	Der Wert "null" ist in dieser Spalte nicht erlaubt.
Erlaubte Werte: , true, false, ja, nein, 1, 0 Record: 118 Field: sphereVendor
Fehler 118 :	Der Wert "null" ist in dieser Spalte nicht erlaubt.
Erlaubte Werte: , true, false, ja, nein, 1, 0 Record: 119 Field: sphereVendor
Fehler 119 :	Der Wert "null" ist in dieser Spalte nicht erlaubt.
Erlaubte Werte: , true, false, ja, nein, 1, 0 Record: 120 Field: sphereVendor
Fehler 120 :	Der Wert "null" ist in dieser Spalte nicht erlaubt.
Erlaubte Werte: , true, false, ja, nein, 1, 0 Record: 121 Field: sphereVendor
Fehler 121 :	Der Wert "null" ist in dieser Spalte nicht erlaubt.
Erlaubte Werte: , true, false, ja, nein, 1, 0 Record: 122 Field: sphereVendor
Fehler 122 :	Der Wert "null" ist in dieser Spalte nicht erlaubt.
Erlaubte Werte: , true, false, ja, nein, 1, 0 Record: 123 Field: sphereVendor
Fehler 123 :	Der Wert "null" ist in dieser Spalte nicht erlaubt.
Erlaubte Werte: , true, false, ja, nein, 1, 0 Record: 124 Field: sphereVendor
Fehler 124 :	Der Wert "null" ist in dieser Spalte nicht erlaubt.
Erlaubte Werte: , true, false, ja, nein, 1, 0 Record: 125 Field: sphereVendor
Fehler 125 :	Der Wert "null" ist in dieser Spalte nicht erlaubt.
Erlaubte Werte: , true, false, ja, nein, 1, 0 Record: 126 Field: sphereVendor
Fehler 126 :	Der Wert "null" ist in dieser Spalte nicht erlaubt.
Erlaubte Werte: , true, false, ja, nein, 1, 0 Record: 127 Field: sphereVendor
Fehler 127 :	Der Wert "null" ist in dieser Spalte nicht erlaubt.
Erlaubte Werte: , true, false, ja, nein, 1, 0 Record: 128 Field: sphereVendor
Fehler 128 :	Der Wert "null" ist in dieser Spalte nicht erlaubt.
Erlaubte Werte: , true, false, ja, nein, 1, 0 Record: 129 Field: sphereVendor
Fehler 129 :	Der Wert "null" ist in dieser Spalte nicht erlaubt.
Erlaubte Werte: , true, false, ja, nein, 1, 0 Record: 130 Field: sphereVendor
Fehler 130 :	Der Wert "null" ist in dieser Spalte nicht erlaubt.
Erlaubte Werte: , true, false, ja, nein, 1, 0 Record: 131 Field: sphereVendor
Fehler 131 :	Der Wert "null" ist in dieser Spalte nicht erlaubt.
Erlaubte Werte: , true, false, ja, nein, 1, 0 Record: 132 Field: sphereVendor
Fehler 132 :	Der Wert "null" ist in dieser Spalte nicht erlaubt.
Erlaubte Werte: , true, false, ja, nein, 1, 0 Record: 133 Field: sphereVendor
Fehler 133 :	Der Wert "null" ist in dieser Spalte nicht erlaubt.
Erlaubte Werte: , true, false, ja, nein, 1, 0 Record: 134 Field: sphereVendor
Fehler 134 :	Der Wert "null" ist in dieser Spalte nicht erlaubt.
Erlaubte Werte: , true, false, ja, nein, 1, 0 Record: 135 Field: sphereVendor
Fehler 135 :	Der Wert "null" ist in dieser Spalte nicht erlaubt.
Erlaubte Werte: , true, false, ja, nein, 1, 0 Record: 136 Field: sphereVendor
Fehler 136 :	Der Wert "null" ist in dieser Spalte nicht erlaubt.
Erlaubte Werte: , true, false, ja, nein, 1, 0 Record: 137 Field: sphereVendor
Fehler 137 :	Der Wert "null" ist in dieser Spalte nicht erlaubt.
Erlaubte Werte: , true, false, ja, nein, 1, 0 Record: 138 Field: sphereVendor
Fehler 138 :	Der Wert "null" ist in dieser Spalte nicht erlaubt.
Erlaubte Werte: , true, false, ja, nein, 1, 0 Record: 139 Field: sphereVendor
Fehler 139 :	Der Wert "null" ist in dieser Spalte nicht erlaubt.
Erlaubte Werte: , true, false, ja, nein, 1, 0 Record: 140 Field: sphereVendor
Fehler 140 :	Der Wert "null" ist in dieser Spalte nicht erlaubt.
Erlaubte Werte: , true, false, ja, nein, 1, 0 Record: 141 Field: sphereVendor
Fehler 141 :	Der Wert "null" ist in dieser Spalte nicht erlaubt.
Erlaubte Werte: , true, false, ja, nein, 1, 0 Record: 142 Field: sphereVendor
Fehler 142 :	Der Wert "null" ist in dieser Spalte nicht erlaubt.
Erlaubte Werte: , true, false, ja, nein, 1, 0 Record: 143 Field: sphereVendor
Fehler 143 :	Der Wert "null" ist in dieser Spalte nicht erlaubt.
Erlaubte Werte: , true, false, ja, nein, 1, 0 Record: 144 Field: sphereVendor
Fehler 144 :	Der Wert "null" ist in dieser Spalte nicht erlaubt.
Erlaubte Werte: , true, false, ja, nein, 1, 0 Record: 145 Field: sphereVendor
Fehler 145 :	Der Wert "null" ist in dieser Spalte nicht erlaubt.
Erlaubte Werte: , true, false, ja, nein, 1, 0 Record: 146 Field: sphereVendor
Fehler 146 :	Der Wert "null" ist in dieser Spalte nicht erlaubt.
Erlaubte Werte: , true, false, ja, nein, 1, 0 Record: 147 Field: sphereVendor
Fehler 147 :	Der Wert "null" ist in dieser Spalte nicht erlaubt.
Erlaubte Werte: , true, false, ja, nein, 1, 0 Record: 148 Field: sphereVendor
Fehler 148 :	Der Wert "null" ist in dieser Spalte nicht erlaubt.
Erlaubte Werte: , true, false, ja, nein, 1, 0 Record: 149 Field: sphereVendor
Fehler 149 :	Der Wert "null" ist in dieser Spalte nicht erlaubt.
Erlaubte Werte: , true, false, ja, nein, 1, 0 Record: 150 Field: sphereVendor
Fehler 150 :	Der Wert "null" ist in dieser Spalte nicht erlaubt.
Erlaubte Werte: , true, false, ja, nein, 1, 0 Record: 151 Field: sphereVendor
Fehler 151 :	Der Wert "null" ist in dieser Spalte nicht erlaubt.
Erlaubte Werte: , true, false, ja, nein, 1, 0 Record: 152 Field: sphereVendor
Fehler 152 :	Der Wert "null" ist in dieser Spalte nicht erlaubt.
Erlaubte Werte: , true, false, ja, nein, 1, 0 Record: 153 Field: sphereVendor
Fehler 153 :	Der Wert "null" ist in dieser Spalte nicht erlaubt.
Erlaubte Werte: , true, false, ja, nein, 1, 0 Record: 154 Field: sphereVendor
Fehler 154 :	Der Wert "null" ist in dieser Spalte nicht erlaubt.
Erlaubte Werte: , true, false, ja, nein, 1, 0 Record: 155 Field: sphereVendor
Fehler 155 :	Der Wert "null" ist in dieser Spalte nicht erlaubt.
Erlaubte Werte: , true, false, ja, nein, 1, 0 Record: 156 Field: sphereVendor
Fehler 156 :	Der Wert "null" ist in dieser Spalte nicht erlaubt.
Erlaubte Werte: , true, false, ja, nein, 1, 0 Record: 157 Field: sphereVendor
Fehler 157 :	Der Wert "null" ist in dieser Spalte nicht erlaubt.
Erlaubte Werte: , true, false, ja, nein, 1, 0 Record: 158 Field: sphereVendor
Fehler 158 :	Der Wert "null" ist in dieser Spalte nicht erlaubt.
Erlaubte Werte: , true, false, ja, nein, 1, 0 Record: 159 Field: sphereVendor
Fehler 159 :	Der Wert "null" ist in dieser Spalte nicht erlaubt.
Erlaubte Werte: , true, false, ja, nein, 1, 0 Record: 160 Field: sphereVendor
Fehler 160 :	Der Wert "null" ist in dieser Spalte nicht erlaubt.
Erlaubte Werte: , true, false, ja, nein, 1, 0 Record: 161 Field: sphereVendor
Fehler 161 :	Der Wert "null" ist in dieser Spalte nicht erlaubt.
Erlaubte Werte: , true, false, ja, nein, 1, 0 Record: 162 Field: sphereVendor
Fehler 162 :	Der Wert "null" ist in dieser Spalte nicht erlaubt.
Erlaubte Werte: , true, false, ja, nein, 1, 0 Record: 163 Field: sphereVendor
Fehler 163 :	Der Wert "null" ist in dieser Spalte nicht erlaubt.
Erlaubte Werte: , true, false, ja, nein, 1, 0 Record: 164 Field: sphereVendor
Fehler 164 :	Der Wert "null" ist in dieser Spalte nicht erlaubt.
Erlaubte Werte: , true, false, ja, nein, 1, 0 Record: 165 Field: sphereVendor
Fehler 165 :	Der Wert "null" ist in dieser Spalte nicht erlaubt.
Erlaubte Werte: , true, false, ja, nein, 1, 0 Record: 166 Field: sphereVendor
Fehler 166 :	Der Wert "null" ist in dieser Spalte nicht erlaubt.
Erlaubte Werte: , true, false, ja, nein, 1, 0 Record: 167 Field: sphereVendor
Fehler 167 :	Der Wert "null" ist in dieser Spalte nicht erlaubt.
Erlaubte Werte: , true, false, ja, nein, 1, 0 Record: 168 Field: sphereVendor
Fehler 168 :	Der Wert "null" ist in dieser Spalte nicht erlaubt.
Erlaubte Werte: , true, false, ja, nein, 1, 0 Record: 169 Field: sphereVendor
Fehler 169 :	Der Wert "null" ist in dieser Spalte nicht erlaubt.
Erlaubte Werte: , true, false, ja, nein, 1, 0 Record: 170 Field: sphereVendor
Fehler 170 :	Der Wert "null" ist in dieser Spalte nicht erlaubt.
Erlaubte Werte: , true, false, ja, nein, 1, 0 Record: 171 Field: sphereVendor
Fehler 171 :	Der Wert "null" ist in dieser Spalte nicht erlaubt.
Erlaubte Werte: , true, false, ja, nein, 1, 0 Record: 172 Field: sphereVendor
Fehler 172 :	Der Wert "null" ist in dieser Spalte nicht erlaubt.
Erlaubte Werte: , true, false, ja, nein, 1, 0 Record: 173 Field: sphereVendor
Fehler 173 :	Der Wert "null" ist in dieser Spalte nicht erlaubt.
Erlaubte Werte: , true, false, ja, nein, 1, 0 Record: 174 Field: sphereVendor
Fehler 174 :	Der Wert "null" ist in dieser Spalte nicht erlaubt.
Erlaubte Werte: , true, false, ja, nein, 1, 0 Record: 175 Field: sphereVendor
Fehler 175 :	Der Wert "null" ist in dieser Spalte nicht erlaubt.
Erlaubte Werte: , true, false, ja, nein, 1, 0 Record: 176 Field: sphereVendor
Fehler 176 :	Der Wert "null" ist in dieser Spalte nicht erlaubt.
Erlaubte Werte: , true, false, ja, nein, 1, 0 Record: 177 Field: sphereVendor
Fehler 177 :	Der Wert "null" ist in dieser Spalte nicht erlaubt.
Erlaubte Werte: , true, false, ja, nein, 1, 0 Record: 178 Field: sphereVendor
Fehler 178 :	Der Wert "null" ist in dieser Spalte nicht erlaubt.
Erlaubte Werte: , true, false, ja, nein, 1, 0 Record: 179 Field: sphereVendor
Fehler 179 :	Der Wert "null" ist in dieser Spalte nicht erlaubt.
Erlaubte Werte: , true, false, ja, nein, 1, 0 Record: 180 Field: sphereVendor
Fehler 180 :	Der Wert "null" ist in dieser Spalte nicht erlaubt.
Erlaubte Werte: , true, false, ja, nein, 1, 0 Record: 181 Field: sphereVendor
Fehler 181 :	Der Wert "null" ist in dieser Spalte nicht erlaubt.
Erlaubte Werte: , true, false, ja, nein, 1, 0 Record: 182 Field: sphereVendor
Fehler 182 :	Der Wert "null" ist in dieser Spalte nicht erlaubt.
Erlaubte Werte: , true, false, ja, nein, 1, 0 Record: 183 Field: sphereVendor
Fehler 183 :	Der Wert "null" ist in dieser Spalte nicht erlaubt.
Erlaubte Werte: , true, false, ja, nein, 1, 0 Record: 184 Field: sphereVendor
Fehler 184 :	Der Wert "null" ist in dieser Spalte nicht erlaubt.
Erlaubte Werte: , true, false, ja, nein, 1, 0 Record: 185 Field: sphereVendor
Fehler 185 :	Der Wert "null" ist in dieser Spalte nicht erlaubt.
Erlaubte Werte: , true, false, ja, nein, 1, 0 Record: 186 Field: sphereVendor
Fehler 186 :	Der Wert "null" ist in dieser Spalte nicht erlaubt.
Erlaubte Werte: , true, false, ja, nein, 1, 0 Record: 187 Field: sphereVendor
Fehler 187 :	Der Wert "null" ist in dieser Spalte nicht erlaubt.
Erlaubte Werte: , true, false, ja, nein, 1, 0 Record: 188 Field: sphereVendor
Fehler 188 :	Der Wert "null" ist in dieser Spalte nicht erlaubt.
Erlaubte Werte: , true, false, ja, nein, 1, 0 Record: 189 Field: sphereVendor
Fehler 189 :	Der Wert "null" ist in dieser Spalte nicht erlaubt.
Erlaubte Werte: , true, false, ja, nein, 1, 0 Record: 190 Field: sphereVendor
Fehler 190 :	Der Wert "null" ist in dieser Spalte nicht erlaubt.
Erlaubte Werte: , true, false, ja, nein, 1, 0 Record: 191 Field: sphereVendor
Fehler 191 :	Der Wert "null" ist in dieser Spalte nicht erlaubt.
Erlaubte Werte: , true, false, ja, nein, 1, 0 Record: 192 Field: sphereVendor
Fehler 192 :	Der Wert "null" ist in dieser Spalte nicht erlaubt.
Erlaubte Werte: , true, false, ja, nein, 1, 0 Record: 193 Field: sphereVendor
Fehler 193 :	Der Wert "null" ist in dieser Spalte nicht erlaubt.
Erlaubte Werte: , true, false, ja, nein, 1, 0 Record: 194 Field: sphereVendor
Fehler 194 :	Der Wert "null" ist in dieser Spalte nicht erlaubt.
Erlaubte Werte: , true, false, ja, nein, 1, 0 Record: 195 Field: sphereVendor
Fehler 195 :	Der Wert "null" ist in dieser Spalte nicht erlaubt.
Erlaubte Werte: , true, false, ja, nein, 1, 0 Record: 196 Field: sphereVendor
Fehler 196 :	Der Wert "null" ist in dieser Spalte nicht erlaubt.
Erlaubte Werte: , true, false, ja, nein, 1, 0 Record: 197 Field: sphereVendor
Fehler 197 :	Der Wert "null" ist in dieser Spalte nicht erlaubt.
Erlaubte Werte: , true, false, ja, nein, 1, 0 Record: 198 Field: sphereVendor
Fehler 198 :	Der Wert "null" ist in dieser Spalte nicht erlaubt.
Erlaubte Werte: , true, false, ja, nein, 1, 0 Record: 199 Field: sphereVendor
Fehler 199 :	Der Wert "null" ist in dieser Spalte nicht erlaubt.
Erlaubte Werte: , true, false, ja, nein, 1, 0 Record: 200 Field: sphereVendor
Fehler 200 :	Der Wert "null" ist in dieser Spalte nicht erlaubt.
Erlaubte Werte: , true, false, ja, nein, 1, 0 Record: 201 Field: sphereVendor
Fehler 201 :	Der Wert "null" ist in dieser Spalte nicht erlaubt.
Erlaubte Werte: , true, false, ja, nein, 1, 0 Record: 202 Field: sphereVendor
Fehler 202 :	Der Wert "null" ist in dieser Spalte nicht erlaubt.
Erlaubte Werte: , true, false, ja, nein, 1, 0 Record: 203 Field: sphereVendor
Fehler 203 :	Der Wert "null" ist in dieser Spalte nicht erlaubt.
Erlaubte Werte: , true, false, ja, nein, 1, 0 Record: 204 Field: sphereVendor
Fehler 204 :	Der Wert "null" ist in dieser Spalte nicht erlaubt.
Erlaubte Werte: , true, false, ja, nein, 1, 0 Record: 205 Field: sphereVendor
Fehler 205 :	Der Wert "null" ist in dieser Spalte nicht erlaubt.
Erlaubte Werte: , true, false, ja, nein, 1, 0 Record: 206 Field: sphereVendor
Fehler 206 :	Der Wert "null" ist in dieser Spalte nicht erlaubt.
Erlaubte Werte: , true, false, ja, nein, 1, 0 Record: 207 Field: sphereVendor
Fehler 207 :	Der Wert "null" ist in dieser Spalte nicht erlaubt.
Erlaubte Werte: , true, false, ja, nein, 1, 0 Record: 208 Field: sphereVendor
Fehler 208 :	Der Wert "null" ist in dieser Spalte nicht erlaubt.
Erlaubte Werte: , true, false, ja, nein, 1, 0 Record: 209 Field: sphereVendor
Fehler 209 :	Der Wert "null" ist in dieser Spalte nicht erlaubt.
Erlaubte Werte: , true, false, ja, nein, 1, 0 Record: 210 Field: sphereVendor
Fehler 210 :	Der Wert "null" ist in dieser Spalte nicht erlaubt.
Erlaubte Werte: , true, false, ja, nein, 1, 0 Record: 211 Field: sphereVendor
Fehler 211 :	Der Wert "null" ist in dieser Spalte nicht erlaubt.
Erlaubte Werte: , true, false, ja, nein, 1, 0 Record: 212 Field: sphereVendor
Fehler 212 :	Der Wert "null" ist in dieser Spalte nicht erlaubt.
Erlaubte Werte: , true, false, ja, nein, 1, 0 Record: 213 Field: sphereVendor
Fehler 213 :	Der Wert "null" ist in dieser Spalte nicht erlaubt.
Erlaubte Werte: , true, false, ja, nein, 1, 0 Record: 214 Field: sphereVendor
Fehler 214 :	Der Wert "null" ist in dieser Spalte nicht erlaubt.
Erlaubte Werte: , true, false, ja, nein, 1, 0 Record: 215 Field: sphereVendor
Fehler 215 :	Der Wert "null" ist in dieser Spalte nicht erlaubt.
Erlaubte Werte: , true, false, ja, nein, 1, 0 Record: 216 Field: sphereVendor
Fehler 216 :	Der Wert "null" ist in dieser Spalte nicht erlaubt.
Erlaubte Werte: , true, false, ja, nein, 1, 0 Record: 217 Field: sphereVendor
Fehler 217 :	Der Wert "null" ist in dieser Spalte nicht erlaubt.
Erlaubte Werte: , true, false, ja, nein, 1, 0 Record: 218 Field: sphereVendor
Fehler 218 :	Der Wert "null" ist in dieser Spalte nicht erlaubt.
Erlaubte Werte: , true, false, ja, nein, 1, 0 Record: 219 Field: sphereVendor
Fehler 219 :	Der Wert "null" ist in dieser Spalte nicht erlaubt.
Erlaubte Werte: , true, false, ja, nein, 1, 0 Record: 220 Field: sphereVendor
Fehler 220 :	Der Wert "null" ist in dieser Spalte nicht erlaubt.
Erlaubte Werte: , true, false, ja, nein, 1, 0 Record: 221 Field: sphereVendor
Fehler 221 :	Der Wert "null" ist in dieser Spalte nicht erlaubt.
Erlaubte Werte: , true, false, ja, nein, 1, 0 Record: 222 Field: sphereVendor
Fehler 222 :	Der Wert "null" ist in dieser Spalte nicht erlaubt.
Erlaubte Werte: , true, false, ja, nein, 1, 0 Record: 223 Field: sphereVendor
Fehler 223 :	Der Wert "null" ist in dieser Spalte nicht erlaubt.
Erlaubte Werte: , true, false, ja, nein, 1, 0 Record: 224 Field: sphereVendor
Fehler 224 :	Der Wert "null" ist in dieser Spalte nicht erlaubt.
Erlaubte Werte: , true, false, ja, nein, 1, 0 Record: 225 Field: sphereVendor
Fehler 225 :	Der Wert "null" ist in dieser Spalte nicht erlaubt.
Erlaubte Werte: , true, false, ja, nein, 1, 0 Record: 226 Field: sphereVendor
Fehler 226 :	Der Wert "null" ist in dieser Spalte nicht erlaubt.
Erlaubte Werte: , true, false, ja, nein, 1, 0 Record: 227 Field: sphereVendor
Fehler 227 :	Der Wert "null" ist in dieser Spalte nicht erlaubt.
Erlaubte Werte: , true, false, ja, nein, 1, 0 Record: 228 Field: sphereVendor
Fehler 228 :	Der Wert "null" ist in dieser Spalte nicht erlaubt.
Erlaubte Werte: , true, false, ja, nein, 1, 0 Record: 229 Field: sphereVendor
Fehler 229 :	Der Wert "null" ist in dieser Spalte nicht erlaubt.
Erlaubte Werte: , true, false, ja, nein, 1, 0 Record: 230 Field: sphereVendor
Fehler 230 :	Der Wert "null" ist in dieser Spalte nicht erlaubt.
Erlaubte Werte: , true, false, ja, nein, 1, 0 Record: 231 Field: sphereVendor
Fehler 231 :	Der Wert "null" ist in dieser Spalte nicht erlaubt.
Erlaubte Werte: , true, false, ja, nein, 1, 0 Record: 232 Field: sphereVendor
Fehler 232 :	Der Wert "null" ist in dieser Spalte nicht erlaubt.
Erlaubte Werte: , true, false, ja, nein, 1, 0 Record: 233 Field: sphereVendor
Fehler 233 :	Der Wert "null" ist in dieser Spalte nicht erlaubt.
Erlaubte Werte: , true, false, ja, nein, 1, 0 Record: 234 Field: sphereVendor
Fehler 234 :	Der Wert "null" ist in dieser Spalte nicht erlaubt.
Erlaubte Werte: , true, false, ja, nein, 1, 0 Record: 235 Field: sphereVendor
Fehler 235 :	Der Wert "null" ist in dieser Spalte nicht erlaubt.
Erlaubte Werte: , true, false, ja, nein, 1, 0 Record: 236 Field: sphereVendor
Fehler 236 :	Der Wert "null" ist in dieser Spalte nicht erlaubt.
Erlaubte Werte: , true, false, ja, nein, 1, 0 Record: 237 Field: sphereVendor
Fehler 237 :	Der Wert "null" ist in dieser Spalte nicht erlaubt.
Erlaubte Werte: , true, false, ja, nein, 1, 0 Record: 238 Field: sphereVendor
Fehler 238 :	Der Wert "null" ist in dieser Spalte nicht erlaubt.
Erlaubte Werte: , true, false, ja, nein, 1, 0 Record: 239 Field: sphereVendor
Fehler 239 :	Der Wert "null" ist in dieser Spalte nicht erlaubt.
Erlaubte Werte: , true, false, ja, nein, 1, 0 Record: 240 Field: sphereVendor
Fehler 240 :	Der Wert "null" ist in dieser Spalte nicht erlaubt.
Erlaubte Werte: , true, false, ja, nein, 1, 0 Record: 241 Field: sphereVendor
Fehler 241 :	Der Wert "null" ist in dieser Spalte nicht erlaubt.
Erlaubte Werte: , true, false, ja, nein, 1, 0 Record: 242 Field: sphereVendor
Fehler 242 :	Der Wert "null" ist in dieser Spalte nicht erlaubt.
Erlaubte Werte: , true, false, ja, nein, 1, 0 Record: 243 Field: sphereVendor
Fehler 243 :	Der Wert "null" ist in dieser Spalte nicht erlaubt.
Erlaubte Werte: , true, false, ja, nein, 1, 0 Record: 244 Field: sphereVendor
Fehler 244 :	Der Wert "null" ist in dieser Spalte nicht erlaubt.
Erlaubte Werte: , true, false, ja, nein, 1, 0 Record: 245 Field: sphereVendor
Fehler 245 :	Der Wert "null" ist in dieser Spalte nicht erlaubt.
Erlaubte Werte: , true, false, ja, nein, 1, 0 Record: 246 Field: sphereVendor
Fehler 246 :	Der Wert "null" ist in dieser Spalte nicht erlaubt.
Erlaubte Werte: , true, false, ja, nein, 1, 0 Record: 247 Field: sphereVendor
Fehler 247 :	Der Wert "null" ist in dieser Spalte nicht erlaubt.
Erlaubte Werte: , true, false, ja, nein, 1, 0 Record: 248 Field: sphereVendor
Fehler 248 :	Der Wert "null" ist in dieser Spalte nicht erlaubt.
Erlaubte Werte: , true, false, ja, nein, 1, 0 Record: 249 Field: sphereVendor
Fehler 249 :	Der Wert "null" ist in dieser Spalte nicht erlaubt.
Erlaubte Werte: , true, false, ja, nein, 1, 0 Record: 250 Field: sphereVendor
Fehler 250 :	Der Wert "null" ist in dieser Spalte nicht erlaubt.
Erlaubte Werte: , true, false, ja, nein, 1, 0 Record: 251 Field: sphereVendor
Fehler 251 :	Der Wert "null" ist in dieser Spalte nicht erlaubt.
Erlaubte Werte: , true, false, ja, nein, 1, 0 Record: 252 Field: sphereVendor
Fehler 252 :	Der Wert "null" ist in dieser Spalte nicht erlaubt.
Erlaubte Werte: , true, false, ja, nein, 1, 0 Record: 253 Field: sphereVendor
Fehler 253 :	Der Wert "null" ist in dieser Spalte nicht erlaubt.
Erlaubte Werte: , true, false, ja, nein, 1, 0 Record: 254 Field: sphereVendor
Fehler 254 :	Der Wert "null" ist in dieser Spalte nicht erlaubt.
Erlaubte Werte: , true, false, ja, nein, 1, 0 Record: 255 Field: sphereVendor
Fehler 255 :	Der Wert "null" ist in dieser Spalte nicht erlaubt.
Erlaubte Werte: , true, false, ja, nein, 1, 0 Record: 256 Field: sphereVendor
Fehler 256 :	Der Wert "null" ist in dieser Spalte nicht erlaubt.
Erlaubte Werte: , true, false, ja, nein, 1, 0 Record: 257 Field: sphereVendor
Fehler 257 :	Der Wert "null" ist in dieser Spalte nicht erlaubt.
Erlaubte Werte: , true, false, ja, nein, 1, 0 Record: 258 Field: sphereVendor
Fehler 258 :	Der Wert "null" ist in dieser Spalte nicht erlaubt.
Erlaubte Werte: , true, false, ja, nein, 1, 0 Record: 259 Field: sphereVendor
Fehler 259 :	Der Wert "null" ist in dieser Spalte nicht erlaubt.
Erlaubte Werte: , true, false, ja, nein, 1, 0 Record: 260 Field: sphereVendor
Fehler 260 :	Der Wert "null" ist in dieser Spalte nicht erlaubt.
Erlaubte Werte: , true, false, ja, nein, 1, 0 Record: 261 Field: sphereVendor
Fehler 261 :	Der Wert "null" ist in dieser Spalte nicht erlaubt.
Erlaubte Werte: , true, false, ja, nein, 1, 0 Record: 262 Field: sphereVendor
Fehler 262 :	Der Wert "null" ist in dieser Spalte nicht erlaubt.
Erlaubte Werte: , true, false, ja, nein, 1, 0 Record: 263 Field: sphereVendor
Fehler 263 :	Der Wert "null" ist in dieser Spalte nicht erlaubt.
Erlaubte Werte: , true, false, ja, nein, 1, 0 Record: 264 Field: sphereVendor
Fehler 264 :	Der Wert "null" ist in dieser Spalte nicht erlaubt.
Erlaubte Werte: , true, false, ja, nein, 1, 0 Record: 265 Field: sphereVendor
Fehler 265 :	Der Wert "null" ist in dieser Spalte nicht erlaubt.
Erlaubte Werte: , true, false, ja, nein, 1, 0 Record: 266 Field: sphereVendor
Fehler 266 :	Der Wert "null" ist in dieser Spalte nicht erlaubt.
Erlaubte Werte: , true, false, ja, nein, 1, 0 Record: 267 Field: sphereVendor
Fehler 267 :	Der Wert "null" ist in dieser Spalte nicht erlaubt.
Erlaubte Werte: , true, false, ja, nein, 1, 0 Record: 268 Field: sphereVendor
Fehler 268 :	Der Wert "null" ist in dieser Spalte nicht erlaubt.
Erlaubte Werte: , true, false, ja, nein, 1, 0 Record: 269 Field: sphereVendor
Fehler 269 :	Der Wert "null" ist in dieser Spalte nicht erlaubt.
Erlaubte Werte: , true, false, ja, nein, 1, 0 Record: 270 Field: sphereVendor
Fehler 270 :	Der Wert "null" ist in dieser Spalte nicht erlaubt.
Erlaubte Werte: , true, false, ja, nein, 1, 0 Record: 271 Field: sphereVendor
Fehler 271 :	Der Wert "null" ist in dieser Spalte nicht erlaubt.
Erlaubte Werte: , true, false, ja, nein, 1, 0 Record: 272 Field: sphereVendor
Fehler 272 :	Der Wert "null" ist in dieser Spalte nicht erlaubt.
Erlaubte Werte: , true, false, ja, nein, 1, 0 Record: 273 Field: sphereVendor
Fehler 273 :	Der Wert "null" ist in dieser Spalte nicht erlaubt.
Erlaubte Werte: , true, false, ja, nein, 1, 0 Record: 274 Field: sphereVendor
Fehler 274 :	Der Wert "null" ist in dieser Spalte nicht erlaubt.
Erlaubte Werte: , true, false, ja, nein, 1, 0 Record: 275 Field: sphereVendor
Fehler 275 :	Der Wert "null" ist in dieser Spalte nicht erlaubt.
Erlaubte Werte: , true, false, ja, nein, 1, 0 Record: 276 Field: sphereVendor
Fehler 276 :	Der Wert "null" ist in dieser Spalte nicht erlaubt.
Erlaubte Werte: , true, false, ja, nein, 1, 0 Record: 277 Field: sphereVendor
Fehler 277 :	Der Wert "null" ist in dieser Spalte nicht erlaubt.
Erlaubte Werte: , true, false, ja, nein, 1, 0 Record: 278 Field: sphereVendor
Fehler 278 :	Der Wert "null" ist in dieser Spalte nicht erlaubt.
Erlaubte Werte: , true, false, ja, nein, 1, 0 Record: 279 Field: sphereVendor
Fehler 279 :	Der Wert "null" ist in dieser Spalte nicht erlaubt.
Erlaubte Werte: , true, false, ja, nein, 1, 0 Record: 280 Field: sphereVendor
Fehler 280 :	Der Wert "null" ist in dieser Spalte nicht erlaubt.
Erlaubte Werte: , true, false, ja, nein, 1, 0 Record: 281 Field: sphereVendor
Fehler 281 :	Der Wert "null" ist in dieser Spalte nicht erlaubt.
Erlaubte Werte: , true, false, ja, nein, 1, 0 Record: 282 Field: sphereVendor
Fehler 282 :	Der Wert "null" ist in dieser Spalte nicht erlaubt.
Erlaubte Werte: , true, false, ja, nein, 1, 0 Record: 283 Field: sphereVendor
Fehler 283 :	Der Wert "null" ist in dieser Spalte nicht erlaubt.
Erlaubte Werte: , true, false, ja, nein, 1, 0 Record: 284 Field: sphereVendor
Fehler 284 :	Der Wert "null" ist in dieser Spalte nicht erlaubt.
Erlaubte Werte: , true, false, ja, nein, 1, 0 Record: 285 Field: sphereVendor
Fehler 285 :	Der Wert "null" ist in dieser Spalte nicht erlaubt.
Erlaubte Werte: , true, false, ja, nein, 1, 0 Record: 286 Field: sphereVendor
Fehler 286 :	Der Wert "null" ist in dieser Spalte nicht erlaubt.
Erlaubte Werte: , true, false, ja, nein, 1, 0 Record: 287 Field: sphereVendor
Fehler 287 :	Der Wert "null" ist in dieser Spalte nicht erlaubt.
Erlaubte Werte: , true, false, ja, nein, 1, 0 Record: 288 Field: sphereVendor
Fehler 288 :	Der Wert "null" ist in dieser Spalte nicht erlaubt.
Erlaubte Werte: , true, false, ja, nein, 1, 0 Record: 289 Field: sphereVendor
Fehler 289 :	Der Wert "null" ist in dieser Spalte nicht erlaubt.
Erlaubte Werte: , true, false, ja, nein, 1, 0 Record: 290 Field: sphereVendor
Fehler 290 :	Der Wert "null" ist in dieser Spalte nicht erlaubt.
Erlaubte Werte: , true, false, ja, nein, 1, 0 Record: 291 Field: sphereVendor
Fehler 291 :	Der Wert "null" ist in dieser Spalte nicht erlaubt.
Erlaubte Werte: , true, false, ja, nein, 1, 0 Record: 292 Field: sphereVendor
Fehler 292 :	Der Wert "null" ist in dieser Spalte nicht erlaubt.
Erlaubte Werte: , true, false, ja, nein, 1, 0 Record: 293 Field: sphereVendor
Fehler 293 :	Der Wert "null" ist in dieser Spalte nicht erlaubt.
Erlaubte Werte: , true, false, ja, nein, 1, 0 Record: 294 Field: sphereVendor
Fehler 294 :	Der Wert "null" ist in dieser Spalte nicht erlaubt.
Erlaubte Werte: , true, false, ja, nein, 1, 0 Record: 295 Field: sphereVendor
Fehler 295 :	Der Wert "null" ist in dieser Spalte nicht erlaubt.
Erlaubte Werte: , true, false, ja, nein, 1, 0 Record: 296 Field: sphereVendor
Fehler 296 :	Der Wert "null" ist in dieser Spalte nicht erlaubt.
Erlaubte Werte: , true, false, ja, nein, 1, 0 Record: 297 Field: sphereVendor
Fehler 297 :	Der Wert "null" ist in dieser Spalte nicht erlaubt.
Erlaubte Werte: , true, false, ja, nein, 1, 0 Record: 298 Field: sphereVendor
Fehler 298 :	Der Wert "null" ist in dieser Spalte nicht erlaubt.
Erlaubte Werte: , true, false, ja, nein, 1, 0 Record: 299 Field: sphereVendor
Fehler 299 :	Der Wert "null" ist in dieser Spalte nicht erlaubt.
Erlaubte Werte: , true, false, ja, nein, 1, 0 Record: 300 Field: sphereVendor
Fehler 300 :	Der Wert "null" ist in dieser Spalte nicht erlaubt.
Erlaubte Werte: , true, false, ja, nein, 1, 0 Record: 301 Field: sphereVendor
Fehler 301 :	Der Wert "null" ist in dieser Spalte nicht erlaubt.
Erlaubte Werte: , true, false, ja, nein, 1, 0 Record: 302 Field: sphereVendor
Fehler 302 :	Der Wert "null" ist in dieser Spalte nicht erlaubt.
Erlaubte Werte: , true, false, ja, nein, 1, 0 Record: 303 Field: sphereVendor
Fehler 303 :	Der Wert "null" ist in dieser Spalte nicht erlaubt.
Erlaubte Werte: , true, false, ja, nein, 1, 0 Record: 304 Field: sphereVendor
Fehler 304 :	Der Wert "null" ist in dieser Spalte nicht erlaubt.
Erlaubte Werte: , true, false, ja, nein, 1, 0 Record: 305 Field: sphereVendor
Fehler 305 :	Der Wert "null" ist in dieser Spalte nicht erlaubt.
Erlaubte Werte: , true, false, ja, nein, 1, 0 Record: 306 Field: sphereVendor
Fehler 306 :	Der Wert "null" ist in dieser Spalte nicht erlaubt.
Erlaubte Werte: , true, false, ja, nein, 1, 0 Record: 307 Field: sphereVendor
Fehler 307 :	Der Wert "null" ist in dieser Spalte nicht erlaubt.
Erlaubte Werte: , true, false, ja, nein, 1, 0 Record: 308 Field: sphereVendor
Fehler 308 :	Der Wert "null" ist in dieser Spalte nicht erlaubt.
Erlaubte Werte: , true, false, ja, nein, 1, 0 Record: 309 Field: sphereVendor
Fehler 309 :	Der Wert "null" ist in dieser Spalte nicht erlaubt.
Erlaubte Werte: , true, false, ja, nein, 1, 0 Record: 310 Field: sphereVendor
Fehler 310 :	Der Wert "null" ist in dieser Spalte nicht erlaubt.
Erlaubte Werte: , true, false, ja, nein, 1, 0 Record: 311 Field: sphereVendor
Fehler 311 :	Der Wert "null" ist in dieser Spalte nicht erlaubt.
Erlaubte Werte: , true, false, ja, nein, 1, 0 Record: 312 Field: sphereVendor
Fehler 312 :	Der Wert "null" ist in dieser Spalte nicht erlaubt.
Erlaubte Werte: , true, false, ja, nein, 1, 0 Record: 313 Field: sphereVendor
Fehler 313 :	Der Wert "null" ist in dieser Spalte nicht erlaubt.
Erlaubte Werte: , true, false, ja, nein, 1, 0 Record: 314 Field: sphereVendor
Fehler 314 :	Der Wert "null" ist in dieser Spalte nicht erlaubt.
Erlaubte Werte: , true, false, ja, nein, 1, 0 Record: 315 Field: sphereVendor
Fehler 315 :	Der Wert "null" ist in dieser Spalte nicht erlaubt.
Erlaubte Werte: , true, false, ja, nein, 1, 0 Record: 316 Field: sphereVendor
Fehler 316 :	Der Wert "null" ist in dieser Spalte nicht erlaubt.
Erlaubte Werte: , true, false, ja, nein, 1, 0 Record: 317 Field: sphereVendor
Fehler 317 :	Der Wert "null" ist in dieser Spalte nicht erlaubt.
Erlaubte Werte: , true, false, ja, nein, 1, 0 Record: 318 Field: sphereVendor
Fehler 318 :	Der Wert "null" ist in dieser Spalte nicht erlaubt.
Erlaubte Werte: , true, false, ja, nein, 1, 0 Record: 319 Field: sphereVendor
Fehler 319 :	Der Wert "null" ist in dieser Spalte nicht erlaubt.
Erlaubte Werte: , true, false, ja, nein, 1, 0 Record: 320 Field: sphereVendor
Fehler 320 :	Der Wert "null" ist in dieser Spalte nicht erlaubt.
Erlaubte Werte: , true, false, ja, nein, 1, 0 Record: 321 Field: sphereVendor
Fehler 321 :	Der Wert "null" ist in dieser Spalte nicht erlaubt.
Erlaubte Werte: , true, false, ja, nein, 1, 0 Record: 322 Field: sphereVendor
Fehler 322 :	Der Wert "null" ist in dieser Spalte nicht erlaubt.
Erlaubte Werte: , true, false, ja, nein, 1, 0 Record: 323 Field: sphereVendor
Fehler 323 :	Der Wert "null" ist in dieser Spalte nicht erlaubt.
Erlaubte Werte: , true, false, ja, nein, 1, 0 Record: 324 Field: sphereVendor
Fehler 324 :	Der Wert "null" ist in dieser Spalte nicht erlaubt.
Erlaubte Werte: , true, false, ja, nein, 1, 0 Record: 325 Field: sphereVendor
Fehler 325 :	Der Wert "null" ist in dieser Spalte nicht erlaubt.
Erlaubte Werte: , true, false, ja, nein, 1, 0 Record: 326 Field: sphereVendor
Fehler 326 :	Der Wert "null" ist in dieser Spalte nicht erlaubt.
Erlaubte Werte: , true, false, ja, nein, 1, 0 Record: 327 Field: sphereVendor
Fehler 327 :	Der Wert "null" ist in dieser Spalte nicht erlaubt.
Erlaubte Werte: , true, false, ja, nein, 1, 0 Record: 328 Field: sphereVendor
Fehler 328 :	Der Wert "null" ist in dieser Spalte nicht erlaubt.
Erlaubte Werte: , true, false, ja, nein, 1, 0 Record: 329 Field: sphereVendor
Fehler 329 :	Der Wert "null" ist in dieser Spalte nicht erlaubt.
Erlaubte Werte: , true, false, ja, nein, 1, 0 Record: 330 Field: sphereVendor
Fehler 330 :	Der Wert "null" ist in dieser Spalte nicht erlaubt.
Erlaubte Werte: , true, false, ja, nein, 1, 0 Record: 331 Field: sphereVendor
Fehler 331 :	Der Wert "null" ist in dieser Spalte nicht erlaubt.
Erlaubte Werte: , true, false, ja, nein, 1, 0 Record: 332 Field: sphereVendor
Fehler 332 :	Der Wert "null" ist in dieser Spalte nicht erlaubt.
Erlaubte Werte: , true, false, ja, nein, 1, 0 Record: 333 Field: sphereVendor
Fehler 333 :	Der Wert "null" ist in dieser Spalte nicht erlaubt.
Erlaubte Werte: , true, false, ja, nein, 1, 0 Record: 334 Field: sphereVendor
Fehler 334 :	Der Wert "null" ist in dieser Spalte nicht erlaubt.
Erlaubte Werte: , true, false, ja, nein, 1, 0 Record: 335 Field: sphereVendor
Fehler 335 :	Der Wert "null" ist in dieser Spalte nicht erlaubt.
Erlaubte Werte: , true, false, ja, nein, 1, 0 Record: 336 Field: sphereVendor
Fehler 336 :	Der Wert "null" ist in dieser Spalte nicht erlaubt.
Erlaubte Werte: , true, false, ja, nein, 1, 0 Record: 337 Field: sphereVendor
Fehler 337 :	Der Wert "null" ist in dieser Spalte nicht erlaubt.
Erlaubte Werte: , true, false, ja, nein, 1, 0 Record: 338 Field: sphereVendor
Fehler 338 :	Der Wert "null" ist in dieser Spalte nicht erlaubt.
Erlaubte Werte: , true, false, ja, nein, 1, 0 Record: 339 Field: sphereVendor
Fehler 339 :	Der Wert "null" ist in dieser Spalte nicht erlaubt.
Erlaubte Werte: , true, false, ja, nein, 1, 0 Record: 340 Field: sphereVendor
Fehler 340 :	Der Wert "null" ist in dieser Spalte nicht erlaubt.
Erlaubte Werte: , true, false, ja, nein, 1, 0 Record: 341 Field: sphereVendor
Fehler 341 :	Der Wert "null" ist in dieser Spalte nicht erlaubt.
Erlaubte Werte: , true, false, ja, nein, 1, 0 Record: 342 Field: sphereVendor
Fehler 342 :	Der Wert "null" ist in dieser Spalte nicht erlaubt.
Erlaubte Werte: , true, false, ja, nein, 1, 0 Record: 343 Field: sphereVendor
Fehler 343 :	Der Wert "null" ist in dieser Spalte nicht erlaubt.
Erlaubte Werte: , true, false, ja, nein, 1, 0 Record: 344 Field: sphereVendor
Fehler 344 :	Der Wert "null" ist in dieser Spalte nicht erlaubt.
Erlaubte Werte: , true, false, ja, nein, 1, 0 Record: 345 Field: sphereVendor
Fehler 345 :	Der Wert "null" ist in dieser Spalte nicht erlaubt.
Erlaubte Werte: , true, false, ja, nein, 1, 0 Record: 346 Field: sphereVendor
Fehler 346 :	Der Wert "null" ist in dieser Spalte nicht erlaubt.
Erlaubte Werte: , true, false, ja, nein, 1, 0 Record: 347 Field: sphereVendor
Fehler 347 :	Der Wert "null" ist in dieser Spalte nicht erlaubt.
Erlaubte Werte: , true, false, ja, nein, 1, 0 Record: 348 Field: sphereVendor
Fehler 348 :	Der Wert "null" ist in dieser Spalte nicht erlaubt.
Erlaubte Werte: , true, false, ja, nein, 1, 0 Record: 349 Field: sphereVendor
Fehler 349 :	Der Wert "null" ist in dieser Spalte nicht erlaubt.
Erlaubte Werte: , true, false, ja, nein, 1, 0 Record: 350 Field: sphereVendor
Fehler 350 :	Der Wert "null" ist in dieser Spalte nicht erlaubt.
Erlaubte Werte: , true, false, ja, nein, 1, 0 Record: 351 Field: sphereVendor
Fehler 351 :	Der Wert "null" ist in dieser Spalte nicht erlaubt.
Erlaubte Werte: , true, false, ja, nein, 1, 0 Record: 352 Field: sphereVendor
Fehler 352 :	Der Wert "null" ist in dieser Spalte nicht erlaubt.
Erlaubte Werte: , true, false, ja, nein, 1, 0 Record: 353 Field: sphereVendor
Fehler 353 :	Der Wert "null" ist in dieser Spalte nicht erlaubt.
Erlaubte Werte: , true, false, ja, nein, 1, 0 Record: 354 Field: sphereVendor
Fehler 354 :	Der Wert "null" ist in dieser Spalte nicht erlaubt.
Erlaubte Werte: , true, false, ja, nein, 1, 0 Record: 355 Field: sphereVendor
Fehler 355 :	Der Wert "null" ist in dieser Spalte nicht erlaubt.
Erlaubte Werte: , true, false, ja, nein, 1, 0 Record: 356 Field: sphereVendor
Fehler 356 :	Der Wert "null" ist in dieser Spalte nicht erlaubt.
Erlaubte Werte: , true, false, ja, nein, 1, 0 Record: 357 Field: sphereVendor
Fehler 357 :	Der Wert "null" ist in dieser Spalte nicht erlaubt.
Erlaubte Werte: , true, false, ja, nein, 1, 0 Record: 358 Field: sphereVendor
Fehler 358 :	Der Wert "null" ist in dieser Spalte nicht erlaubt.
Erlaubte Werte: , true, false, ja, nein, 1, 0 Record: 359 Field: sphereVendor
Fehler 359 :	Der Wert "null" ist in dieser Spalte nicht erlaubt.
Erlaubte Werte: , true, false, ja, nein, 1, 0 Record: 360 Field: sphereVendor
Fehler 360 :	Der Wert "null" ist in dieser Spalte nicht erlaubt.
Erlaubte Werte: , true, false, ja, nein, 1, 0 Record: 361 Field: sphereVendor
Fehler 361 :	Der Wert "null" ist in dieser Spalte nicht erlaubt.
Erlaubte Werte: , true, false, ja, nein, 1, 0 Record: 362 Field: sphereVendor
Fehler 362 :	Der Wert "null" ist in dieser Spalte nicht erlaubt.
Erlaubte Werte: , true, false, ja, nein, 1, 0 Record: 363 Field: sphereVendor
Fehler 363 :	Der Wert "null" ist in dieser Spalte nicht erlaubt.
Erlaubte Werte: , true, false, ja, nein, 1, 0 Record: 364 Field: sphereVendor
Fehler 364 :	Der Wert "null" ist in dieser Spalte nicht erlaubt.
Erlaubte Werte: , true, false, ja, nein, 1, 0 Record: 365 Field: sphereVendor
Fehler 365 :	Der Wert "null" ist in dieser Spalte nicht erlaubt.
Erlaubte Werte: , true, false, ja, nein, 1, 0 Record: 366 Field: sphereVendor
Fehler 366 :	Der Wert "null" ist in dieser Spalte nicht erlaubt.
Erlaubte Werte: , true, false, ja, nein, 1, 0 Record: 367 Field: sphereVendor
Fehler 367 :	Der Wert "null" ist in dieser Spalte nicht erlaubt.
Erlaubte Werte: , true, false, ja, nein, 1, 0 Record: 368 Field: sphereVendor
Fehler 368 :	Der Wert "null" ist in dieser Spalte nicht erlaubt.
Erlaubte Werte: , true, false, ja, nein, 1, 0 Record: 369 Field: sphereVendor
Fehler 369 :	Der Wert "null" ist in dieser Spalte nicht erlaubt.
Erlaubte Werte: , true, false, ja, nein, 1, 0 Record: 370 Field: sphereVendor
Fehler 370 :	Der Wert "null" ist in dieser Spalte nicht erlaubt.
Erlaubte Werte: , true, false, ja, nein, 1, 0 Record: 371 Field: sphereVendor
Fehler 371 :	Der Wert "null" ist in dieser Spalte nicht erlaubt.
Erlaubte Werte: , true, false, ja, nein, 1, 0 Record: 372 Field: sphereVendor
Fehler 372 :	Der Wert "null" ist in dieser Spalte nicht erlaubt.
Erlaubte Werte: , true, false, ja, nein, 1, 0 Record: 373 Field: sphereVendor
Fehler 373 :	Der Wert "null" ist in dieser Spalte nicht erlaubt.
Erlaubte Werte: , true, false, ja, nein, 1, 0 Record: 374 Field: sphereVendor
Fehler 374 :	Der Wert "null" ist in dieser Spalte nicht erlaubt.
Erlaubte Werte: , true, false, ja, nein, 1, 0 Record: 375 Field: sphereVendor
Fehler 375 :	Der Wert "null" ist in dieser Spalte nicht erlaubt.
Erlaubte Werte: , true, false, ja, nein, 1, 0 Record: 376 Field: sphereVendor
Fehler 376 :	Der Wert "null" ist in dieser Spalte nicht erlaubt.
Erlaubte Werte: , true, false, ja, nein, 1, 0 Record: 377 Field: sphereVendor
Fehler 377 :	Der Wert "null" ist in dieser Spalte nicht erlaubt.
Erlaubte Werte: , true, false, ja, nein, 1, 0 Record: 378 Field: sphereVendor
Fehler 378 :	Der Wert "null" ist in dieser Spalte nicht erlaubt.
Erlaubte Werte: , true, false, ja, nein, 1, 0 Record: 379 Field: sphereVendor
Fehler 379 :	Der Wert "null" ist in dieser Spalte nicht erlaubt.
Erlaubte Werte: , true, false, ja, nein, 1, 0 Record: 380 Field: sphereVendor
Fehler 380 :	Der Wert "null" ist in dieser Spalte nicht erlaubt.
Erlaubte Werte: , true, false, ja, nein, 1, 0 Record: 381 Field: sphereVendor
Fehler 381 :	Der Wert "null" ist in dieser Spalte nicht erlaubt.
Erlaubte Werte: , true, false, ja, nein, 1, 0 Record: 382 Field: sphereVendor
Fehler 382 :	Der Wert "null" ist in dieser Spalte nicht erlaubt.
Erlaubte Werte: , true, false, ja, nein, 1, 0 Record: 383 Field: sphereVendor
Fehler 383 :	Der Wert "null" ist in dieser Spalte nicht erlaubt.
Erlaubte Werte: , true, false, ja, nein, 1, 0 Record: 384 Field: sphereVendor
Fehler 384 :	Der Wert "null" ist in dieser Spalte nicht erlaubt.
Erlaubte Werte: , true, false, ja, nein, 1, 0 Record: 385 Field: sphereVendor
Fehler 385 :	Der Wert "null" ist in dieser Spalte nicht erlaubt.
Erlaubte Werte: , true, false, ja, nein, 1, 0 Record: 386 Field: sphereVendor
Fehler 386 :	Der Wert "null" ist in dieser Spalte nicht erlaubt.
Erlaubte Werte: , true, false, ja, nein, 1, 0 Record: 387 Field: sphereVendor
Fehler 387 :	Der Wert "null" ist in dieser Spalte nicht erlaubt.
Erlaubte Werte: , true, false, ja, nein, 1, 0 Record: 388 Field: sphereVendor
Fehler 388 :	Der Wert "null" ist in dieser Spalte nicht erlaubt.
Erlaubte Werte: , true, false, ja, nein, 1, 0 Record: 389 Field: sphereVendor
Fehler 389 :	Der Wert "null" ist in dieser Spalte nicht erlaubt.
Erlaubte Werte: , true, false, ja, nein, 1, 0 Record: 390 Field: sphereVendor
Fehler 390 :	Der Wert "null" ist in dieser Spalte nicht erlaubt.
Erlaubte Werte: , true, false, ja, nein, 1, 0 Record: 391 Field: sphereVendor
Fehler 391 :	Der Wert "null" ist in dieser Spalte nicht erlaubt.
Erlaubte Werte: , true, false, ja, nein, 1, 0 Record: 392 Field: sphereVendor
Fehler 392 :	Der Wert "null" ist in dieser Spalte nicht erlaubt.
Erlaubte Werte: , true, false, ja, nein, 1, 0 Record: 393 Field: sphereVendor
Fehler 393 :	Der Wert "null" ist in dieser Spalte nicht erlaubt.
Erlaubte Werte: , true, false, ja, nein, 1, 0 Record: 394 Field: sphereVendor
Fehler 394 :	Der Wert "null" ist in dieser Spalte nicht erlaubt.
Erlaubte Werte: , true, false, ja, nein, 1, 0 Record: 395 Field: sphereVendor
Fehler 395 :	Der Wert "null" ist in dieser Spalte nicht erlaubt.
Erlaubte Werte: , true, false, ja, nein, 1, 0 Record: 396 Field: sphereVendor
Fehler 396 :	Der Wert "null" ist in dieser Spalte nicht erlaubt.
Erlaubte Werte: , true, false, ja, nein, 1, 0 Record: 397 Field: sphereVendor
Fehler 397 :	Der Wert "null" ist in dieser Spalte nicht erlaubt.
Erlaubte Werte: , true, false, ja, nein, 1, 0 Record: 398 Field: sphereVendor
Fehler 398 :	Der Wert "null" ist in dieser Spalte nicht erlaubt.
Erlaubte Werte: , true, false, ja, nein, 1, 0 Record: 399 Field: sphereVendor
Fehler 399 :	Der Wert "null" ist in dieser Spalte nicht erlaubt.
Erlaubte Werte: , true, false, ja, nein, 1, 0 Record: 400 Field: sphereVendor
Fehler 400 :	Der Wert "null" ist in dieser Spalte nicht erlaubt.
Erlaubte Werte: , true, false, ja, nein, 1, 0 Record: 401 Field: sphereVendor
Fehler 401 :	Der Wert "null" ist in dieser Spalte nicht erlaubt.
Erlaubte Werte: , true, false, ja, nein, 1, 0 Record: 402 Field: sphereVendor
Fehler 402 :	Der Wert "null" ist in dieser Spalte nicht erlaubt.
Erlaubte Werte: , true, false, ja, nein, 1, 0 Record: 403 Field: sphereVendor
Fehler 403 :	Der Wert "null" ist in dieser Spalte nicht erlaubt.
Erlaubte Werte: , true, false, ja, nein, 1, 0 Record: 404 Field: sphereVendor
Fehler 404 :	Der Wert "null" ist in dieser Spalte nicht erlaubt.
Erlaubte Werte: , true, false, ja, nein, 1, 0 Record: 405 Field: sphereVendor
Fehler 405 :	Der Wert "null" ist in dieser Spalte nicht erlaubt.
Erlaubte Werte: , true, false, ja, nein, 1, 0 Record: 406 Field: sphereVendor
Fehler 406 :	Der Wert "null" ist in dieser Spalte nicht erlaubt.
Erlaubte Werte: , true, false, ja, nein, 1, 0 Record: 407 Field: sphereVendor
Fehler 407 :	Der Wert "null" ist in dieser Spalte nicht erlaubt.
Erlaubte Werte: , true, false, ja, nein, 1, 0 Record: 408 Field: sphereVendor
Fehler 408 :	Der Wert "null" ist in dieser Spalte nicht erlaubt.
Erlaubte Werte: , true, false, ja, nein, 1, 0 Record: 409 Field: sphereVendor
Fehler 409 :	Der Wert "null" ist in dieser Spalte nicht erlaubt.
Erlaubte Werte: , true, false, ja, nein, 1, 0 Record: 410 Field: sphereVendor
Fehler 410 :	Der Wert "null" ist in dieser Spalte nicht erlaubt.
Erlaubte Werte: , true, false, ja, nein, 1, 0 Record: 411 Field: sphereVendor
Fehler 411 :	Der Wert "null" ist in dieser Spalte nicht erlaubt.
Erlaubte Werte: , true, false, ja, nein, 1, 0 Record: 412 Field: sphereVendor
Fehler 412 :	Der Wert "null" ist in dieser Spalte nicht erlaubt.
Erlaubte Werte: , true, false, ja, nein, 1, 0 Record: 413 Field: sphereVendor
Fehler 413 :	Der Wert "null" ist in dieser Spalte nicht erlaubt.
Erlaubte Werte: , true, false, ja, nein, 1, 0 Record: 414 Field: sphereVendor
Fehler 414 :	Der Wert "null" ist in dieser Spalte nicht erlaubt.
Erlaubte Werte: , true, false, ja, nein, 1, 0 Record: 415 Field: sphereVendor
Fehler 415 :	Der Wert "null" ist in dieser Spalte nicht erlaubt.
Erlaubte Werte: , true, false, ja, nein, 1, 0 Record: 416 Field: sphereVendor
Fehler 416 :	Der Wert "null" ist in dieser Spalte nicht erlaubt.
Erlaubte Werte: , true, false, ja, nein, 1, 0 Record: 417 Field: sphereVendor
Fehler 417 :	Der Wert "null" ist in dieser Spalte nicht erlaubt.
Erlaubte Werte: , true, false, ja, nein, 1, 0 Record: 418 Field: sphereVendor
Fehler 418 :	Der Wert "null" ist in dieser Spalte nicht erlaubt.
Erlaubte Werte: , true, false, ja, nein, 1, 0 Record: 419 Field: sphereVendor
Fehler 419 :	Der Wert "null" ist in dieser Spalte nicht erlaubt.
Erlaubte Werte: , true, false, ja, nein, 1, 0 Record: 420 Field: sphereVendor
Fehler 420 :	Der Wert "null" ist in dieser Spalte nicht erlaubt.
Erlaubte Werte: , true, false, ja, nein, 1, 0 Record: 421 Field: sphereVendor
Fehler 421 :	Der Wert "null" ist in dieser Spalte nicht erlaubt.
Erlaubte Werte: , true, false, ja, nein, 1, 0 Record: 422 Field: sphereVendor
Fehler 422 :	Der Wert "null" ist in dieser Spalte nicht erlaubt.
Erlaubte Werte: , true, false, ja, nein, 1, 0 Record: 423 Field: sphereVendor
Fehler 423 :	Der Wert "null" ist in dieser Spalte nicht erlaubt.
Erlaubte Werte: , true, false, ja, nein, 1, 0 Record: 424 Field: sphereVendor
Fehler 424 :	Der Wert "null" ist in dieser Spalte nicht erlaubt.
Erlaubte Werte: , true, false, ja, nein, 1, 0 Record: 425 Field: sphereVendor
Fehler 425 :	Der Wert "null" ist in dieser Spalte nicht erlaubt.
Erlaubte Werte: , true, false, ja, nein, 1, 0 Record: 426 Field: sphereVendor
Fehler 426 :	Der Wert "null" ist in dieser Spalte nicht erlaubt.
Erlaubte Werte: , true, false, ja, nein, 1, 0 Record: 427 Field: sphereVendor
Fehler 427 :	Der Wert "null" ist in dieser Spalte nicht erlaubt.
Erlaubte Werte: , true, false, ja, nein, 1, 0 Record: 428 Field: sphereVendor
Fehler 428 :	Der Wert "null" ist in dieser Spalte nicht erlaubt.
Erlaubte Werte: , true, false, ja, nein, 1, 0 Record: 429 Field: sphereVendor
Fehler 429 :	Der Wert "null" ist in dieser Spalte nicht erlaubt.
Erlaubte Werte: , true, false, ja, nein, 1, 0 Record: 430 Field: sphereVendor
Fehler 430 :	Der Wert "null" ist in dieser Spalte nicht erlaubt.
Erlaubte Werte: , true, false, ja, nein, 1, 0 Record: 431 Field: sphereVendor
Fehler 431 :	Der Wert "null" ist in dieser Spalte nicht erlaubt.
Erlaubte Werte: , true, false, ja, nein, 1, 0 Record: 432 Field: sphereVendor
Fehler 432 :	Der Wert "null" ist in dieser Spalte nicht erlaubt.
Erlaubte Werte: , true, false, ja, nein, 1, 0 Record: 433 Field: sphereVendor
Fehler 433 :	Der Wert "null" ist in dieser Spalte nicht erlaubt.
Erlaubte Werte: , true, false, ja, nein, 1, 0 Record: 434 Field: sphereVendor
Fehler 434 :	Der Wert "null" ist in dieser Spalte nicht erlaubt.
Erlaubte Werte: , true, false, ja, nein, 1, 0 Record: 435 Field: sphereVendor
Fehler 435 :	Der Wert "null" ist in dieser Spalte nicht erlaubt.
Erlaubte Werte: , true, false, ja, nein, 1, 0 Record: 436 Field: sphereVendor
Fehler 436 :	Der Wert "null" ist in dieser Spalte nicht erlaubt.
Erlaubte Werte: , true, false, ja, nein, 1, 0 Record: 437 Field: sphereVendor
Fehler 437 :	Der Wert "null" ist in dieser Spalte nicht erlaubt.
Erlaubte Werte: , true, false, ja, nein, 1, 0 Record: 438 Field: sphereVendor
Fehler 438 :	Der Wert "null" ist in dieser Spalte nicht erlaubt.
Erlaubte Werte: , true, false, ja, nein, 1, 0 Record: 439 Field: sphereVendor
Fehler 439 :	Der Wert "null" ist in dieser Spalte nicht erlaubt.
Erlaubte Werte: , true, false, ja, nein, 1, 0 Record: 440 Field: sphereVendor
Fehler 440 :	Der Wert "null" ist in dieser Spalte nicht erlaubt.
Erlaubte Werte: , true, false, ja, nein, 1, 0 Record: 441 Field: sphereVendor
Fehler 441 :	Der Wert "null" ist in dieser Spalte nicht erlaubt.
Erlaubte Werte: , true, false, ja, nein, 1, 0 Record: 442 Field: sphereVendor
Fehler 442 :	Der Wert "null" ist in dieser Spalte nicht erlaubt.
Erlaubte Werte: , true, false, ja, nein, 1, 0 Record: 443 Field: sphereVendor
Fehler 443 :	Der Wert "null" ist in dieser Spalte nicht erlaubt.
Erlaubte Werte: , true, false, ja, nein, 1, 0 Record: 444 Field: sphereVendor
Fehler 444 :	Der Wert "null" ist in dieser Spalte nicht erlaubt.
Erlaubte Werte: , true, false, ja, nein, 1, 0 Record: 445 Field: sphereVendor
Fehler 445 :	Der Wert "null" ist in dieser Spalte nicht erlaubt.
Erlaubte Werte: , true, false, ja, nein, 1, 0 Record: 446 Field: sphereVendor
Fehler 446 :	Der Wert "null" ist in dieser Spalte nicht erlaubt.
Erlaubte Werte: , true, false, ja, nein, 1, 0 Record: 447 Field: sphereVendor
Fehler 447 :	Der Wert "null" ist in dieser Spalte nicht erlaubt.
Erlaubte Werte: , true, false, ja, nein, 1, 0 Record: 448 Field: sphereVendor
Fehler 448 :	Der Wert "null" ist in dieser Spalte nicht erlaubt.
Erlaubte Werte: , true, false, ja, nein, 1, 0 Record: 449 Field: sphereVendor
Fehler 449 :	Der Wert "null" ist in dieser Spalte nicht erlaubt.
Erlaubte Werte: , true, false, ja, nein, 1, 0 Record: 450 Field: sphereVendor
Fehler 450 :	Der Wert "null" ist in dieser Spalte nicht erlaubt.
Erlaubte Werte: , true, false, ja, nein, 1, 0 Record: 451 Field: sphereVendor
Fehler 451 :	Der Wert "null" ist in dieser Spalte nicht erlaubt.
Erlaubte Werte: , true, false, ja, nein, 1, 0 Record: 452 Field: sphereVendor
Fehler 452 :	Der Wert "null" ist in dieser Spalte nicht erlaubt.
Erlaubte Werte: , true, false, ja, nein, 1, 0 Record: 453 Field: sphereVendor
Fehler 453 :	Der Wert "null" ist in dieser Spalte nicht erlaubt.
Erlaubte Werte: , true, false, ja, nein, 1, 0 Record: 454 Field: sphereVendor
Fehler 454 :	Der Wert "null" ist in dieser Spalte nicht erlaubt.
Erlaubte Werte: , true, false, ja, nein, 1, 0 Record: 455 Field: sphereVendor
Fehler 455 :	Der Wert "null" ist in dieser Spalte nicht erlaubt.
Erlaubte Werte: , true, false, ja, nein, 1, 0 Record: 456 Field: sphereVendor
Fehler 456 :	Der Wert "null" ist in dieser Spalte nicht erlaubt.
Erlaubte Werte: , true, false, ja, nein, 1, 0 Record: 457 Field: sphereVendor
Fehler 457 :	Der Wert "null" ist in dieser Spalte nicht erlaubt.
Erlaubte Werte: , true, false, ja, nein, 1, 0 Record: 458 Field: sphereVendor
Fehler 458 :	Der Wert "null" ist in dieser Spalte nicht erlaubt.
Erlaubte Werte: , true, false, ja, nein, 1, 0 Record: 459 Field: sphereVendor
Fehler 459 :	Der Wert "null" ist in dieser Spalte nicht erlaubt.
Erlaubte Werte: , true, false, ja, nein, 1, 0 Record: 460 Field: sphereVendor
Fehler 460 :	Der Wert "null" ist in dieser Spalte nicht erlaubt.
Erlaubte Werte: , true, false, ja, nein, 1, 0 Record: 461 Field: sphereVendor
Fehler 461 :	Der Wert "null" ist in dieser Spalte nicht erlaubt.
Erlaubte Werte: , true, false, ja, nein, 1, 0 Record: 462 Field: sphereVendor
Fehler 462 :	Der Wert "null" ist in dieser Spalte nicht erlaubt.
Erlaubte Werte: , true, false, ja, nein, 1, 0 Record: 463 Field: sphereVendor
Fehler 463 :	Der Wert "null" ist in dieser Spalte nicht erlaubt.
Erlaubte Werte: , true, false, ja, nein, 1, 0 Record: 464 Field: sphereVendor
Fehler 464 :	Der Wert "null" ist in dieser Spalte nicht erlaubt.
Erlaubte Werte: , true, false, ja, nein, 1, 0 Record: 465 Field: sphereVendor
Fehler 465 :	Der Wert "null" ist in dieser Spalte nicht erlaubt.
Erlaubte Werte: , true, false, ja, nein, 1, 0 Record: 466 Field: sphereVendor
Fehler 466 :	Der Wert "null" ist in dieser Spalte nicht erlaubt.
Erlaubte Werte: , true, false, ja, nein, 1, 0 Record: 467 Field: sphereVendor
Fehler 467 :	Der Wert "null" ist in dieser Spalte nicht erlaubt.
Erlaubte Werte: , true, false, ja, nein, 1, 0 Record: 468 Field: sphereVendor
Fehler 468 :	Der Wert "null" ist in dieser Spalte nicht erlaubt.
Erlaubte Werte: , true, false, ja, nein, 1, 0 Record: 469 Field: sphereVendor
Fehler 469 :	Der Wert "null" ist in dieser Spalte nicht erlaubt.
Erlaubte Werte: , true, false, ja, nein, 1, 0 Record: 470 Field: sphereVendor
Fehler 470 :	Der Wert "null" ist in dieser Spalte nicht erlaubt.
Erlaubte Werte: , true, false, ja, nein, 1, 0 Record: 471 Field: sphereVendor
Fehler 471 :	Der Wert "null" ist in dieser Spalte nicht erlaubt.
Erlaubte Werte: , true, false, ja, nein, 1, 0 Record: 472 Field: sphereVendor
Fehler 472 :	Der Wert "null" ist in dieser Spalte nicht erlaubt.
Erlaubte Werte: , true, false, ja, nein, 1, 0 Record: 473 Field: sphereVendor
Fehler 473 :	Der Wert "null" ist in dieser Spalte nicht erlaubt.
Erlaubte Werte: , true, false, ja, nein, 1, 0 Record: 474 Field: sphereVendor
Fehler 474 :	Der Wert "null" ist in dieser Spalte nicht erlaubt.
Erlaubte Werte: , true, false, ja, nein, 1, 0 Record: 475 Field: sphereVendor
Fehler 475 :	Der Wert "null" ist in dieser Spalte nicht erlaubt.
Erlaubte Werte: , true, false, ja, nein, 1, 0 Record: 476 Field: sphereVendor
Fehler 476 :	Der Wert "null" ist in dieser Spalte nicht erlaubt.
Erlaubte Werte: , true, false, ja, nein, 1, 0 Record: 477 Field: sphereVendor
Fehler 477 :	Der Wert "null" ist in dieser Spalte nicht erlaubt.
Erlaubte Werte: , true, false, ja, nein, 1, 0 Record: 478 Field: sphereVendor
Fehler 478 :	Der Wert "null" ist in dieser Spalte nicht erlaubt.
Erlaubte Werte: , true, false, ja, nein, 1, 0 Record: 479 Field: sphereVendor
Fehler 479 :	Der Wert "null" ist in dieser Spalte nicht erlaubt.
Erlaubte Werte: , true, false, ja, nein, 1, 0 Record: 480 Field: sphereVendor
Fehler 480 :	Der Wert "null" ist in dieser Spalte nicht erlaubt.
Erlaubte Werte: , true, false, ja, nein, 1, 0 Record: 481 Field: sphereVendor
Fehler 481 :	Der Wert "null" ist in dieser Spalte nicht erlaubt.
Erlaubte Werte: , true, false, ja, nein, 1, 0 Record: 482 Field: sphereVendor
Fehler 482 :	Der Wert "null" ist in dieser Spalte nicht erlaubt.
Erlaubte Werte: , true, false, ja, nein, 1, 0 Record: 483 Field: sphereVendor
Fehler 483 :	Der Wert "null" ist in dieser Spalte nicht erlaubt.
Erlaubte Werte: , true, false, ja, nein, 1, 0 Record: 484 Field: sphereVendor
Fehler 484 :	Der Wert "null" ist in dieser Spalte nicht erlaubt.
Erlaubte Werte: , true, false, ja, nein, 1, 0 Record: 485 Field: sphereVendor
Fehler 485 :	Der Wert "null" ist in dieser Spalte nicht erlaubt.
Erlaubte Werte: , true, false, ja, nein, 1, 0 Record: 486 Field: sphereVendor
Fehler 486 :	Der Wert "null" ist in dieser Spalte nicht erlaubt.
Erlaubte Werte: , true, false, ja, nein, 1, 0 Record: 487 Field: sphereVendor
Fehler 487 :	Der Wert "null" ist in dieser Spalte nicht erlaubt.
Erlaubte Werte: , true, false, ja, nein, 1, 0 Record: 488 Field: sphereVendor
Fehler 488 :	Der Wert "null" ist in dieser Spalte nicht erlaubt.
Erlaubte Werte: , true, false, ja, nein, 1, 0 Record: 489 Field: sphereVendor
Fehler 489 :	Der Wert "null" ist in dieser Spalte nicht erlaubt.
Erlaubte Werte: , true, false, ja, nein, 1, 0 Record: 490 Field: sphereVendor
Fehler 490 :	Der Wert "null" ist in dieser Spalte nicht erlaubt.
Erlaubte Werte: , true, false, ja, nein, 1, 0 Record: 491 Field: sphereVendor
Fehler 491 :	Der Wert "null" ist in dieser Spalte nicht erlaubt.
Erlaubte Werte: , true, false, ja, nein, 1, 0 Record: 492 Field: sphereVendor
Fehler 492 :	Der Wert "null" ist in dieser Spalte nicht erlaubt.
Erlaubte Werte: , true, false, ja, nein, 1, 0 Record: 493 Field: sphereVendor
Fehler 493 :	Der Wert "null" ist in dieser Spalte nicht erlaubt.
Erlaubte Werte: , true, false, ja, nein, 1, 0 Record: 494 Field: sphereVendor
Fehler 494 :	Der Wert "null" ist in dieser Spalte nicht erlaubt.
Erlaubte Werte: , true, false, ja, nein, 1, 0 Record: 495 Field: sphereVendor
Fehler 495 :	Der Wert "null" ist in dieser Spalte nicht erlaubt.
Erlaubte Werte: , true, false, ja, nein, 1, 0 Record: 496 Field: sphereVendor
Fehler 496 :	Der Wert "null" ist in dieser Spalte nicht erlaubt.
Erlaubte Werte: , true, false, ja, nein, 1, 0 Record: 497 Field: sphereVendor
Fehler 497 :	Der Wert "null" ist in dieser Spalte nicht erlaubt.
Erlaubte Werte: , true, false, ja, nein, 1, 0 Record: 498 Field: sphereVendor
Fehler 498 :	Der Wert "null" ist in dieser Spalte nicht erlaubt.
Erlaubte Werte: , true, false, ja, nein, 1, 0 Record: 499 Field: sphereVendor
Fehler 499 :	Der Wert "null" ist in dieser Spalte nicht erlaubt.
Erlaubte Werte: , true, false, ja, nein, 1, 0 Record: 500 Field: sphereVendor
Fehler 500 :	Der Wert "null" ist in dieser Spalte nicht erlaubt.
Erlaubte Werte: , true, false, ja, nein, 1, 0 Record: 501 Field: sphereVendor
Fehler 501 :	Der Wert "null" ist in dieser Spalte nicht erlaubt.
Erlaubte Werte: , true, false, ja, nein, 1, 0 Record: 502 Field: sphereVendor
Fehler 502 :	Der Wert "null" ist in dieser Spalte nicht erlaubt.
Erlaubte Werte: , true, false, ja, nein, 1, 0 Record: 503 Field: sphereVendor
Fehler 503 :	Der Wert "null" ist in dieser Spalte nicht erlaubt.
Erlaubte Werte: , true, false, ja, nein, 1, 0 Record: 504 Field: sphereVendor
Fehler 504 :	Der Wert "null" ist in dieser Spalte nicht erlaubt.
Erlaubte Werte: , true, false, ja, nein, 1, 0 Record: 505 Field: sphereVendor
Fehler 505 :	Der Wert "null" ist in dieser Spalte nicht erlaubt.
Erlaubte Werte: , true, false, ja, nein, 1, 0 Record: 506 Field: sphereVendor
Fehler 506 :	Der Wert "null" ist in dieser Spalte nicht erlaubt.
Erlaubte Werte: , true, false, ja, nein, 1, 0 Record: 507 Field: sphereVendor
Fehler 507 :	Der Wert "null" ist in dieser Spalte nicht erlaubt.
Erlaubte Werte: , true, false, ja, nein, 1, 0 Record: 508 Field: sphereVendor
Fehler 508 :	Der Wert "null" ist in dieser Spalte nicht erlaubt.
Erlaubte Werte: , true, false, ja, nein, 1, 0 Record: 509 Field: sphereVendor
Fehler 509 :	Der Wert "null" ist in dieser Spalte nicht erlaubt.
Erlaubte Werte: , true, false, ja, nein, 1, 0 Record: 510 Field: sphereVendor
Fehler 510 :	Der Wert "null" ist in dieser Spalte nicht erlaubt.
Erlaubte Werte: , true, false, ja, nein, 1, 0 Record: 511 Field: sphereVendor
Fehler 511 :	Der Wert "null" ist in dieser Spalte nicht erlaubt.
Erlaubte Werte: , true, false, ja, nein, 1, 0 Record: 512 Field: sphereVendor
Import gestartet:
	13.02.2017 11:10:50
####################
# Quelle:          #
####################
	Datei:X0000001.001_20170113101119.csv

####################
# Ziel             #
####################
	Kundennummer: 2026692
	Gesellschaft: Datenmigration Test
	Benutzername: dirk.kohnen@scopevisio.com

####################
# Einstellungen    #
####################
Art der importierten Daten:

	Kontakte
Duplikatserkannung durch:
	Vorsystem-ID
Verhalten bei Duplikaten:
	Auffüllen
####################
# Ergebnis:         #
####################
Anzahl Importierter Kontakte:	514
Anzahl aktuallisierten Kontakte:	0
Anzahl Fehler:	1
Fehler 0 :	Leere Werte sind nicht erlaubt. (Feld Name/Gesellschaft) Record: 294 Field: lastname
Import gestartet:
	13.02.2017 11:12:14
####################
# Quelle:          #
####################
	Datei:Y0000001.001_20170113100346.csv

####################
# Ziel             #
####################
	Kundennummer: 2026692
	Gesellschaft: Datenmigration Test
	Benutzername: dirk.kohnen@scopevisio.com

####################
# Einstellungen    #
####################
Art der importierten Daten:

	Kontakte
Duplikatserkannung durch:
	Vorsystem-ID
Verhalten bei Duplikaten:
	Auffüllen
####################
# Ergebnis:         #
####################
Anzahl Importierter Kontakte:	221
Anzahl aktuallisierten Kontakte:	488
Anzahl Fehler:	1
Fehler 0 :	Leere Werte sind nicht erlaubt. (Feld Name/Gesellschaft) Record: 301 Field: lastname
