Import gestartet:
	09.02.2017 15:18:22
####################
# Quelle:          #
####################
	Datei:K0000001.001_20170113100852.csv

####################
# Ziel             #
####################
	Kundennummer: 2028436
	Gesellschaft: Progros Testimport
	Benutzername: dirk.kohnen@scopevisio.com

####################
# Einstellungen    #
####################
Art der importierten Daten:

	Kontakte
Duplikatserkannung durch:
	Vorsystem-ID
Verhalten bei Duplikaten:
	Auffüllen
####################
# Ergebnis:         #
####################
Anzahl Importierter Kontakte:	3
Anzahl aktuallisierten Kontakte:	23
Anzahl Fehler:	0
Import gestartet:
	09.02.2017 15:53:19
####################
# Quelle:          #
####################
	Datei:K0000001.001_20170113100852.csv

####################
# Ziel             #
####################
	Kundennummer: 2028436
	Gesellschaft: Progros Testimport
	Benutzername: dirk.kohnen@scopevisio.com

####################
# Einstellungen    #
####################
Art der importierten Daten:

	Kontakte
Duplikatserkannung durch:
	Vorsystem-ID
Verhalten bei Duplikaten:
	Auffüllen
Spaltenkonfiguration:
	ID Vorsystem,Lieferant
####################
# Ergebnis:         #
####################
Anzahl Importierter Kontakte:	0
Anzahl aktuallisierten Kontakte:	0
Anzahl Fehler:	26
Fehler 0 :	Der Wert "null" ist in dieser Spalte nicht erlaubt.
Erlaubte Werte: , true, false, ja, nein, 1, 0 Record: 1 Field: sphereVendor
Fehler 1 :	Der Wert "null" ist in dieser Spalte nicht erlaubt.
Erlaubte Werte: , true, false, ja, nein, 1, 0 Record: 2 Field: sphereVendor
Fehler 2 :	Der Wert "null" ist in dieser Spalte nicht erlaubt.
Erlaubte Werte: , true, false, ja, nein, 1, 0 Record: 3 Field: sphereVendor
Fehler 3 :	Der Wert "null" ist in dieser Spalte nicht erlaubt.
Erlaubte Werte: , true, false, ja, nein, 1, 0 Record: 4 Field: sphereVendor
Fehler 4 :	Der Wert "null" ist in dieser Spalte nicht erlaubt.
Erlaubte Werte: , true, false, ja, nein, 1, 0 Record: 5 Field: sphereVendor
Fehler 5 :	Der Wert "null" ist in dieser Spalte nicht erlaubt.
Erlaubte Werte: , true, false, ja, nein, 1, 0 Record: 6 Field: sphereVendor
Fehler 6 :	Der Wert "null" ist in dieser Spalte nicht erlaubt.
Erlaubte Werte: , true, false, ja, nein, 1, 0 Record: 7 Field: sphereVendor
Fehler 7 :	Der Wert "null" ist in dieser Spalte nicht erlaubt.
Erlaubte Werte: , true, false, ja, nein, 1, 0 Record: 8 Field: sphereVendor
Fehler 8 :	Der Wert "null" ist in dieser Spalte nicht erlaubt.
Erlaubte Werte: , true, false, ja, nein, 1, 0 Record: 9 Field: sphereVendor
Fehler 9 :	Der Wert "null" ist in dieser Spalte nicht erlaubt.
Erlaubte Werte: , true, false, ja, nein, 1, 0 Record: 10 Field: sphereVendor
Fehler 10 :	Der Wert "null" ist in dieser Spalte nicht erlaubt.
Erlaubte Werte: , true, false, ja, nein, 1, 0 Record: 11 Field: sphereVendor
Fehler 11 :	Der Wert "null" ist in dieser Spalte nicht erlaubt.
Erlaubte Werte: , true, false, ja, nein, 1, 0 Record: 12 Field: sphereVendor
Fehler 12 :	Der Wert "null" ist in dieser Spalte nicht erlaubt.
Erlaubte Werte: , true, false, ja, nein, 1, 0 Record: 13 Field: sphereVendor
Fehler 13 :	Der Wert "null" ist in dieser Spalte nicht erlaubt.
Erlaubte Werte: , true, false, ja, nein, 1, 0 Record: 14 Field: sphereVendor
Fehler 14 :	Der Wert "null" ist in dieser Spalte nicht erlaubt.
Erlaubte Werte: , true, false, ja, nein, 1, 0 Record: 15 Field: sphereVendor
Fehler 15 :	Der Wert "null" ist in dieser Spalte nicht erlaubt.
Erlaubte Werte: , true, false, ja, nein, 1, 0 Record: 16 Field: sphereVendor
Fehler 16 :	Der Wert "null" ist in dieser Spalte nicht erlaubt.
Erlaubte Werte: , true, false, ja, nein, 1, 0 Record: 17 Field: sphereVendor
Fehler 17 :	Der Wert "null" ist in dieser Spalte nicht erlaubt.
Erlaubte Werte: , true, false, ja, nein, 1, 0 Record: 18 Field: sphereVendor
Fehler 18 :	Der Wert "null" ist in dieser Spalte nicht erlaubt.
Erlaubte Werte: , true, false, ja, nein, 1, 0 Record: 19 Field: sphereVendor
Fehler 19 :	Der Wert "null" ist in dieser Spalte nicht erlaubt.
Erlaubte Werte: , true, false, ja, nein, 1, 0 Record: 20 Field: sphereVendor
Fehler 20 :	Der Wert "null" ist in dieser Spalte nicht erlaubt.
Erlaubte Werte: , true, false, ja, nein, 1, 0 Record: 21 Field: sphereVendor
Fehler 21 :	Der Wert "null" ist in dieser Spalte nicht erlaubt.
Erlaubte Werte: , true, false, ja, nein, 1, 0 Record: 22 Field: sphereVendor
Fehler 22 :	Der Wert "null" ist in dieser Spalte nicht erlaubt.
Erlaubte Werte: , true, false, ja, nein, 1, 0 Record: 23 Field: sphereVendor
Fehler 23 :	Der Wert "null" ist in dieser Spalte nicht erlaubt.
Erlaubte Werte: , true, false, ja, nein, 1, 0 Record: 24 Field: sphereVendor
Fehler 24 :	Der Wert "null" ist in dieser Spalte nicht erlaubt.
Erlaubte Werte: , true, false, ja, nein, 1, 0 Record: 25 Field: sphereVendor
Fehler 25 :	Der Wert "null" ist in dieser Spalte nicht erlaubt.
Erlaubte Werte: , true, false, ja, nein, 1, 0 Record: 26 Field: sphereVendor
Import gestartet:
	09.02.2017 16:07:49
####################
# Quelle:          #
####################
	Datei:C0000001.001_20170113100112.csv

####################
# Ziel             #
####################
	Kundennummer: 2028436
	Gesellschaft: Progros Testimport
	Benutzername: dirk.kohnen@scopevisio.com

####################
# Einstellungen    #
####################
Art der importierten Daten:

	Kontakte
Duplikatserkannung durch:
	Vorsystem-ID
Verhalten bei Duplikaten:
	Auffüllen
####################
# Ergebnis:         #
####################
Anzahl Importierter Kontakte:	35
Anzahl aktuallisierten Kontakte:	0
Anzahl Fehler:	0
Import gestartet:
	09.02.2017 16:08:51
####################
# Quelle:          #
####################
	Datei:K0000001.001_20170113100852.csv

####################
# Ziel             #
####################
	Kundennummer: 2028436
	Gesellschaft: Progros Testimport
	Benutzername: dirk.kohnen@scopevisio.com

####################
# Einstellungen    #
####################
Art der importierten Daten:

	Kontakte
Duplikatserkannung durch:
	Vorsystem-ID
Verhalten bei Duplikaten:
	Auffüllen
####################
# Ergebnis:         #
####################
Anzahl Importierter Kontakte:	3
Anzahl aktuallisierten Kontakte:	23
Anzahl Fehler:	0
Import gestartet:
	09.02.2017 16:09:39
####################
# Quelle:          #
####################
	Datei:K0000001.001_20170113100852.csv

####################
# Ziel             #
####################
	Kundennummer: 2028436
	Gesellschaft: Progros Testimport
	Benutzername: dirk.kohnen@scopevisio.com

####################
# Einstellungen    #
####################
Art der importierten Daten:

	Kontakte
Duplikatserkannung durch:
	Vorsystem-ID
Verhalten bei Duplikaten:
	Auffüllen
Spaltenkonfiguration:
	ID Vorsystem,Lieferant
####################
# Ergebnis:         #
####################
Anzahl Importierter Kontakte:	0
Anzahl aktuallisierten Kontakte:	0
Anzahl Fehler:	26
Fehler 0 :	Der Wert "null" ist in dieser Spalte nicht erlaubt.
Erlaubte Werte: , true, false, ja, nein, 1, 0 Record: 1 Field: sphereVendor
Fehler 1 :	Der Wert "null" ist in dieser Spalte nicht erlaubt.
Erlaubte Werte: , true, false, ja, nein, 1, 0 Record: 2 Field: sphereVendor
Fehler 2 :	Der Wert "null" ist in dieser Spalte nicht erlaubt.
Erlaubte Werte: , true, false, ja, nein, 1, 0 Record: 3 Field: sphereVendor
Fehler 3 :	Der Wert "null" ist in dieser Spalte nicht erlaubt.
Erlaubte Werte: , true, false, ja, nein, 1, 0 Record: 4 Field: sphereVendor
Fehler 4 :	Der Wert "null" ist in dieser Spalte nicht erlaubt.
Erlaubte Werte: , true, false, ja, nein, 1, 0 Record: 5 Field: sphereVendor
Fehler 5 :	Der Wert "null" ist in dieser Spalte nicht erlaubt.
Erlaubte Werte: , true, false, ja, nein, 1, 0 Record: 6 Field: sphereVendor
Fehler 6 :	Der Wert "null" ist in dieser Spalte nicht erlaubt.
Erlaubte Werte: , true, false, ja, nein, 1, 0 Record: 7 Field: sphereVendor
Fehler 7 :	Der Wert "null" ist in dieser Spalte nicht erlaubt.
Erlaubte Werte: , true, false, ja, nein, 1, 0 Record: 8 Field: sphereVendor
Fehler 8 :	Der Wert "null" ist in dieser Spalte nicht erlaubt.
Erlaubte Werte: , true, false, ja, nein, 1, 0 Record: 9 Field: sphereVendor
Fehler 9 :	Der Wert "null" ist in dieser Spalte nicht erlaubt.
Erlaubte Werte: , true, false, ja, nein, 1, 0 Record: 10 Field: sphereVendor
Fehler 10 :	Der Wert "null" ist in dieser Spalte nicht erlaubt.
Erlaubte Werte: , true, false, ja, nein, 1, 0 Record: 11 Field: sphereVendor
Fehler 11 :	Der Wert "null" ist in dieser Spalte nicht erlaubt.
Erlaubte Werte: , true, false, ja, nein, 1, 0 Record: 12 Field: sphereVendor
Fehler 12 :	Der Wert "null" ist in dieser Spalte nicht erlaubt.
Erlaubte Werte: , true, false, ja, nein, 1, 0 Record: 13 Field: sphereVendor
Fehler 13 :	Der Wert "null" ist in dieser Spalte nicht erlaubt.
Erlaubte Werte: , true, false, ja, nein, 1, 0 Record: 14 Field: sphereVendor
Fehler 14 :	Der Wert "null" ist in dieser Spalte nicht erlaubt.
Erlaubte Werte: , true, false, ja, nein, 1, 0 Record: 15 Field: sphereVendor
Fehler 15 :	Der Wert "null" ist in dieser Spalte nicht erlaubt.
Erlaubte Werte: , true, false, ja, nein, 1, 0 Record: 16 Field: sphereVendor
Fehler 16 :	Der Wert "null" ist in dieser Spalte nicht erlaubt.
Erlaubte Werte: , true, false, ja, nein, 1, 0 Record: 17 Field: sphereVendor
Fehler 17 :	Der Wert "null" ist in dieser Spalte nicht erlaubt.
Erlaubte Werte: , true, false, ja, nein, 1, 0 Record: 18 Field: sphereVendor
Fehler 18 :	Der Wert "null" ist in dieser Spalte nicht erlaubt.
Erlaubte Werte: , true, false, ja, nein, 1, 0 Record: 19 Field: sphereVendor
Fehler 19 :	Der Wert "null" ist in dieser Spalte nicht erlaubt.
Erlaubte Werte: , true, false, ja, nein, 1, 0 Record: 20 Field: sphereVendor
Fehler 20 :	Der Wert "null" ist in dieser Spalte nicht erlaubt.
Erlaubte Werte: , true, false, ja, nein, 1, 0 Record: 21 Field: sphereVendor
Fehler 21 :	Der Wert "null" ist in dieser Spalte nicht erlaubt.
Erlaubte Werte: , true, false, ja, nein, 1, 0 Record: 22 Field: sphereVendor
Fehler 22 :	Der Wert "null" ist in dieser Spalte nicht erlaubt.
Erlaubte Werte: , true, false, ja, nein, 1, 0 Record: 23 Field: sphereVendor
Fehler 23 :	Der Wert "null" ist in dieser Spalte nicht erlaubt.
Erlaubte Werte: , true, false, ja, nein, 1, 0 Record: 24 Field: sphereVendor
Fehler 24 :	Der Wert "null" ist in dieser Spalte nicht erlaubt.
Erlaubte Werte: , true, false, ja, nein, 1, 0 Record: 25 Field: sphereVendor
Fehler 25 :	Der Wert "null" ist in dieser Spalte nicht erlaubt.
Erlaubte Werte: , true, false, ja, nein, 1, 0 Record: 26 Field: sphereVendor
