Import gestartet:
	25.01.2017 09:10:16
####################
# Quelle:          #
####################
	Datei:C0000001.001 - Kopie.csv

####################
# Ziel             #
####################
	Kundennummer: 2028436
	Gesellschaft: Progros Testimport
	Benutzername: dirk.kohnen@scopevisio.com

####################
# Einstellungen    #
####################
Art der importierten Daten:

	Kontakte
Duplikatserkannung durch:
	Vorsystem-ID
Verhalten bei Duplikaten:
	Auffüllen
Spaltenkonfiguration:
	ID Vorsystem,Lieferant
