Import gestartet:
	01.03.2017 15:30:36
####################
# Quelle:          #
####################
	Datei:Adressen DWH bearbeitet Gesellschaften.csv

####################
# Ziel             #
####################
	Kundennummer: 2027416
	Gesellschaft: Test Kontaktimport
	Benutzername: dirk.kohnen@scopevisio.com

####################
# Einstellungen    #
####################
Art der importierten Daten:

	Kontakte
Duplikatserkannung durch:
	Vorsystem-ID
Verhalten bei Duplikaten:
	Auffüllen
####################
# Ergebnis:         #
####################
Anzahl Importierter Kontakte:	0
Anzahl aktuallisierten Kontakte:	0
Anzahl Fehler:	188
Fehler 0 :	Leere Werte sind nicht erlaubt. (Feld Name/Gesellschaft) Record: 1 Field: lastname
Fehler 1 :	Leere Werte sind nicht erlaubt. (Feld Name/Gesellschaft) Record: 2 Field: lastname
Fehler 2 :	Leere Werte sind nicht erlaubt. (Feld Name/Gesellschaft) Record: 3 Field: lastname
Fehler 3 :	Leere Werte sind nicht erlaubt. (Feld Name/Gesellschaft) Record: 4 Field: lastname
Fehler 4 :	Leere Werte sind nicht erlaubt. (Feld Name/Gesellschaft) Record: 5 Field: lastname
Fehler 5 :	Leere Werte sind nicht erlaubt. (Feld Name/Gesellschaft) Record: 6 Field: lastname
Fehler 6 :	Leere Werte sind nicht erlaubt. (Feld Name/Gesellschaft) Record: 7 Field: lastname
Fehler 7 :	Leere Werte sind nicht erlaubt. (Feld Name/Gesellschaft) Record: 8 Field: lastname
Fehler 8 :	Leere Werte sind nicht erlaubt. (Feld Name/Gesellschaft) Record: 9 Field: lastname
Fehler 9 :	Leere Werte sind nicht erlaubt. (Feld Name/Gesellschaft) Record: 10 Field: lastname
Fehler 10 :	Leere Werte sind nicht erlaubt. (Feld Name/Gesellschaft) Record: 11 Field: lastname
Fehler 11 :	Leere Werte sind nicht erlaubt. (Feld Name/Gesellschaft) Record: 12 Field: lastname
Fehler 12 :	Leere Werte sind nicht erlaubt. (Feld Name/Gesellschaft) Record: 13 Field: lastname
Fehler 13 :	Leere Werte sind nicht erlaubt. (Feld Name/Gesellschaft) Record: 14 Field: lastname
Fehler 14 :	Leere Werte sind nicht erlaubt. (Feld Name/Gesellschaft) Record: 15 Field: lastname
Fehler 15 :	Leere Werte sind nicht erlaubt. (Feld Name/Gesellschaft) Record: 16 Field: lastname
Fehler 16 :	Leere Werte sind nicht erlaubt. (Feld Name/Gesellschaft) Record: 17 Field: lastname
Fehler 17 :	Leere Werte sind nicht erlaubt. (Feld Name/Gesellschaft) Record: 18 Field: lastname
Fehler 18 :	Leere Werte sind nicht erlaubt. (Feld Name/Gesellschaft) Record: 19 Field: lastname
Fehler 19 :	Leere Werte sind nicht erlaubt. (Feld Name/Gesellschaft) Record: 20 Field: lastname
Fehler 20 :	Leere Werte sind nicht erlaubt. (Feld Name/Gesellschaft) Record: 21 Field: lastname
Fehler 21 :	Leere Werte sind nicht erlaubt. (Feld Name/Gesellschaft) Record: 22 Field: lastname
Fehler 22 :	Leere Werte sind nicht erlaubt. (Feld Name/Gesellschaft) Record: 23 Field: lastname
Fehler 23 :	Leere Werte sind nicht erlaubt. (Feld Name/Gesellschaft) Record: 24 Field: lastname
Fehler 24 :	Leere Werte sind nicht erlaubt. (Feld Name/Gesellschaft) Record: 25 Field: lastname
Fehler 25 :	Leere Werte sind nicht erlaubt. (Feld Name/Gesellschaft) Record: 26 Field: lastname
Fehler 26 :	Leere Werte sind nicht erlaubt. (Feld Name/Gesellschaft) Record: 27 Field: lastname
Fehler 27 :	Leere Werte sind nicht erlaubt. (Feld Name/Gesellschaft) Record: 28 Field: lastname
Fehler 28 :	Leere Werte sind nicht erlaubt. (Feld Name/Gesellschaft) Record: 29 Field: lastname
Fehler 29 :	Leere Werte sind nicht erlaubt. (Feld Name/Gesellschaft) Record: 30 Field: lastname
Fehler 30 :	Leere Werte sind nicht erlaubt. (Feld Name/Gesellschaft) Record: 31 Field: lastname
Fehler 31 :	Leere Werte sind nicht erlaubt. (Feld Name/Gesellschaft) Record: 32 Field: lastname
Fehler 32 :	Leere Werte sind nicht erlaubt. (Feld Name/Gesellschaft) Record: 33 Field: lastname
Fehler 33 :	Leere Werte sind nicht erlaubt. (Feld Name/Gesellschaft) Record: 34 Field: lastname
Fehler 34 :	Leere Werte sind nicht erlaubt. (Feld Name/Gesellschaft) Record: 35 Field: lastname
Fehler 35 :	Leere Werte sind nicht erlaubt. (Feld Name/Gesellschaft) Record: 36 Field: lastname
Fehler 36 :	Leere Werte sind nicht erlaubt. (Feld Name/Gesellschaft) Record: 37 Field: lastname
Fehler 37 :	Leere Werte sind nicht erlaubt. (Feld Name/Gesellschaft) Record: 38 Field: lastname
Fehler 38 :	Leere Werte sind nicht erlaubt. (Feld Name/Gesellschaft) Record: 39 Field: lastname
Fehler 39 :	Leere Werte sind nicht erlaubt. (Feld Name/Gesellschaft) Record: 40 Field: lastname
Fehler 40 :	Leere Werte sind nicht erlaubt. (Feld Name/Gesellschaft) Record: 41 Field: lastname
Fehler 41 :	Leere Werte sind nicht erlaubt. (Feld Name/Gesellschaft) Record: 42 Field: lastname
Fehler 42 :	Leere Werte sind nicht erlaubt. (Feld Name/Gesellschaft) Record: 43 Field: lastname
Fehler 43 :	Leere Werte sind nicht erlaubt. (Feld Name/Gesellschaft) Record: 44 Field: lastname
Fehler 44 :	Leere Werte sind nicht erlaubt. (Feld Name/Gesellschaft) Record: 45 Field: lastname
Fehler 45 :	Leere Werte sind nicht erlaubt. (Feld Name/Gesellschaft) Record: 46 Field: lastname
Fehler 46 :	Leere Werte sind nicht erlaubt. (Feld Name/Gesellschaft) Record: 47 Field: lastname
Fehler 47 :	Leere Werte sind nicht erlaubt. (Feld Name/Gesellschaft) Record: 48 Field: lastname
Fehler 48 :	Leere Werte sind nicht erlaubt. (Feld Name/Gesellschaft) Record: 49 Field: lastname
Fehler 49 :	Leere Werte sind nicht erlaubt. (Feld Name/Gesellschaft) Record: 50 Field: lastname
Fehler 50 :	Leere Werte sind nicht erlaubt. (Feld Name/Gesellschaft) Record: 51 Field: lastname
Fehler 51 :	Leere Werte sind nicht erlaubt. (Feld Name/Gesellschaft) Record: 52 Field: lastname
Fehler 52 :	Leere Werte sind nicht erlaubt. (Feld Name/Gesellschaft) Record: 53 Field: lastname
Fehler 53 :	Leere Werte sind nicht erlaubt. (Feld Name/Gesellschaft) Record: 54 Field: lastname
Fehler 54 :	Leere Werte sind nicht erlaubt. (Feld Name/Gesellschaft) Record: 55 Field: lastname
Fehler 55 :	Leere Werte sind nicht erlaubt. (Feld Name/Gesellschaft) Record: 56 Field: lastname
Fehler 56 :	Leere Werte sind nicht erlaubt. (Feld Name/Gesellschaft) Record: 57 Field: lastname
Fehler 57 :	Leere Werte sind nicht erlaubt. (Feld Name/Gesellschaft) Record: 58 Field: lastname
Fehler 58 :	Leere Werte sind nicht erlaubt. (Feld Name/Gesellschaft) Record: 59 Field: lastname
Fehler 59 :	Leere Werte sind nicht erlaubt. (Feld Name/Gesellschaft) Record: 60 Field: lastname
Fehler 60 :	Leere Werte sind nicht erlaubt. (Feld Name/Gesellschaft) Record: 61 Field: lastname
Fehler 61 :	Leere Werte sind nicht erlaubt. (Feld Name/Gesellschaft) Record: 62 Field: lastname
Fehler 62 :	Leere Werte sind nicht erlaubt. (Feld Name/Gesellschaft) Record: 63 Field: lastname
Fehler 63 :	Leere Werte sind nicht erlaubt. (Feld Name/Gesellschaft) Record: 64 Field: lastname
Fehler 64 :	Leere Werte sind nicht erlaubt. (Feld Name/Gesellschaft) Record: 65 Field: lastname
Fehler 65 :	Leere Werte sind nicht erlaubt. (Feld Name/Gesellschaft) Record: 66 Field: lastname
Fehler 66 :	Leere Werte sind nicht erlaubt. (Feld Name/Gesellschaft) Record: 67 Field: lastname
Fehler 67 :	Leere Werte sind nicht erlaubt. (Feld Name/Gesellschaft) Record: 68 Field: lastname
Fehler 68 :	Leere Werte sind nicht erlaubt. (Feld Name/Gesellschaft) Record: 69 Field: lastname
Fehler 69 :	Leere Werte sind nicht erlaubt. (Feld Name/Gesellschaft) Record: 70 Field: lastname
Fehler 70 :	Leere Werte sind nicht erlaubt. (Feld Name/Gesellschaft) Record: 71 Field: lastname
Fehler 71 :	Leere Werte sind nicht erlaubt. (Feld Name/Gesellschaft) Record: 72 Field: lastname
Fehler 72 :	Leere Werte sind nicht erlaubt. (Feld Name/Gesellschaft) Record: 73 Field: lastname
Fehler 73 :	Leere Werte sind nicht erlaubt. (Feld Name/Gesellschaft) Record: 74 Field: lastname
Fehler 74 :	Leere Werte sind nicht erlaubt. (Feld Name/Gesellschaft) Record: 75 Field: lastname
Fehler 75 :	Leere Werte sind nicht erlaubt. (Feld Name/Gesellschaft) Record: 76 Field: lastname
Fehler 76 :	Leere Werte sind nicht erlaubt. (Feld Name/Gesellschaft) Record: 77 Field: lastname
Fehler 77 :	Leere Werte sind nicht erlaubt. (Feld Name/Gesellschaft) Record: 78 Field: lastname
Fehler 78 :	Leere Werte sind nicht erlaubt. (Feld Name/Gesellschaft) Record: 79 Field: lastname
Fehler 79 :	Leere Werte sind nicht erlaubt. (Feld Name/Gesellschaft) Record: 80 Field: lastname
Fehler 80 :	Leere Werte sind nicht erlaubt. (Feld Name/Gesellschaft) Record: 81 Field: lastname
Fehler 81 :	Leere Werte sind nicht erlaubt. (Feld Name/Gesellschaft) Record: 82 Field: lastname
Fehler 82 :	Leere Werte sind nicht erlaubt. (Feld Name/Gesellschaft) Record: 83 Field: lastname
Fehler 83 :	Leere Werte sind nicht erlaubt. (Feld Name/Gesellschaft) Record: 84 Field: lastname
Fehler 84 :	Leere Werte sind nicht erlaubt. (Feld Name/Gesellschaft) Record: 85 Field: lastname
Fehler 85 :	Leere Werte sind nicht erlaubt. (Feld Name/Gesellschaft) Record: 86 Field: lastname
Fehler 86 :	Leere Werte sind nicht erlaubt. (Feld Name/Gesellschaft) Record: 87 Field: lastname
Fehler 87 :	Leere Werte sind nicht erlaubt. (Feld Name/Gesellschaft) Record: 88 Field: lastname
Fehler 88 :	Leere Werte sind nicht erlaubt. (Feld Name/Gesellschaft) Record: 89 Field: lastname
Fehler 89 :	Leere Werte sind nicht erlaubt. (Feld Name/Gesellschaft) Record: 90 Field: lastname
Fehler 90 :	Leere Werte sind nicht erlaubt. (Feld Name/Gesellschaft) Record: 91 Field: lastname
Fehler 91 :	Leere Werte sind nicht erlaubt. (Feld Name/Gesellschaft) Record: 92 Field: lastname
Fehler 92 :	Leere Werte sind nicht erlaubt. (Feld Name/Gesellschaft) Record: 93 Field: lastname
Fehler 93 :	Leere Werte sind nicht erlaubt. (Feld Name/Gesellschaft) Record: 94 Field: lastname
Fehler 94 :	Leere Werte sind nicht erlaubt. (Feld Name/Gesellschaft) Record: 95 Field: lastname
Fehler 95 :	Leere Werte sind nicht erlaubt. (Feld Name/Gesellschaft) Record: 96 Field: lastname
Fehler 96 :	Leere Werte sind nicht erlaubt. (Feld Name/Gesellschaft) Record: 97 Field: lastname
Fehler 97 :	Leere Werte sind nicht erlaubt. (Feld Name/Gesellschaft) Record: 98 Field: lastname
Fehler 98 :	Leere Werte sind nicht erlaubt. (Feld Name/Gesellschaft) Record: 99 Field: lastname
Fehler 99 :	Leere Werte sind nicht erlaubt. (Feld Name/Gesellschaft) Record: 100 Field: lastname
Fehler 100 :	Leere Werte sind nicht erlaubt. (Feld Name/Gesellschaft) Record: 101 Field: lastname
Fehler 101 :	Leere Werte sind nicht erlaubt. (Feld Name/Gesellschaft) Record: 102 Field: lastname
Fehler 102 :	Leere Werte sind nicht erlaubt. (Feld Name/Gesellschaft) Record: 103 Field: lastname
Fehler 103 :	Leere Werte sind nicht erlaubt. (Feld Name/Gesellschaft) Record: 104 Field: lastname
Fehler 104 :	Leere Werte sind nicht erlaubt. (Feld Name/Gesellschaft) Record: 105 Field: lastname
Fehler 105 :	Leere Werte sind nicht erlaubt. (Feld Name/Gesellschaft) Record: 106 Field: lastname
Fehler 106 :	Leere Werte sind nicht erlaubt. (Feld Name/Gesellschaft) Record: 107 Field: lastname
Fehler 107 :	Leere Werte sind nicht erlaubt. (Feld Name/Gesellschaft) Record: 108 Field: lastname
Fehler 108 :	Leere Werte sind nicht erlaubt. (Feld Name/Gesellschaft) Record: 109 Field: lastname
Fehler 109 :	Leere Werte sind nicht erlaubt. (Feld Name/Gesellschaft) Record: 110 Field: lastname
Fehler 110 :	Leere Werte sind nicht erlaubt. (Feld Name/Gesellschaft) Record: 111 Field: lastname
Fehler 111 :	Leere Werte sind nicht erlaubt. (Feld Name/Gesellschaft) Record: 112 Field: lastname
Fehler 112 :	Leere Werte sind nicht erlaubt. (Feld Name/Gesellschaft) Record: 113 Field: lastname
Fehler 113 :	Leere Werte sind nicht erlaubt. (Feld Name/Gesellschaft) Record: 114 Field: lastname
Fehler 114 :	Leere Werte sind nicht erlaubt. (Feld Name/Gesellschaft) Record: 115 Field: lastname
Fehler 115 :	Leere Werte sind nicht erlaubt. (Feld Name/Gesellschaft) Record: 116 Field: lastname
Fehler 116 :	Leere Werte sind nicht erlaubt. (Feld Name/Gesellschaft) Record: 117 Field: lastname
Fehler 117 :	Leere Werte sind nicht erlaubt. (Feld Name/Gesellschaft) Record: 118 Field: lastname
Fehler 118 :	Leere Werte sind nicht erlaubt. (Feld Name/Gesellschaft) Record: 119 Field: lastname
Fehler 119 :	Leere Werte sind nicht erlaubt. (Feld Name/Gesellschaft) Record: 120 Field: lastname
Fehler 120 :	Leere Werte sind nicht erlaubt. (Feld Name/Gesellschaft) Record: 121 Field: lastname
Fehler 121 :	Leere Werte sind nicht erlaubt. (Feld Name/Gesellschaft) Record: 122 Field: lastname
Fehler 122 :	Leere Werte sind nicht erlaubt. (Feld Name/Gesellschaft) Record: 123 Field: lastname
Fehler 123 :	Leere Werte sind nicht erlaubt. (Feld Name/Gesellschaft) Record: 124 Field: lastname
Fehler 124 :	Leere Werte sind nicht erlaubt. (Feld Name/Gesellschaft) Record: 125 Field: lastname
Fehler 125 :	Leere Werte sind nicht erlaubt. (Feld Name/Gesellschaft) Record: 126 Field: lastname
Fehler 126 :	Leere Werte sind nicht erlaubt. (Feld Name/Gesellschaft) Record: 127 Field: lastname
Fehler 127 :	Leere Werte sind nicht erlaubt. (Feld Name/Gesellschaft) Record: 128 Field: lastname
Fehler 128 :	Leere Werte sind nicht erlaubt. (Feld Name/Gesellschaft) Record: 129 Field: lastname
Fehler 129 :	Leere Werte sind nicht erlaubt. (Feld Name/Gesellschaft) Record: 130 Field: lastname
Fehler 130 :	Leere Werte sind nicht erlaubt. (Feld Name/Gesellschaft) Record: 131 Field: lastname
Fehler 131 :	Leere Werte sind nicht erlaubt. (Feld Name/Gesellschaft) Record: 132 Field: lastname
Fehler 132 :	Leere Werte sind nicht erlaubt. (Feld Name/Gesellschaft) Record: 133 Field: lastname
Fehler 133 :	Leere Werte sind nicht erlaubt. (Feld Name/Gesellschaft) Record: 134 Field: lastname
Fehler 134 :	Leere Werte sind nicht erlaubt. (Feld Name/Gesellschaft) Record: 135 Field: lastname
Fehler 135 :	Leere Werte sind nicht erlaubt. (Feld Name/Gesellschaft) Record: 136 Field: lastname
Fehler 136 :	Leere Werte sind nicht erlaubt. (Feld Name/Gesellschaft) Record: 137 Field: lastname
Fehler 137 :	Leere Werte sind nicht erlaubt. (Feld Name/Gesellschaft) Record: 138 Field: lastname
Fehler 138 :	Leere Werte sind nicht erlaubt. (Feld Name/Gesellschaft) Record: 139 Field: lastname
Fehler 139 :	Leere Werte sind nicht erlaubt. (Feld Name/Gesellschaft) Record: 140 Field: lastname
Fehler 140 :	Leere Werte sind nicht erlaubt. (Feld Name/Gesellschaft) Record: 141 Field: lastname
Fehler 141 :	Leere Werte sind nicht erlaubt. (Feld Name/Gesellschaft) Record: 142 Field: lastname
Fehler 142 :	Leere Werte sind nicht erlaubt. (Feld Name/Gesellschaft) Record: 143 Field: lastname
Fehler 143 :	Leere Werte sind nicht erlaubt. (Feld Name/Gesellschaft) Record: 144 Field: lastname
Fehler 144 :	Leere Werte sind nicht erlaubt. (Feld Name/Gesellschaft) Record: 145 Field: lastname
Fehler 145 :	Leere Werte sind nicht erlaubt. (Feld Name/Gesellschaft) Record: 146 Field: lastname
Fehler 146 :	Leere Werte sind nicht erlaubt. (Feld Name/Gesellschaft) Record: 147 Field: lastname
Fehler 147 :	Leere Werte sind nicht erlaubt. (Feld Name/Gesellschaft) Record: 148 Field: lastname
Fehler 148 :	Leere Werte sind nicht erlaubt. (Feld Name/Gesellschaft) Record: 149 Field: lastname
Fehler 149 :	Leere Werte sind nicht erlaubt. (Feld Name/Gesellschaft) Record: 150 Field: lastname
Fehler 150 :	Leere Werte sind nicht erlaubt. (Feld Name/Gesellschaft) Record: 151 Field: lastname
Fehler 151 :	Leere Werte sind nicht erlaubt. (Feld Name/Gesellschaft) Record: 152 Field: lastname
Fehler 152 :	Leere Werte sind nicht erlaubt. (Feld Name/Gesellschaft) Record: 153 Field: lastname
Fehler 153 :	Leere Werte sind nicht erlaubt. (Feld Name/Gesellschaft) Record: 154 Field: lastname
Fehler 154 :	Leere Werte sind nicht erlaubt. (Feld Name/Gesellschaft) Record: 155 Field: lastname
Fehler 155 :	Leere Werte sind nicht erlaubt. (Feld Name/Gesellschaft) Record: 156 Field: lastname
Fehler 156 :	Leere Werte sind nicht erlaubt. (Feld Name/Gesellschaft) Record: 157 Field: lastname
Fehler 157 :	Leere Werte sind nicht erlaubt. (Feld Name/Gesellschaft) Record: 158 Field: lastname
Fehler 158 :	Leere Werte sind nicht erlaubt. (Feld Name/Gesellschaft) Record: 159 Field: lastname
Fehler 159 :	Leere Werte sind nicht erlaubt. (Feld Name/Gesellschaft) Record: 160 Field: lastname
Fehler 160 :	Leere Werte sind nicht erlaubt. (Feld Name/Gesellschaft) Record: 161 Field: lastname
Fehler 161 :	Leere Werte sind nicht erlaubt. (Feld Name/Gesellschaft) Record: 162 Field: lastname
Fehler 162 :	Leere Werte sind nicht erlaubt. (Feld Name/Gesellschaft) Record: 163 Field: lastname
Fehler 163 :	Leere Werte sind nicht erlaubt. (Feld Name/Gesellschaft) Record: 164 Field: lastname
Fehler 164 :	Leere Werte sind nicht erlaubt. (Feld Name/Gesellschaft) Record: 165 Field: lastname
Fehler 165 :	Leere Werte sind nicht erlaubt. (Feld Name/Gesellschaft) Record: 166 Field: lastname
Fehler 166 :	Leere Werte sind nicht erlaubt. (Feld Name/Gesellschaft) Record: 167 Field: lastname
Fehler 167 :	Leere Werte sind nicht erlaubt. (Feld Name/Gesellschaft) Record: 168 Field: lastname
Fehler 168 :	Leere Werte sind nicht erlaubt. (Feld Name/Gesellschaft) Record: 169 Field: lastname
Fehler 169 :	Leere Werte sind nicht erlaubt. (Feld Name/Gesellschaft) Record: 170 Field: lastname
Fehler 170 :	Leere Werte sind nicht erlaubt. (Feld Name/Gesellschaft) Record: 171 Field: lastname
Fehler 171 :	Leere Werte sind nicht erlaubt. (Feld Name/Gesellschaft) Record: 172 Field: lastname
Fehler 172 :	Leere Werte sind nicht erlaubt. (Feld Name/Gesellschaft) Record: 173 Field: lastname
Fehler 173 :	Leere Werte sind nicht erlaubt. (Feld Name/Gesellschaft) Record: 174 Field: lastname
Fehler 174 :	Leere Werte sind nicht erlaubt. (Feld Name/Gesellschaft) Record: 175 Field: lastname
Fehler 175 :	Leere Werte sind nicht erlaubt. (Feld Name/Gesellschaft) Record: 176 Field: lastname
Fehler 176 :	Leere Werte sind nicht erlaubt. (Feld Name/Gesellschaft) Record: 177 Field: lastname
Fehler 177 :	Leere Werte sind nicht erlaubt. (Feld Name/Gesellschaft) Record: 178 Field: lastname
Fehler 178 :	Leere Werte sind nicht erlaubt. (Feld Name/Gesellschaft) Record: 179 Field: lastname
Fehler 179 :	Leere Werte sind nicht erlaubt. (Feld Name/Gesellschaft) Record: 180 Field: lastname
Fehler 180 :	Leere Werte sind nicht erlaubt. (Feld Name/Gesellschaft) Record: 181 Field: lastname
Fehler 181 :	Leere Werte sind nicht erlaubt. (Feld Name/Gesellschaft) Record: 182 Field: lastname
Fehler 182 :	Leere Werte sind nicht erlaubt. (Feld Name/Gesellschaft) Record: 183 Field: lastname
Fehler 183 :	Leere Werte sind nicht erlaubt. (Feld Name/Gesellschaft) Record: 184 Field: lastname
Fehler 184 :	Leere Werte sind nicht erlaubt. (Feld Name/Gesellschaft) Record: 185 Field: lastname
Fehler 185 :	Leere Werte sind nicht erlaubt. (Feld Name/Gesellschaft) Record: 186 Field: lastname
Fehler 186 :	Leere Werte sind nicht erlaubt. (Feld Name/Gesellschaft) Record: 187 Field: lastname
Fehler 187 :	Leere Werte sind nicht erlaubt. (Feld Name/Gesellschaft) Record: 188 Field: lastname
Import gestartet:
	01.03.2017 15:32:38
####################
# Quelle:          #
####################
	Datei:Adressen DWH bearbeitet Gesellschaften.csv

####################
# Ziel             #
####################
	Kundennummer: 2027416
	Gesellschaft: Test Kontaktimport
	Benutzername: dirk.kohnen@scopevisio.com

####################
# Einstellungen    #
####################
Art der importierten Daten:

	Kontakte
Duplikatserkannung durch:
	Vorsystem-ID
Verhalten bei Duplikaten:
	Auffüllen
####################
# Ergebnis:         #
####################
Anzahl Importierter Kontakte:	188
Anzahl aktuallisierten Kontakte:	0
Anzahl Fehler:	0
