Import gestartet:
	13.02.2017 08:13:04
####################
# Quelle:          #
####################
	Datei:U0000001.001_20170113100503.csv

####################
# Ziel             #
####################
	Kundennummer: 2028436
	Gesellschaft: Progros Testimport
	Benutzername: dirk.kohnen@scopevisio.com

####################
# Einstellungen    #
####################
Art der importierten Daten: Allgemeine Informationen
####################
# Ergebnis:         #
####################
Import gestartet:
	13.02.2017 08:19:09
####################
# Quelle:          #
####################
	Datei:U0000001.001_20170113100503.csv

####################
# Ziel             #
####################
	Kundennummer: 2028436
	Gesellschaft: Progros Testimport
	Benutzername: dirk.kohnen@scopevisio.com

####################
# Einstellungen    #
####################
Art der importierten Daten: Allgemeine Informationen
####################
# Ergebnis:         #
####################
