Import gestartet:
	01.03.2017 15:38:55
####################
# Quelle:          #
####################
	Datei:Adressen DWH bearbeitet Gesellschaften.csv

####################
# Ziel             #
####################
	Kundennummer: 2027416
	Gesellschaft: Test Kontaktimport
	Benutzername: dirk.kohnen@scopevisio.com

####################
# Einstellungen    #
####################
Art der importierten Daten:

	Kontakte
Duplikatserkannung durch:
	Vorsystem-ID
Verhalten bei Duplikaten:
	Auffüllen
####################
# Ergebnis:         #
####################
Anzahl Importierter Kontakte:	188
Anzahl aktuallisierten Kontakte:	0
Anzahl Fehler:	0
