Import gestartet:
	11.04.2017 11:34:06
####################
# Quelle:          #
####################
	Datei:U0000001.001_20170113100503.csv

####################
# Ziel             #
####################
	Kundennummer: 2026692
	Gesellschaft: Datenmigration Test
	Benutzername: dirk.kohnen@scopevisio.com

####################
# Einstellungen    #
####################
Art der importierten Daten:

	Kontakte
Duplikatserkannung durch:
	Vorsystem-ID
Verhalten bei Duplikaten:
	Auffüllen
####################
# Ergebnis:         #
####################
Anzahl Importierter Kontakte:	650
Anzahl aktuallisierten Kontakte:	0
Anzahl Fehler:	0
Import gestartet:
	11.04.2017 11:38:01
####################
# Quelle:          #
####################
	Datei:U0000001.001_20170113100503.csv

####################
# Ziel             #
####################
	Kundennummer: 2026692
	Gesellschaft: Datenmigration Test
	Benutzername: dirk.kohnen@scopevisio.com

####################
# Einstellungen    #
####################
Art der importierten Daten: Allgemeine Informationen
####################
# Ergebnis:         #
####################
Import gestartet:
	11.04.2017 11:51:03
####################
# Quelle:          #
####################
	Datei:U0000001.001_20170113100503.Plus.csv

####################
# Ziel             #
####################
	Kundennummer: 2026692
	Gesellschaft: Datenmigration Test
	Benutzername: dirk.kohnen@scopevisio.com

####################
# Einstellungen    #
####################
Art der importierten Daten: Allgemeine Informationen
